<?xml version="1.0" encoding="UTF-8"?>
<robot generator="Robot 7.4.1 (Python 3.13.5 on win32)" generated="2026-02-21T18:10:23.469153" rpa="false" schemaversion="5">
<suite id="s1" name="Scenario 1 Registration Login" source="D:\NGATWIPRO\CapstoneProject\Robot-Ride\tests\scenario_1_registration_login.robot">
<test id="s1-t1" name="User 1" line="12">
<kw name="Open Application" owner="base" type="SETUP">
<kw name="Create Directory" owner="OperatingSystem">
<msg time="2026-02-21T18:10:23.704540" level="INFO" html="true">Directory '&lt;a href="file://D:\NGATWIPRO\CapstoneProject\Robot-Ride\reports"&gt;D:\NGATWIPRO\CapstoneProject\Robot-Ride\reports&lt;/a&gt;' already exists.</msg>
<arg>${EXECDIR}${/}reports</arg>
<doc>Creates the specified directory.</doc>
<status status="PASS" start="2026-02-21T18:10:23.704359" elapsed="0.000236"/>
</kw>
<kw name="Set Screenshot Directory" owner="SeleniumLibrary">
<arg>${EXECDIR}${/}reports</arg>
<doc>Sets the directory for captured screenshots.</doc>
<status status="PASS" start="2026-02-21T18:10:23.704709" elapsed="0.000170"/>
</kw>
<kw name="Resolve Browser Name" owner="base">
<kw name="Evaluate" owner="BuiltIn">
<msg time="2026-02-21T18:10:23.705560" level="INFO">${name} = chrome</msg>
<var>${name}</var>
<arg>str("${browser}").strip().lower()</arg>
<doc>Evaluates the given expression in Python and returns the result.</doc>
<status status="PASS" start="2026-02-21T18:10:23.705268" elapsed="0.000317"/>
</kw>
<if>
<branch type="IF" condition="'${name}' == 'msedge' or '${name}' == 'microsoftedge'">
<kw name="Set Variable" owner="BuiltIn">
<var>${name}</var>
<arg>edge</arg>
<doc>Returns the given values which can then be assigned to a variables.</doc>
<status status="NOT RUN" start="2026-02-21T18:10:23.705801" elapsed="0.000019"/>
</kw>
<status status="NOT RUN" start="2026-02-21T18:10:23.705657" elapsed="0.000192"/>
</branch>
<status status="PASS" start="2026-02-21T18:10:23.705637" elapsed="0.000241"/>
</if>
<kw name="Run Keyword And Return Status" owner="BuiltIn">
<kw name="Should Match Regexp" owner="BuiltIn">
<arg>${name}</arg>
<arg>^(chrome|firefox|edge)$</arg>
<doc>Fails if ``string`` does not match ``pattern`` as a regular expression.</doc>
<status status="PASS" start="2026-02-21T18:10:23.706159" elapsed="0.000218"/>
</kw>
<msg time="2026-02-21T18:10:23.706468" level="INFO">${supported} = True</msg>
<var>${supported}</var>
<arg>Should Match Regexp</arg>
<arg>${name}</arg>
<arg>^(chrome|firefox|edge)$</arg>
<doc>Runs the specified keyword and returns the status as a Boolean value.</doc>
<status status="PASS" start="2026-02-21T18:10:23.705960" elapsed="0.000527"/>
</kw>
<if>
<branch type="IF" condition="not ${supported}">
<kw name="Fail" owner="BuiltIn">
<arg>Unsupported browser '${browser}'. Use chrome, firefox, or edge.</arg>
<doc>Fails the test with the given message and optionally alters its tags.</doc>
<status status="NOT RUN" start="2026-02-21T18:10:23.706657" elapsed="0.000017"/>
</kw>
<status status="NOT RUN" start="2026-02-21T18:10:23.706544" elapsed="0.000153"/>
</branch>
<status status="PASS" start="2026-02-21T18:10:23.706529" elapsed="0.000192"/>
</if>
<return>
<value>${name}</value>
<status status="PASS" start="2026-02-21T18:10:23.706747" elapsed="0.000036"/>
</return>
<msg time="2026-02-21T18:10:23.706869" level="INFO">${resolved_browser} = chrome</msg>
<var>${resolved_browser}</var>
<arg>${browser}</arg>
<status status="PASS" start="2026-02-21T18:10:23.705073" elapsed="0.001813"/>
</kw>
<kw name="Log Operation" owner="base">
<kw name="Log" owner="BuiltIn">
<msg time="2026-02-21T18:10:23.707288" level="INFO">[Browser] Launching tests on chrome</msg>
<arg>${message}</arg>
<doc>Logs the given message with the given level.</doc>
<status status="PASS" start="2026-02-21T18:10:23.707144" elapsed="0.000174"/>
</kw>
<arg>[Browser] Launching tests on ${resolved_browser}</arg>
<status status="PASS" start="2026-02-21T18:10:23.706982" elapsed="0.000376"/>
</kw>
<kw name="Open Browser" owner="SeleniumLibrary">
<msg time="2026-02-21T18:10:23.707556" level="INFO">Opening browser 'chrome' to base url 'https://tutorialsninja.com/demo/'.</msg>
<arg>${URL}</arg>
<arg>${resolved_browser}</arg>
<doc>Opens a new browser instance to the optional ``url``.</doc>
<status status="PASS" start="2026-02-21T18:10:23.707430" elapsed="1.543519"/>
</kw>
<kw name="Maximize Browser Window" owner="SeleniumLibrary">
<doc>Maximizes current browser window.</doc>
<status status="PASS" start="2026-02-21T18:10:25.251120" elapsed="0.035819"/>
</kw>
<kw name="Set Selenium Timeout" owner="SeleniumLibrary">
<arg>${TIMEOUT}</arg>
<doc>Sets the timeout that is used by various keywords.</doc>
<status status="PASS" start="2026-02-21T18:10:25.287189" elapsed="0.001568"/>
</kw>
<kw name="Register Keyword To Run On Failure" owner="SeleniumLibrary">
<msg time="2026-02-21T18:10:25.289034" level="INFO">No keyword will be run on failure.</msg>
<arg>NONE</arg>
<doc>Sets the keyword to execute, when a SeleniumLibrary keyword fails.</doc>
<status status="PASS" start="2026-02-21T18:10:25.288903" elapsed="0.000167"/>
</kw>
<status status="PASS" start="2026-02-21T18:10:23.703798" elapsed="1.585324"/>
</kw>
<kw name="Scenario 1 Registration And Login">
<kw name="Login User With Shared Registration" owner="account_keywords">
<kw name="Ensure Shared User Pool Exists" owner="account_keywords">
<kw name="Run Keyword And Return Status" owner="BuiltIn">
<kw name="Variable Should Exist" owner="BuiltIn">
<msg time="2026-02-21T18:10:25.292060" level="FAIL">Variable '${SHARED_USER_EMAILS}' does not exist.</msg>
<arg>${SHARED_USER_EMAILS}</arg>
<doc>Fails unless the given variable exists within the current scope.</doc>
<status status="FAIL" start="2026-02-21T18:10:25.290851" elapsed="0.001457">Variable '${SHARED_USER_EMAILS}' does not exist.</status>
</kw>
<msg time="2026-02-21T18:10:25.292538" level="INFO">${has_shared_emails} = False</msg>
<var>${has_shared_emails}</var>
<arg>Variable Should Exist</arg>
<arg>${SHARED_USER_EMAILS}</arg>
<doc>Runs the specified keyword and returns the status as a Boolean value.</doc>
<status status="PASS" start="2026-02-21T18:10:25.290445" elapsed="0.002118"/>
</kw>
<kw name="Run Keyword And Return Status" owner="BuiltIn">
<kw name="Variable Should Exist" owner="BuiltIn">
<msg time="2026-02-21T18:10:25.293940" level="FAIL">Variable '${SHARED_USER_PASSWORDS}' does not exist.</msg>
<arg>${SHARED_USER_PASSWORDS}</arg>
<doc>Fails unless the given variable exists within the current scope.</doc>
<status status="FAIL" start="2026-02-21T18:10:25.293018" elapsed="0.001007">Variable '${SHARED_USER_PASSWORDS}' does not exist.</status>
</kw>
<msg time="2026-02-21T18:10:25.294110" level="INFO">${has_shared_passwords} = False</msg>
<var>${has_shared_passwords}</var>
<arg>Variable Should Exist</arg>
<arg>${SHARED_USER_PASSWORDS}</arg>
<doc>Runs the specified keyword and returns the status as a Boolean value.</doc>
<status status="PASS" start="2026-02-21T18:10:25.292709" elapsed="0.001419"/>
</kw>
<if>
<branch type="IF" condition="${has_shared_emails} and ${has_shared_passwords}">
<return>
<status status="NOT RUN" start="2026-02-21T18:10:25.294329" elapsed="0.000021"/>
</return>
<status status="NOT RUN" start="2026-02-21T18:10:25.294198" elapsed="0.000180"/>
</branch>
<status status="PASS" start="2026-02-21T18:10:25.294179" elapsed="0.000223"/>
</if>
<kw name="Prepare Shared Users For Full Run" owner="account_keywords">
<kw name="Evaluate" owner="BuiltIn">
<msg time="2026-02-21T18:10:25.295064" level="INFO">${run_id} = 20260221181025</msg>
<var>${run_id}</var>
<arg>datetime.datetime.now().strftime("%Y%m%d%H%M%S")</arg>
<arg>modules=datetime</arg>
<doc>Evaluates the given expression in Python and returns the result.</doc>
<status status="PASS" start="2026-02-21T18:10:25.294779" elapsed="0.000307"/>
</kw>
<kw name="Log Operation" owner="base">
<kw name="Log" owner="BuiltIn">
<msg time="2026-02-21T18:10:25.295524" level="INFO">[Setup] Initializing dynamic shared user pool for run 20260221181025</msg>
<arg>${message}</arg>
<doc>Logs the given message with the given level.</doc>
<status status="PASS" start="2026-02-21T18:10:25.295370" elapsed="0.000343"/>
</kw>
<arg>[Setup] Initializing dynamic shared user pool for run ${run_id}</arg>
<status status="PASS" start="2026-02-21T18:10:25.295189" elapsed="0.000581"/>
</kw>
<kw name="Create List" owner="BuiltIn">
<msg time="2026-02-21T18:10:25.296010" level="INFO">${emails} = []</msg>
<var>${emails}</var>
<doc>Returns a list containing given items.</doc>
<status status="PASS" start="2026-02-21T18:10:25.295851" elapsed="0.000179"/>
</kw>
<kw name="Create List" owner="BuiltIn">
<msg time="2026-02-21T18:10:25.296240" level="INFO">${passwords} = []</msg>
<var>${passwords}</var>
<doc>Returns a list containing given items.</doc>
<status status="PASS" start="2026-02-21T18:10:25.296103" elapsed="0.000156"/>
</kw>
<kw name="Set Global Variable" owner="BuiltIn">
<msg time="2026-02-21T18:10:25.297044" level="INFO">${SHARED_USER_EMAILS} = []</msg>
<arg>${SHARED_USER_EMAILS}</arg>
<arg>${emails}</arg>
<doc>Makes a variable available globally in all tests and suites.</doc>
<status status="PASS" start="2026-02-21T18:10:25.296331" elapsed="0.000771"/>
</kw>
<kw name="Set Global Variable" owner="BuiltIn">
<msg time="2026-02-21T18:10:25.297891" level="INFO">${SHARED_USER_PASSWORDS} = []</msg>
<arg>${SHARED_USER_PASSWORDS}</arg>
<arg>${passwords}</arg>
<doc>Makes a variable available globally in all tests and suites.</doc>
<status status="PASS" start="2026-02-21T18:10:25.297223" elapsed="0.000706"/>
</kw>
<kw name="Set Global Variable" owner="BuiltIn">
<msg time="2026-02-21T18:10:25.299216" level="INFO">${SHARED_RUN_ID} = 20260221181025</msg>
<arg>${SHARED_RUN_ID}</arg>
<arg>${run_id}</arg>
<doc>Makes a variable available globally in all tests and suites.</doc>
<status status="PASS" start="2026-02-21T18:10:25.298037" elapsed="0.001470"/>
</kw>
<status status="PASS" start="2026-02-21T18:10:25.294517" elapsed="0.005386"/>
</kw>
<status status="PASS" start="2026-02-21T18:10:25.290252" elapsed="0.009746"/>
</kw>
<kw name="Get Current Scenario User Index" owner="account_keywords">
<kw name="Evaluate" owner="BuiltIn">
<msg time="2026-02-21T18:10:25.301722" level="INFO">${index} = 0</msg>
<var>${index}</var>
<arg>int(re.search(r'(\\d+)$', """${TEST NAME}""").group(1)) - 1</arg>
<arg>modules=re</arg>
<doc>Evaluates the given expression in Python and returns the result.</doc>
<status status="PASS" start="2026-02-21T18:10:25.301120" elapsed="0.000632"/>
</kw>
<return>
<value>${index}</value>
<status status="PASS" start="2026-02-21T18:10:25.301814" elapsed="0.000044"/>
</return>
<msg time="2026-02-21T18:10:25.301957" level="INFO">${user_index} = 0</msg>
<var>${user_index}</var>
<status status="PASS" start="2026-02-21T18:10:25.300565" elapsed="0.001411"/>
</kw>
<kw name="Ensure Shared User Pool Has Index" owner="account_keywords">
<kw name="Get Length" owner="BuiltIn">
<msg time="2026-02-21T18:10:25.302722" level="INFO">Length is 0.</msg>
<msg time="2026-02-21T18:10:25.302780" level="INFO">${current_count} = 0</msg>
<var>${current_count}</var>
<arg>${SHARED_USER_EMAILS}</arg>
<doc>Returns and logs the length of the given item as an integer.</doc>
<status status="PASS" start="2026-02-21T18:10:25.302422" elapsed="0.000376"/>
</kw>
<kw name="Evaluate" owner="BuiltIn">
<msg time="2026-02-21T18:10:25.303152" level="INFO">${needed_count} = 1</msg>
<var>${needed_count}</var>
<arg>${target_index} + 1</arg>
<doc>Evaluates the given expression in Python and returns the result.</doc>
<status status="PASS" start="2026-02-21T18:10:25.302893" elapsed="0.000278"/>
</kw>
<if>
<branch type="IF" condition="${current_count} &gt;= ${needed_count}">
<return>
<status status="NOT RUN" start="2026-02-21T18:10:25.303327" elapsed="0.000016"/>
</return>
<status status="NOT RUN" start="2026-02-21T18:10:25.303234" elapsed="0.000133"/>
</branch>
<status status="PASS" start="2026-02-21T18:10:25.303217" elapsed="0.000171"/>
</if>
<kw name="Evaluate" owner="BuiltIn">
<msg time="2026-02-21T18:10:25.303656" level="INFO">${next_needed} = 1</msg>
<var>${next_needed}</var>
<arg>${current_count} + 1</arg>
<doc>Evaluates the given expression in Python and returns the result.</doc>
<status status="PASS" start="2026-02-21T18:10:25.303453" elapsed="0.000225"/>
</kw>
<if>
<branch type="IF" condition="${needed_count} != ${next_needed}">
<kw name="Fail" owner="BuiltIn">
<arg>Shared user creation must follow CSV order. Expected user index ${next_needed - 1}, got ${target_index}.</arg>
<doc>Fails the test with the given message and optionally alters its tags.</doc>
<status status="NOT RUN" start="2026-02-21T18:10:25.303862" elapsed="0.000019"/>
</kw>
<status status="NOT RUN" start="2026-02-21T18:10:25.303737" elapsed="0.000170"/>
</branch>
<status status="PASS" start="2026-02-21T18:10:25.303724" elapsed="0.000206"/>
</if>
<kw name="Evaluate" owner="BuiltIn">
<msg time="2026-02-21T18:10:25.304170" level="INFO">${user_number} = 1</msg>
<var>${user_number}</var>
<arg>${target_index} + 1</arg>
<doc>Evaluates the given expression in Python and returns the result.</doc>
<status status="PASS" start="2026-02-21T18:10:25.303984" elapsed="0.000206"/>
</kw>
<kw name="Set Variable" owner="BuiltIn">
<msg time="2026-02-21T18:10:25.304542" level="INFO">${email} = qa_user1_20260221181025@example.com</msg>
<var>${email}</var>
<arg>qa_user${user_number}_${SHARED_RUN_ID}@example.com</arg>
<doc>Returns the given values which can then be assigned to a variables.</doc>
<status status="PASS" start="2026-02-21T18:10:25.304284" elapsed="0.000288"/>
</kw>
<kw name="Register New User And Return Credentials" owner="account_keywords">
<if>
<branch type="IF" condition="$email is None">
<kw name="Evaluate" owner="BuiltIn">
<var>${email}</var>
<arg>f"qa_{int(time.time()*1000)}@example.com"</arg>
<arg>modules=time</arg>
<doc>Evaluates the given expression in Python and returns the result.</doc>
<status status="NOT RUN" start="2026-02-21T18:10:25.306031" elapsed="0.000058"/>
</kw>
<status status="NOT RUN" start="2026-02-21T18:10:25.305687" elapsed="0.000564"/>
</branch>
<status status="PASS" start="2026-02-21T18:10:25.305649" elapsed="0.000652"/>
</if>
<kw name="Log Operation" owner="base">
<kw name="Log" owner="BuiltIn">
<msg time="2026-02-21T18:10:25.307392" level="INFO">[Registration] Creating user Arimardan Singh with qa_user1_20260221181025@example.com</msg>
<arg>${message}</arg>
<doc>Logs the given message with the given level.</doc>
<status status="PASS" start="2026-02-21T18:10:25.306887" elapsed="0.000612"/>
</kw>
<arg>[Registration] Creating user ${firstname} ${lastname} with ${email}</arg>
<status status="PASS" start="2026-02-21T18:10:25.306485" elapsed="0.001116"/>
</kw>
<kw name="Open Register Page" owner="account_page">
<kw name="Go To" owner="SeleniumLibrary">
<msg time="2026-02-21T18:10:25.309123" level="INFO">Opening url 'https://tutorialsninja.com/demo/index.php?route=account/register'</msg>
<arg>${REGISTER_PAGE_URL}</arg>
<doc>Navigates the current browser window to the provided ``url``.</doc>
<status status="PASS" start="2026-02-21T18:10:25.308713" elapsed="0.298441"/>
</kw>
<kw name="Log Operation" owner="base">
<kw name="Log" owner="BuiltIn">
<msg time="2026-02-21T18:10:25.608063" level="INFO">[Assert] Register page should be visible</msg>
<arg>${message}</arg>
<doc>Logs the given message with the given level.</doc>
<status status="PASS" start="2026-02-21T18:10:25.607808" elapsed="0.000298"/>
</kw>
<arg>[Assert] Register page should be visible</arg>
<status status="PASS" start="2026-02-21T18:10:25.607405" elapsed="0.000756"/>
</kw>
<kw name="Assert Register Page Is Visible" owner="account_page">
<kw name="Wait Until Location Contains" owner="SeleniumLibrary">
<arg>route=account/register</arg>
<arg>10s</arg>
<arg>Register page did not open.</arg>
<doc>Waits until the current URL contains ``expected``.</doc>
<status status="PASS" start="2026-02-21T18:10:25.608430" elapsed="0.009093"/>
</kw>
<kw name="Wait Until Element Is Visible" owner="SeleniumLibrary">
<arg>${FIRSTNAME_FIELD}</arg>
<arg>10s</arg>
<arg>First name field is not visible on Register page.</arg>
<doc>Waits until the element ``locator`` is visible.</doc>
<status status="PASS" start="2026-02-21T18:10:25.617833" elapsed="0.026411"/>
</kw>
<kw name="Wait Until Element Is Visible" owner="SeleniumLibrary">
<arg>${EMAIL_FIELD}</arg>
<arg>10s</arg>
<arg>E-mail field is not visible on Register page.</arg>
<doc>Waits until the element ``locator`` is visible.</doc>
<status status="PASS" start="2026-02-21T18:10:25.644419" elapsed="0.017655"/>
</kw>
<status status="PASS" start="2026-02-21T18:10:25.608266" elapsed="0.053914"/>
</kw>
<status status="PASS" start="2026-02-21T18:10:25.307798" elapsed="0.354423"/>
</kw>
<kw name="Submit Registration Form" owner="account_page">
<kw name="Input Text Safe" owner="base">
<kw name="Wait Until Element Is Visible" owner="SeleniumLibrary">
<arg>${locator}</arg>
<doc>Waits until the element ``locator`` is visible.</doc>
<status status="PASS" start="2026-02-21T18:10:25.663474" elapsed="0.014554"/>
</kw>
<kw name="Input Text" owner="SeleniumLibrary">
<msg time="2026-02-21T18:10:25.678425" level="INFO">Typing text 'Arimardan' into text field 'id=input-firstname'.</msg>
<arg>${locator}</arg>
<arg>${text}</arg>
<doc>Types the given ``text`` into the text field identified by ``locator``.</doc>
<status status="PASS" start="2026-02-21T18:10:25.678202" elapsed="0.143425"/>
</kw>
<arg>${FIRSTNAME_FIELD}</arg>
<arg>${firstname}</arg>
<status status="PASS" start="2026-02-21T18:10:25.663059" elapsed="0.158679"/>
</kw>
<kw name="Input Text Safe" owner="base">
<kw name="Wait Until Element Is Visible" owner="SeleniumLibrary">
<arg>${locator}</arg>
<doc>Waits until the element ``locator`` is visible.</doc>
<status status="PASS" start="2026-02-21T18:10:25.822243" elapsed="0.022620"/>
</kw>
<kw name="Input Text" owner="SeleniumLibrary">
<msg time="2026-02-21T18:10:25.845684" level="INFO">Typing text 'Singh' into text field 'id=input-lastname'.</msg>
<arg>${locator}</arg>
<arg>${text}</arg>
<doc>Types the given ``text`` into the text field identified by ``locator``.</doc>
<status status="PASS" start="2026-02-21T18:10:25.845360" elapsed="0.096931"/>
</kw>
<arg>${LASTNAME_FIELD}</arg>
<arg>${lastname}</arg>
<status status="PASS" start="2026-02-21T18:10:25.821919" elapsed="0.120521"/>
</kw>
<kw name="Input Text Safe" owner="base">
<kw name="Wait Until Element Is Visible" owner="SeleniumLibrary">
<arg>${locator}</arg>
<doc>Waits until the element ``locator`` is visible.</doc>
<status status="PASS" start="2026-02-21T18:10:25.943077" elapsed="0.030977"/>
</kw>
<kw name="Input Text" owner="SeleniumLibrary">
<msg time="2026-02-21T18:10:25.974572" level="INFO">Typing text 'qa_user1_20260221181025@example.com' into text field 'id=input-email'.</msg>
<arg>${locator}</arg>
<arg>${text}</arg>
<doc>Types the given ``text`` into the text field identified by ``locator``.</doc>
<status status="PASS" start="2026-02-21T18:10:25.974282" elapsed="0.203071"/>
</kw>
<arg>${EMAIL_FIELD}</arg>
<arg>${email}</arg>
<status status="PASS" start="2026-02-21T18:10:25.942659" elapsed="0.235040"/>
</kw>
<kw name="Input Text Safe" owner="base">
<kw name="Wait Until Element Is Visible" owner="SeleniumLibrary">
<arg>${locator}</arg>
<doc>Waits until the element ``locator`` is visible.</doc>
<status status="PASS" start="2026-02-21T18:10:26.178595" elapsed="0.032716"/>
</kw>
<kw name="Input Text" owner="SeleniumLibrary">
<msg time="2026-02-21T18:10:26.212061" level="INFO">Typing text '9700000001' into text field 'id=input-telephone'.</msg>
<arg>${locator}</arg>
<arg>${text}</arg>
<doc>Types the given ``text`` into the text field identified by ``locator``.</doc>
<status status="PASS" start="2026-02-21T18:10:26.211527" elapsed="0.112617"/>
</kw>
<arg>${PHONE_FIELD}</arg>
<arg>${phone}</arg>
<status status="PASS" start="2026-02-21T18:10:26.178086" elapsed="0.146222"/>
</kw>
<kw name="Input Text Safe" owner="base">
<kw name="Wait Until Element Is Visible" owner="SeleniumLibrary">
<arg>${locator}</arg>
<doc>Waits until the element ``locator`` is visible.</doc>
<status status="PASS" start="2026-02-21T18:10:26.325158" elapsed="0.024861"/>
</kw>
<kw name="Input Text" owner="SeleniumLibrary">
<msg time="2026-02-21T18:10:26.350742" level="INFO">Typing text 'Password123' into text field 'id=input-password'.</msg>
<arg>${locator}</arg>
<arg>${text}</arg>
<doc>Types the given ``text`` into the text field identified by ``locator``.</doc>
<status status="PASS" start="2026-02-21T18:10:26.350361" elapsed="0.118162"/>
</kw>
<arg>${PASSWORD_FIELD}</arg>
<arg>${password}</arg>
<status status="PASS" start="2026-02-21T18:10:26.324557" elapsed="0.144104"/>
</kw>
<kw name="Input Text Safe" owner="base">
<kw name="Wait Until Element Is Visible" owner="SeleniumLibrary">
<arg>${locator}</arg>
<doc>Waits until the element ``locator`` is visible.</doc>
<status status="PASS" start="2026-02-21T18:10:26.469537" elapsed="0.022740"/>
</kw>
<kw name="Input Text" owner="SeleniumLibrary">
<msg time="2026-02-21T18:10:26.493522" level="INFO">Typing text 'Password123' into text field 'id=input-confirm'.</msg>
<arg>${locator}</arg>
<arg>${text}</arg>
<doc>Types the given ``text`` into the text field identified by ``locator``.</doc>
<status status="PASS" start="2026-02-21T18:10:26.492834" elapsed="0.059760"/>
</kw>
<arg>${CONFIRM_FIELD}</arg>
<arg>${password}</arg>
<status status="PASS" start="2026-02-21T18:10:26.468862" elapsed="0.083924"/>
</kw>
<kw name="Select Checkbox" owner="SeleniumLibrary">
<msg time="2026-02-21T18:10:26.553366" level="INFO">Selecting checkbox 'name=agree'.</msg>
<arg>${PRIVACY_POLICY_CHECKBOX}</arg>
<doc>Selects the checkbox identified by ``locator``.</doc>
<status status="PASS" start="2026-02-21T18:10:26.552992" elapsed="0.080013"/>
</kw>
<kw name="Click With Wait" owner="base">
<kw name="Wait Until Element Is Visible" owner="SeleniumLibrary">
<arg>${locator}</arg>
<doc>Waits until the element ``locator`` is visible.</doc>
<status status="PASS" start="2026-02-21T18:10:26.633694" elapsed="0.016034"/>
</kw>
<kw name="Wait Until Element Is Enabled" owner="SeleniumLibrary">
<arg>${locator}</arg>
<doc>Waits until the element ``locator`` is enabled.</doc>
<status status="PASS" start="2026-02-21T18:10:26.649954" elapsed="0.018305"/>
</kw>
<kw name="Click Element" owner="SeleniumLibrary">
<msg time="2026-02-21T18:10:26.668747" level="INFO">Clicking element 'xpath=//input[@value='Continue']'.</msg>
<arg>${locator}</arg>
<doc>Click the element identified by ``locator``.</doc>
<status status="PASS" start="2026-02-21T18:10:26.668478" elapsed="1.370691"/>
</kw>
<arg>${CONTINUE_BUTTON}</arg>
<status status="PASS" start="2026-02-21T18:10:26.633291" elapsed="1.405989"/>
</kw>
<kw name="Run Keyword And Return Status" owner="BuiltIn">
<kw name="Wait Until Location Contains" owner="SeleniumLibrary">
<arg>route=account/success</arg>
<arg>3s</arg>
<doc>Waits until the current URL contains ``expected``.</doc>
<status status="PASS" start="2026-02-21T18:10:28.039949" elapsed="0.005693"/>
</kw>
<msg time="2026-02-21T18:10:28.045775" level="INFO">${reached_success} = True</msg>
<var>${reached_success}</var>
<arg>Wait Until Location Contains</arg>
<arg>route=account/success</arg>
<arg>3s</arg>
<doc>Runs the specified keyword and returns the status as a Boolean value.</doc>
<status status="PASS" start="2026-02-21T18:10:28.039429" elapsed="0.006369"/>
</kw>
<if>
<branch type="IF" condition="not ${reached_success}">
<kw name="Run Keyword And Return Status" owner="BuiltIn">
<var>${register_form_still_visible}</var>
<arg>Wait Until Element Is Visible</arg>
<arg>${PRIVACY_POLICY_CHECKBOX}</arg>
<arg>2s</arg>
<doc>Runs the specified keyword and returns the status as a Boolean value.</doc>
<status status="NOT RUN" start="2026-02-21T18:10:28.046082" elapsed="0.000024"/>
</kw>
<if>
<branch type="IF" condition="${register_form_still_visible}">
<kw name="Log Operation" owner="base">
<arg>[Registration] First submit stayed on register page, retrying once</arg>
<status status="NOT RUN" start="2026-02-21T18:10:28.046307" elapsed="0.000022"/>
</kw>
<kw name="Select Checkbox" owner="SeleniumLibrary">
<arg>${PRIVACY_POLICY_CHECKBOX}</arg>
<doc>Selects the checkbox identified by ``locator``.</doc>
<status status="NOT RUN" start="2026-02-21T18:10:28.046467" elapsed="0.000019"/>
</kw>
<kw name="Click With Wait" owner="base">
<arg>${CONTINUE_BUTTON}</arg>
<status status="NOT RUN" start="2026-02-21T18:10:28.046575" elapsed="0.000019"/>
</kw>
<status status="NOT RUN" start="2026-02-21T18:10:28.046188" elapsed="0.000428"/>
</branch>
<status status="NOT RUN" start="2026-02-21T18:10:28.046173" elapsed="0.000471"/>
</if>
<status status="NOT RUN" start="2026-02-21T18:10:28.045889" elapsed="0.000772"/>
</branch>
<status status="PASS" start="2026-02-21T18:10:28.045867" elapsed="0.000812"/>
</if>
<arg>${firstname}</arg>
<arg>${lastname}</arg>
<arg>${email}</arg>
<arg>${phone}</arg>
<arg>${password}</arg>
<status status="PASS" start="2026-02-21T18:10:25.662441" elapsed="2.384275"/>
</kw>
<kw name="Registration Should Be Successful" owner="account_page">
<kw name="Log Operation" owner="base">
<kw name="Log" owner="BuiltIn">
<msg time="2026-02-21T18:10:28.047579" level="INFO">[Assert] Registration should be successful</msg>
<arg>${message}</arg>
<doc>Logs the given message with the given level.</doc>
<status status="PASS" start="2026-02-21T18:10:28.047294" elapsed="0.000326"/>
</kw>
<arg>[Assert] Registration should be successful</arg>
<status status="PASS" start="2026-02-21T18:10:28.047127" elapsed="0.000540"/>
</kw>
<kw name="Get Location" owner="SeleniumLibrary">
<msg time="2026-02-21T18:10:28.053581" level="INFO">${location} = https://tutorialsninja.com/demo/index.php?route=account/success</msg>
<var>${location}</var>
<doc>Returns the current browser window URL.</doc>
<status status="PASS" start="2026-02-21T18:10:28.047739" elapsed="0.005886"/>
</kw>
<kw name="Run Keyword And Return Status" owner="BuiltIn">
<kw name="Page Should Contain" owner="SeleniumLibrary">
<msg time="2026-02-21T18:10:28.069235" level="INFO">Current page contains text 'Your Account Has Been Created!'.</msg>
<arg>Your Account Has Been Created!</arg>
<doc>Verifies that current page contains ``text``.</doc>
<status status="PASS" start="2026-02-21T18:10:28.054089" elapsed="0.015230"/>
</kw>
<msg time="2026-02-21T18:10:28.069426" level="INFO">${has_success_text} = True</msg>
<var>${has_success_text}</var>
<arg>Page Should Contain</arg>
<arg>Your Account Has Been Created!</arg>
<doc>Runs the specified keyword and returns the status as a Boolean value.</doc>
<status status="PASS" start="2026-02-21T18:10:28.053779" elapsed="0.015666"/>
</kw>
<kw name="Run Keyword And Return Status" owner="BuiltIn">
<kw name="Should Contain" owner="BuiltIn">
<arg>${location}</arg>
<arg>route=account/success</arg>
<doc>Fails if ``container`` does not contain ``item`` one or more times.</doc>
<status status="PASS" start="2026-02-21T18:10:28.069827" elapsed="0.000473"/>
</kw>
<msg time="2026-02-21T18:10:28.070394" level="INFO">${at_success_url} = True</msg>
<var>${at_success_url}</var>
<arg>Should Contain</arg>
<arg>${location}</arg>
<arg>route=account/success</arg>
<doc>Runs the specified keyword and returns the status as a Boolean value.</doc>
<status status="PASS" start="2026-02-21T18:10:28.069571" elapsed="0.000844"/>
</kw>
<kw name="Run Keyword And Return Status" owner="BuiltIn">
<kw name="Page Should Contain" owner="SeleniumLibrary">
<msg time="2026-02-21T18:10:28.089707" level="FAIL">Page should have contained text 'Warning: E-Mail Address is already registered!' but did not.</msg>
<arg>Warning: E-Mail Address is already registered!</arg>
<doc>Verifies that current page contains ``text``.</doc>
<status status="FAIL" start="2026-02-21T18:10:28.070730" elapsed="0.020237">Page should have contained text 'Warning: E-Mail Address is already registered!' but did not.</status>
</kw>
<msg time="2026-02-21T18:10:28.091176" level="INFO">${email_exists_warning} = False</msg>
<var>${email_exists_warning}</var>
<arg>Page Should Contain</arg>
<arg>Warning: E-Mail Address is already registered!</arg>
<doc>Runs the specified keyword and returns the status as a Boolean value.</doc>
<status status="PASS" start="2026-02-21T18:10:28.070537" elapsed="0.020674"/>
</kw>
<kw name="Run Keyword And Return Status" owner="BuiltIn">
<kw name="Page Should Contain" owner="SeleniumLibrary">
<msg time="2026-02-21T18:10:28.110570" level="FAIL">Page should have contained text 'Warning: You must agree to the Privacy Policy!' but did not.</msg>
<arg>Warning: You must agree to the Privacy Policy!</arg>
<doc>Verifies that current page contains ``text``.</doc>
<status status="FAIL" start="2026-02-21T18:10:28.091603" elapsed="0.019587">Page should have contained text 'Warning: You must agree to the Privacy Policy!' but did not.</status>
</kw>
<msg time="2026-02-21T18:10:28.111321" level="INFO">${privacy_warning} = False</msg>
<var>${privacy_warning}</var>
<arg>Page Should Contain</arg>
<arg>Warning: You must agree to the Privacy Policy!</arg>
<doc>Runs the specified keyword and returns the status as a Boolean value.</doc>
<status status="PASS" start="2026-02-21T18:10:28.091345" elapsed="0.019998"/>
</kw>
<kw name="Run Keyword And Return Status" owner="BuiltIn">
<kw name="Element Should Be Visible" owner="SeleniumLibrary">
<msg time="2026-02-21T18:10:28.119396" level="FAIL">Element with locator 'css=.text-danger' not found.</msg>
<arg>css=.text-danger</arg>
<doc>Verifies that the element identified by ``locator`` is visible.</doc>
<status status="FAIL" start="2026-02-21T18:10:28.111722" elapsed="0.008972">Element with locator 'css=.text-danger' not found.</status>
</kw>
<msg time="2026-02-21T18:10:28.121026" level="INFO">${has_form_error} = False</msg>
<var>${has_form_error}</var>
<arg>Element Should Be Visible</arg>
<arg>css=.text-danger</arg>
<doc>Runs the specified keyword and returns the status as a Boolean value.</doc>
<status status="PASS" start="2026-02-21T18:10:28.111468" elapsed="0.009622"/>
</kw>
<kw name="Run Keyword If" owner="BuiltIn">
<arg>${email_exists_warning}</arg>
<arg>Fail</arg>
<arg>User not registered: e-mail already exists.</arg>
<doc>Runs the given keyword with the given arguments, if ``condition`` is true.</doc>
<status status="PASS" start="2026-02-21T18:10:28.121312" elapsed="0.000419"/>
</kw>
<kw name="Run Keyword If" owner="BuiltIn">
<arg>${privacy_warning}</arg>
<arg>Fail</arg>
<arg>User not registered: privacy policy agreement was not accepted.</arg>
<doc>Runs the given keyword with the given arguments, if ``condition`` is true.</doc>
<status status="PASS" start="2026-02-21T18:10:28.122013" elapsed="0.000257"/>
</kw>
<if>
<branch type="IF" condition="${has_form_error}">
<kw name="Get Text" owner="SeleniumLibrary">
<var>${error_text}</var>
<arg>css=.text-danger</arg>
<doc>Returns the text value of the element identified by ``locator``.</doc>
<status status="NOT RUN" start="2026-02-21T18:10:28.122652" elapsed="0.000025"/>
</kw>
<kw name="Fail" owner="BuiltIn">
<arg>User not registered: form validation error - ${error_text}</arg>
<doc>Fails the test with the given message and optionally alters its tags.</doc>
<status status="NOT RUN" start="2026-02-21T18:10:28.122750" elapsed="0.000018"/>
</kw>
<status status="NOT RUN" start="2026-02-21T18:10:28.122429" elapsed="0.000368"/>
</branch>
<status status="PASS" start="2026-02-21T18:10:28.122380" elapsed="0.000446"/>
</if>
<kw name="Run Keyword If" owner="BuiltIn">
<arg>not (${has_success_text} or ${at_success_url})</arg>
<arg>Fail</arg>
<arg>User not registered: registration success was not confirmed.</arg>
<doc>Runs the given keyword with the given arguments, if ``condition`` is true.</doc>
<status status="PASS" start="2026-02-21T18:10:28.122891" elapsed="0.000260"/>
</kw>
<status status="PASS" start="2026-02-21T18:10:28.046922" elapsed="0.076286"/>
</kw>
<return>
<value>${email}</value>
<value>${password}</value>
<status status="PASS" start="2026-02-21T18:10:28.123242" elapsed="0.000035"/>
</return>
<msg time="2026-02-21T18:10:28.123495" level="INFO">${email} = qa_user1_20260221181025@example.com</msg>
<msg time="2026-02-21T18:10:28.123525" level="INFO">${pwd} = Password123</msg>
<var>${email}</var>
<var>${pwd}</var>
<arg>${firstname}</arg>
<arg>${lastname}</arg>
<arg>${phone}</arg>
<arg>${password}</arg>
<arg>${email}</arg>
<status status="PASS" start="2026-02-21T18:10:25.305084" elapsed="2.818456"/>
</kw>
<kw name="Append To List" owner="Collections">
<arg>${SHARED_USER_EMAILS}</arg>
<arg>${email}</arg>
<doc>Adds ``values`` to the end of ``list``.</doc>
<status status="PASS" start="2026-02-21T18:10:28.123623" elapsed="0.000153"/>
</kw>
<kw name="Append To List" owner="Collections">
<arg>${SHARED_USER_PASSWORDS}</arg>
<arg>${pwd}</arg>
<doc>Adds ``values`` to the end of ``list``.</doc>
<status status="PASS" start="2026-02-21T18:10:28.123845" elapsed="0.000118"/>
</kw>
<kw name="Logout From Account" owner="account_page">
<kw name="Silence Failure Screenshots" owner="base">
<kw name="Register Keyword To Run On Failure" owner="SeleniumLibrary">
<msg time="2026-02-21T18:10:28.124596" level="INFO">No keyword will be run on failure.</msg>
<arg>NONE</arg>
<doc>Sets the keyword to execute, when a SeleniumLibrary keyword fails.</doc>
<status status="PASS" start="2026-02-21T18:10:28.124511" elapsed="0.000116"/>
</kw>
<status status="PASS" start="2026-02-21T18:10:28.124369" elapsed="0.000300"/>
</kw>
<kw name="Run Keyword And Return Status" owner="BuiltIn">
<kw name="Wait Until Element Is Visible" owner="SeleniumLibrary">
<arg>${MY_ACCOUNT_MENU}</arg>
<arg>3s</arg>
<doc>Waits until the element ``locator`` is visible.</doc>
<status status="PASS" start="2026-02-21T18:10:28.124918" elapsed="0.015371"/>
</kw>
<msg time="2026-02-21T18:10:28.140464" level="INFO">${menu_visible} = True</msg>
<var>${menu_visible}</var>
<arg>Wait Until Element Is Visible</arg>
<arg>${MY_ACCOUNT_MENU}</arg>
<arg>3s</arg>
<doc>Runs the specified keyword and returns the status as a Boolean value.</doc>
<status status="PASS" start="2026-02-21T18:10:28.124733" elapsed="0.015767"/>
</kw>
<kw name="Enable Failure Screenshots" owner="base">
<kw name="Register Keyword To Run On Failure" owner="SeleniumLibrary">
<msg time="2026-02-21T18:10:28.141084" level="INFO">No keyword will be run on failure.</msg>
<arg>NONE</arg>
<doc>Sets the keyword to execute, when a SeleniumLibrary keyword fails.</doc>
<status status="PASS" start="2026-02-21T18:10:28.140978" elapsed="0.000140"/>
</kw>
<status status="PASS" start="2026-02-21T18:10:28.140752" elapsed="0.000413"/>
</kw>
<if>
<branch type="IF" condition="${menu_visible}">
<kw name="Silence Failure Screenshots" owner="base">
<kw name="Register Keyword To Run On Failure" owner="SeleniumLibrary">
<msg time="2026-02-21T18:10:28.141669" level="INFO">No keyword will be run on failure.</msg>
<arg>NONE</arg>
<doc>Sets the keyword to execute, when a SeleniumLibrary keyword fails.</doc>
<status status="PASS" start="2026-02-21T18:10:28.141502" elapsed="0.000296"/>
</kw>
<status status="PASS" start="2026-02-21T18:10:28.141354" elapsed="0.000518"/>
</kw>
<kw name="Run Keyword And Return Status" owner="BuiltIn">
<kw name="Ensure Account Option Is Visible" owner="account_page">
<kw name="Silence Failure Screenshots" owner="base">
<kw name="Register Keyword To Run On Failure" owner="SeleniumLibrary">
<msg time="2026-02-21T18:10:28.143211" level="INFO">No keyword will be run on failure.</msg>
<arg>NONE</arg>
<doc>Sets the keyword to execute, when a SeleniumLibrary keyword fails.</doc>
<status status="PASS" start="2026-02-21T18:10:28.143077" elapsed="0.000190"/>
</kw>
<status status="PASS" start="2026-02-21T18:10:28.142870" elapsed="0.000474"/>
</kw>
<kw name="Run Keyword And Return Status" owner="BuiltIn">
<kw name="Element Should Be Visible" owner="SeleniumLibrary">
<msg time="2026-02-21T18:10:28.157482" level="FAIL">The element 'xpath=//ul[@class='dropdown-menu dropdown-menu-right']//a[text()='Logout']' should be visible, but it is not.</msg>
<arg>${option_locator}</arg>
<doc>Verifies that the element identified by ``locator`` is visible.</doc>
<status status="FAIL" start="2026-02-21T18:10:28.143843" elapsed="0.014391">The element 'xpath=//ul[@class='dropdown-menu dropdown-menu-right']//a[text()='Logout']' should be visible, but it is not.</status>
</kw>
<msg time="2026-02-21T18:10:28.158366" level="INFO">${option_visible} = False</msg>
<var>${option_visible}</var>
<arg>Element Should Be Visible</arg>
<arg>${option_locator}</arg>
<doc>Runs the specified keyword and returns the status as a Boolean value.</doc>
<status status="PASS" start="2026-02-21T18:10:28.143484" elapsed="0.014904"/>
</kw>
<kw name="Enable Failure Screenshots" owner="base">
<kw name="Register Keyword To Run On Failure" owner="SeleniumLibrary">
<msg time="2026-02-21T18:10:28.158836" level="INFO">No keyword will be run on failure.</msg>
<arg>NONE</arg>
<doc>Sets the keyword to execute, when a SeleniumLibrary keyword fails.</doc>
<status status="PASS" start="2026-02-21T18:10:28.158732" elapsed="0.000141"/>
</kw>
<status status="PASS" start="2026-02-21T18:10:28.158530" elapsed="0.000386"/>
</kw>
<if>
<branch type="IF" condition="not ${option_visible}">
<kw name="Click With Wait" owner="base">
<kw name="Wait Until Element Is Visible" owner="SeleniumLibrary">
<arg>${locator}</arg>
<doc>Waits until the element ``locator`` is visible.</doc>
<status status="PASS" start="2026-02-21T18:10:28.159328" elapsed="0.011705"/>
</kw>
<kw name="Wait Until Element Is Enabled" owner="SeleniumLibrary">
<arg>${locator}</arg>
<doc>Waits until the element ``locator`` is enabled.</doc>
<status status="PASS" start="2026-02-21T18:10:28.171188" elapsed="0.012651"/>
</kw>
<kw name="Click Element" owner="SeleniumLibrary">
<msg time="2026-02-21T18:10:28.184572" level="INFO">Clicking element 'xpath=//span[text()='My Account']'.</msg>
<arg>${locator}</arg>
<doc>Click the element identified by ``locator``.</doc>
<status status="PASS" start="2026-02-21T18:10:28.184235" elapsed="0.054359"/>
</kw>
<arg>${MY_ACCOUNT_MENU}</arg>
<status status="PASS" start="2026-02-21T18:10:28.159148" elapsed="0.079594"/>
</kw>
<kw name="Wait Until Element Is Visible" owner="SeleniumLibrary">
<arg>css=ul.dropdown-menu.dropdown-menu-right</arg>
<doc>Waits until the element ``locator`` is visible.</doc>
<status status="PASS" start="2026-02-21T18:10:28.239165" elapsed="0.017691"/>
</kw>
<kw name="Wait Until Element Is Visible" owner="SeleniumLibrary">
<arg>${option_locator}</arg>
<doc>Waits until the element ``locator`` is visible.</doc>
<status status="PASS" start="2026-02-21T18:10:28.257015" elapsed="0.008888"/>
</kw>
<kw name="Wait Until Element Is Enabled" owner="SeleniumLibrary">
<arg>${option_locator}</arg>
<doc>Waits until the element ``locator`` is enabled.</doc>
<status status="PASS" start="2026-02-21T18:10:28.266053" elapsed="0.013536"/>
</kw>
<status status="PASS" start="2026-02-21T18:10:28.158973" elapsed="0.120708"/>
</branch>
<status status="PASS" start="2026-02-21T18:10:28.158955" elapsed="0.120782"/>
</if>
<arg>${LOGOUT_LINK}</arg>
<status status="PASS" start="2026-02-21T18:10:28.142435" elapsed="0.137367"/>
</kw>
<msg time="2026-02-21T18:10:28.280014" level="INFO">${logout_visible} = True</msg>
<var>${logout_visible}</var>
<arg>Ensure Account Option Is Visible</arg>
<arg>${LOGOUT_LINK}</arg>
<doc>Runs the specified keyword and returns the status as a Boolean value.</doc>
<status status="PASS" start="2026-02-21T18:10:28.141983" elapsed="0.138055"/>
</kw>
<kw name="Enable Failure Screenshots" owner="base">
<kw name="Register Keyword To Run On Failure" owner="SeleniumLibrary">
<msg time="2026-02-21T18:10:28.280606" level="INFO">No keyword will be run on failure.</msg>
<arg>NONE</arg>
<doc>Sets the keyword to execute, when a SeleniumLibrary keyword fails.</doc>
<status status="PASS" start="2026-02-21T18:10:28.280392" elapsed="0.000286"/>
</kw>
<status status="PASS" start="2026-02-21T18:10:28.280184" elapsed="0.000602"/>
</kw>
<if>
<branch type="IF" condition="${logout_visible}">
<kw name="Run Keyword And Return Status" owner="BuiltIn">
<kw name="Click With Wait" owner="base">
<kw name="Wait Until Element Is Visible" owner="SeleniumLibrary">
<arg>${locator}</arg>
<doc>Waits until the element ``locator`` is visible.</doc>
<status status="PASS" start="2026-02-21T18:10:28.282501" elapsed="0.010214"/>
</kw>
<kw name="Wait Until Element Is Enabled" owner="SeleniumLibrary">
<arg>${locator}</arg>
<doc>Waits until the element ``locator`` is enabled.</doc>
<status status="PASS" start="2026-02-21T18:10:28.292985" elapsed="0.014666"/>
</kw>
<kw name="Click Element" owner="SeleniumLibrary">
<msg time="2026-02-21T18:10:28.307982" level="INFO">Clicking element 'xpath=//ul[@class='dropdown-menu dropdown-menu-right']//a[text()='Logout']'.</msg>
<arg>${locator}</arg>
<doc>Click the element identified by ``locator``.</doc>
<status status="PASS" start="2026-02-21T18:10:28.307801" elapsed="0.389913"/>
</kw>
<arg>${LOGOUT_LINK}</arg>
<status status="PASS" start="2026-02-21T18:10:28.282298" elapsed="0.415511"/>
</kw>
<msg time="2026-02-21T18:10:28.697901" level="INFO">${clicked_logout} = True</msg>
<var>${clicked_logout}</var>
<arg>Click With Wait</arg>
<arg>${LOGOUT_LINK}</arg>
<doc>Runs the specified keyword and returns the status as a Boolean value.</doc>
<status status="PASS" start="2026-02-21T18:10:28.281740" elapsed="0.416184"/>
</kw>
<if>
<branch type="IF" condition="not ${clicked_logout}">
<kw name="Go To" owner="SeleniumLibrary">
<arg>${LOGOUT_PAGE_URL}</arg>
<doc>Navigates the current browser window to the provided ``url``.</doc>
<status status="NOT RUN" start="2026-02-21T18:10:28.698217" elapsed="0.000056"/>
</kw>
<status status="NOT RUN" start="2026-02-21T18:10:28.698002" elapsed="0.000364"/>
</branch>
<status status="PASS" start="2026-02-21T18:10:28.697981" elapsed="0.000426"/>
</if>
<status status="PASS" start="2026-02-21T18:10:28.280917" elapsed="0.417513"/>
</branch>
<branch type="ELSE">
<kw name="Go To" owner="SeleniumLibrary">
<arg>${LOGOUT_PAGE_URL}</arg>
<doc>Navigates the current browser window to the provided ``url``.</doc>
<status status="NOT RUN" start="2026-02-21T18:10:28.698622" elapsed="0.000027"/>
</kw>
<status status="NOT RUN" start="2026-02-21T18:10:28.698454" elapsed="0.000233"/>
</branch>
<status status="PASS" start="2026-02-21T18:10:28.280874" elapsed="0.417839"/>
</if>
<status status="PASS" start="2026-02-21T18:10:28.141220" elapsed="0.557512"/>
</branch>
<branch type="ELSE">
<kw name="Go To" owner="SeleniumLibrary">
<arg>${LOGOUT_PAGE_URL}</arg>
<doc>Navigates the current browser window to the provided ``url``.</doc>
<status status="NOT RUN" start="2026-02-21T18:10:28.698823" elapsed="0.000017"/>
</kw>
<status status="NOT RUN" start="2026-02-21T18:10:28.698755" elapsed="0.000112"/>
</branch>
<status status="PASS" start="2026-02-21T18:10:28.141204" elapsed="0.557683"/>
</if>
<status status="PASS" start="2026-02-21T18:10:28.124178" elapsed="0.574754"/>
</kw>
<kw name="Logout Should Be Successful" owner="account_page">
<kw name="Log Operation" owner="base">
<kw name="Log" owner="BuiltIn">
<msg time="2026-02-21T18:10:28.699593" level="INFO">[Assert] Logout should terminate session</msg>
<arg>${message}</arg>
<doc>Logs the given message with the given level.</doc>
<status status="PASS" start="2026-02-21T18:10:28.699398" elapsed="0.000232"/>
</kw>
<arg>[Assert] Logout should terminate session</arg>
<status status="PASS" start="2026-02-21T18:10:28.699239" elapsed="0.000435"/>
</kw>
<kw name="Wait Until Keyword Succeeds" owner="BuiltIn">
<kw name="Account Access Should Require Login" owner="account_page">
<kw name="Go To" owner="SeleniumLibrary">
<msg time="2026-02-21T18:10:28.700383" level="INFO">Opening url 'https://tutorialsninja.com/demo/index.php?route=account/account'</msg>
<arg>${ACCOUNT_PAGE_URL}</arg>
<doc>Navigates the current browser window to the provided ``url``.</doc>
<status status="PASS" start="2026-02-21T18:10:28.700268" elapsed="0.287308"/>
</kw>
<kw name="Wait Until Keyword Succeeds" owner="BuiltIn">
<kw name="Validate Access Redirected To Login" owner="account_page">
<kw name="Get Location" owner="SeleniumLibrary">
<msg time="2026-02-21T18:10:28.994669" level="INFO">${location} = https://tutorialsninja.com/demo/index.php?route=account/login</msg>
<var>${location}</var>
<doc>Returns the current browser window URL.</doc>
<status status="PASS" start="2026-02-21T18:10:28.989940" elapsed="0.004779"/>
</kw>
<kw name="Run Keyword And Return Status" owner="BuiltIn">
<kw name="Should Contain" owner="BuiltIn">
<arg>${location}</arg>
<arg>route=account/login</arg>
<doc>Fails if ``container`` does not contain ``item`` one or more times.</doc>
<status status="PASS" start="2026-02-21T18:10:28.995945" elapsed="0.001314"/>
</kw>
<msg time="2026-02-21T18:10:28.997658" level="INFO">${at_login_url} = True</msg>
<var>${at_login_url}</var>
<arg>Should Contain</arg>
<arg>${location}</arg>
<arg>route=account/login</arg>
<doc>Runs the specified keyword and returns the status as a Boolean value.</doc>
<status status="PASS" start="2026-02-21T18:10:28.995418" elapsed="0.002278"/>
</kw>
<kw name="Run Keyword And Return Status" owner="BuiltIn">
<kw name="Page Should Contain" owner="SeleniumLibrary">
<msg time="2026-02-21T18:10:29.011928" level="INFO">Current page contains text 'Returning Customer'.</msg>
<arg>Returning Customer</arg>
<doc>Verifies that current page contains ``text``.</doc>
<status status="PASS" start="2026-02-21T18:10:28.998226" elapsed="0.013838"/>
</kw>
<msg time="2026-02-21T18:10:29.012225" level="INFO">${has_login_prompt} = True</msg>
<var>${has_login_prompt}</var>
<arg>Page Should Contain</arg>
<arg>Returning Customer</arg>
<doc>Runs the specified keyword and returns the status as a Boolean value.</doc>
<status status="PASS" start="2026-02-21T18:10:28.997872" elapsed="0.014383"/>
</kw>
<kw name="Run Keyword And Return Status" owner="BuiltIn">
<kw name="Should Contain" owner="BuiltIn">
<msg time="2026-02-21T18:10:29.013386" level="FAIL">'https://tutorialsninja.com/demo/index.php?route=account/login' does not contain 'route=account/account'</msg>
<arg>${location}</arg>
<arg>route=account/account</arg>
<doc>Fails if ``container`` does not contain ``item`` one or more times.</doc>
<status status="FAIL" start="2026-02-21T18:10:29.012830" elapsed="0.000654">'https://tutorialsninja.com/demo/index.php?route=account/login' does not contain 'route=account/account'</status>
</kw>
<msg time="2026-02-21T18:10:29.013603" level="INFO">${still_account} = False</msg>
<var>${still_account}</var>
<arg>Should Contain</arg>
<arg>${location}</arg>
<arg>route=account/account</arg>
<doc>Runs the specified keyword and returns the status as a Boolean value.</doc>
<status status="PASS" start="2026-02-21T18:10:29.012441" elapsed="0.001189"/>
</kw>
<kw name="Run Keyword If" owner="BuiltIn">
<arg>${still_account}</arg>
<arg>Fail</arg>
<arg>Session is still active.</arg>
<doc>Runs the given keyword with the given arguments, if ``condition`` is true.</doc>
<status status="PASS" start="2026-02-21T18:10:29.013756" elapsed="0.000246"/>
</kw>
<kw name="Run Keyword If" owner="BuiltIn">
<arg>not (${at_login_url} or ${has_login_prompt})</arg>
<arg>Fail</arg>
<arg>Login redirection was not confirmed.</arg>
<doc>Runs the given keyword with the given arguments, if ``condition`` is true.</doc>
<status status="PASS" start="2026-02-21T18:10:29.014121" elapsed="0.000328"/>
</kw>
<status status="PASS" start="2026-02-21T18:10:28.989654" elapsed="0.024880"/>
</kw>
<arg>5x</arg>
<arg>1s</arg>
<arg>Validate Access Redirected To Login</arg>
<doc>Runs the specified keyword and retries if it fails.</doc>
<status status="PASS" start="2026-02-21T18:10:28.987736" elapsed="0.026853"/>
</kw>
<status status="PASS" start="2026-02-21T18:10:28.700015" elapsed="0.314640"/>
</kw>
<arg>5x</arg>
<arg>1s</arg>
<arg>Account Access Should Require Login</arg>
<doc>Runs the specified keyword and retries if it fails.</doc>
<status status="PASS" start="2026-02-21T18:10:28.699748" elapsed="0.314956"/>
</kw>
<status status="PASS" start="2026-02-21T18:10:28.699036" elapsed="0.315849"/>
</kw>
<arg>${user_index}</arg>
<arg>${firstname}</arg>
<arg>${lastname}</arg>
<arg>${phone}</arg>
<arg>${password}</arg>
<status status="PASS" start="2026-02-21T18:10:25.302165" elapsed="3.712781"/>
</kw>
<kw name="Evaluate" owner="BuiltIn">
<msg time="2026-02-21T18:10:29.015638" level="INFO">${user_number} = 1</msg>
<var>${user_number}</var>
<arg>${user_index} + 1</arg>
<doc>Evaluates the given expression in Python and returns the result.</doc>
<status status="PASS" start="2026-02-21T18:10:29.015128" elapsed="0.000545"/>
</kw>
<kw name="Get From List" owner="Collections">
<msg time="2026-02-21T18:10:29.016026" level="INFO">${email} = qa_user1_20260221181025@example.com</msg>
<var>${email}</var>
<arg>${SHARED_USER_EMAILS}</arg>
<arg>${user_index}</arg>
<doc>Returns the value specified with an ``index`` from ``list``.</doc>
<status status="PASS" start="2026-02-21T18:10:29.015790" elapsed="0.000266"/>
</kw>
<kw name="Get From List" owner="Collections">
<msg time="2026-02-21T18:10:29.016501" level="INFO">${password} = Password123</msg>
<var>${password}</var>
<arg>${SHARED_USER_PASSWORDS}</arg>
<arg>${user_index}</arg>
<doc>Returns the value specified with an ``index`` from ``list``.</doc>
<status status="PASS" start="2026-02-21T18:10:29.016198" elapsed="0.000387"/>
</kw>
<kw name="Log Operation" owner="base">
<kw name="Log" owner="BuiltIn">
<msg time="2026-02-21T18:10:29.017451" level="INFO">[Login] Using shared user index 1: qa_user1_20260221181025@example.com</msg>
<arg>${message}</arg>
<doc>Logs the given message with the given level.</doc>
<status status="PASS" start="2026-02-21T18:10:29.017213" elapsed="0.000310"/>
</kw>
<arg>[Login] Using shared user index ${user_number}: ${email}</arg>
<status status="PASS" start="2026-02-21T18:10:29.016833" elapsed="0.000759"/>
</kw>
<kw name="Login User With Credentials" owner="account_keywords">
<kw name="Log Operation" owner="base">
<kw name="Log" owner="BuiltIn">
<msg time="2026-02-21T18:10:29.018910" level="INFO">[Login] Logging in with qa_user1_20260221181025@example.com</msg>
<arg>${message}</arg>
<doc>Logs the given message with the given level.</doc>
<status status="PASS" start="2026-02-21T18:10:29.018675" elapsed="0.000274"/>
</kw>
<arg>[Login] Logging in with ${email}</arg>
<status status="PASS" start="2026-02-21T18:10:29.018115" elapsed="0.000887"/>
</kw>
<kw name="Open Login Page" owner="account_page">
<kw name="Go To" owner="SeleniumLibrary">
<msg time="2026-02-21T18:10:29.019330" level="INFO">Opening url 'https://tutorialsninja.com/demo/index.php?route=account/login'</msg>
<arg>${LOGIN_PAGE_URL}</arg>
<doc>Navigates the current browser window to the provided ``url``.</doc>
<status status="PASS" start="2026-02-21T18:10:29.019251" elapsed="0.187004"/>
</kw>
<kw name="Log Operation" owner="base">
<kw name="Log" owner="BuiltIn">
<msg time="2026-02-21T18:10:29.206905" level="INFO">[Assert] Login page should be visible</msg>
<arg>${message}</arg>
<doc>Logs the given message with the given level.</doc>
<status status="PASS" start="2026-02-21T18:10:29.206700" elapsed="0.000242"/>
</kw>
<arg>[Assert] Login page should be visible</arg>
<status status="PASS" start="2026-02-21T18:10:29.206467" elapsed="0.000524"/>
</kw>
<kw name="Assert Login Page Is Visible" owner="account_page">
<kw name="Wait Until Location Contains" owner="SeleniumLibrary">
<arg>route=account/login</arg>
<arg>10s</arg>
<arg>Login page did not open.</arg>
<doc>Waits until the current URL contains ``expected``.</doc>
<status status="PASS" start="2026-02-21T18:10:29.207237" elapsed="0.003657"/>
</kw>
<kw name="Wait Until Element Is Visible" owner="SeleniumLibrary">
<arg>${EMAIL_FIELD}</arg>
<arg>10s</arg>
<arg>E-mail field is not visible on Login page.</arg>
<doc>Waits until the element ``locator`` is visible.</doc>
<status status="PASS" start="2026-02-21T18:10:29.211207" elapsed="0.012084"/>
</kw>
<kw name="Wait Until Element Is Visible" owner="SeleniumLibrary">
<arg>${PASSWORD_FIELD}</arg>
<arg>10s</arg>
<arg>Password field is not visible on Login page.</arg>
<doc>Waits until the element ``locator`` is visible.</doc>
<status status="PASS" start="2026-02-21T18:10:29.223450" elapsed="0.010147"/>
</kw>
<status status="PASS" start="2026-02-21T18:10:29.207084" elapsed="0.026609"/>
</kw>
<status status="PASS" start="2026-02-21T18:10:29.019101" elapsed="0.214628"/>
</kw>
<kw name="Submit Login Form" owner="account_page">
<kw name="Input Text Safe" owner="base">
<kw name="Wait Until Element Is Visible" owner="SeleniumLibrary">
<arg>${locator}</arg>
<doc>Waits until the element ``locator`` is visible.</doc>
<status status="PASS" start="2026-02-21T18:10:29.234326" elapsed="0.008625"/>
</kw>
<kw name="Input Text" owner="SeleniumLibrary">
<msg time="2026-02-21T18:10:29.243326" level="INFO">Typing text 'qa_user1_20260221181025@example.com' into text field 'id=input-email'.</msg>
<arg>${locator}</arg>
<arg>${text}</arg>
<doc>Types the given ``text`` into the text field identified by ``locator``.</doc>
<status status="PASS" start="2026-02-21T18:10:29.243121" elapsed="0.087413"/>
</kw>
<arg>${EMAIL_FIELD}</arg>
<arg>${email}</arg>
<status status="PASS" start="2026-02-21T18:10:29.234129" elapsed="0.096535"/>
</kw>
<kw name="Input Text Safe" owner="base">
<kw name="Wait Until Element Is Visible" owner="SeleniumLibrary">
<arg>${locator}</arg>
<doc>Waits until the element ``locator`` is visible.</doc>
<status status="PASS" start="2026-02-21T18:10:29.331220" elapsed="0.030727"/>
</kw>
<kw name="Input Text" owner="SeleniumLibrary">
<msg time="2026-02-21T18:10:29.362517" level="INFO">Typing text 'Password123' into text field 'id=input-password'.</msg>
<arg>${locator}</arg>
<arg>${text}</arg>
<doc>Types the given ``text`` into the text field identified by ``locator``.</doc>
<status status="PASS" start="2026-02-21T18:10:29.362170" elapsed="0.067885"/>
</kw>
<arg>${PASSWORD_FIELD}</arg>
<arg>${password}</arg>
<status status="PASS" start="2026-02-21T18:10:29.330929" elapsed="0.099296"/>
</kw>
<kw name="Click Button" owner="SeleniumLibrary">
<msg time="2026-02-21T18:10:29.430655" level="INFO">Clicking button 'xpath=//input[@value='Login']'.</msg>
<arg>${LOGIN_BUTTON}</arg>
<doc>Clicks the button identified by ``locator``.</doc>
<status status="PASS" start="2026-02-21T18:10:29.430414" elapsed="0.062723"/>
</kw>
<arg>${email}</arg>
<arg>${password}</arg>
<status status="PASS" start="2026-02-21T18:10:29.233868" elapsed="0.259399"/>
</kw>
<kw name="Login Should Be Successful" owner="account_page">
<kw name="Log Operation" owner="base">
<kw name="Log" owner="BuiltIn">
<msg time="2026-02-21T18:10:29.494493" level="INFO">[Assert] Login should be successful</msg>
<arg>${message}</arg>
<doc>Logs the given message with the given level.</doc>
<status status="PASS" start="2026-02-21T18:10:29.494154" elapsed="0.000436"/>
</kw>
<arg>[Assert] Login should be successful</arg>
<status status="PASS" start="2026-02-21T18:10:29.493895" elapsed="0.000790"/>
</kw>
<kw name="Wait Until Keyword Succeeds" owner="BuiltIn">
<kw name="Validate Logged In State" owner="account_page">
<kw name="Get Location" owner="SeleniumLibrary">
<msg time="2026-02-21T18:10:30.232430" level="INFO">${location} = https://tutorialsninja.com/demo/index.php?route=account/account</msg>
<var>${location}</var>
<doc>Returns the current browser window URL.</doc>
<status status="PASS" start="2026-02-21T18:10:29.496700" elapsed="0.735827"/>
</kw>
<kw name="Silence Failure Screenshots" owner="base">
<kw name="Register Keyword To Run On Failure" owner="SeleniumLibrary">
<msg time="2026-02-21T18:10:30.233341" level="INFO">No keyword will be run on failure.</msg>
<arg>NONE</arg>
<doc>Sets the keyword to execute, when a SeleniumLibrary keyword fails.</doc>
<status status="PASS" start="2026-02-21T18:10:30.233176" elapsed="0.000238"/>
</kw>
<status status="PASS" start="2026-02-21T18:10:30.232883" elapsed="0.000597"/>
</kw>
<kw name="Run Keyword And Return Status" owner="BuiltIn">
<kw name="Should Contain" owner="BuiltIn">
<arg>${location}</arg>
<arg>route=account/account</arg>
<doc>Fails if ``container`` does not contain ``item`` one or more times.</doc>
<status status="PASS" start="2026-02-21T18:10:30.234138" elapsed="0.000260"/>
</kw>
<msg time="2026-02-21T18:10:30.234479" level="INFO">${has_account_url} = True</msg>
<var>${has_account_url}</var>
<arg>Should Contain</arg>
<arg>${location}</arg>
<arg>route=account/account</arg>
<doc>Runs the specified keyword and returns the status as a Boolean value.</doc>
<status status="PASS" start="2026-02-21T18:10:30.233643" elapsed="0.000854"/>
</kw>
<kw name="Run Keyword And Return Status" owner="BuiltIn">
<kw name="Page Should Contain" owner="SeleniumLibrary">
<msg time="2026-02-21T18:10:30.248292" level="INFO">Current page contains text 'Edit your account information'.</msg>
<arg>Edit your account information</arg>
<doc>Verifies that current page contains ``text``.</doc>
<status status="PASS" start="2026-02-21T18:10:30.234783" elapsed="0.013592"/>
</kw>
<msg time="2026-02-21T18:10:30.248483" level="INFO">${has_edit_account} = True</msg>
<var>${has_edit_account}</var>
<arg>Page Should Contain</arg>
<arg>Edit your account information</arg>
<doc>Runs the specified keyword and returns the status as a Boolean value.</doc>
<status status="PASS" start="2026-02-21T18:10:30.234597" elapsed="0.013905"/>
</kw>
<kw name="Run Keyword And Return Status" owner="BuiltIn">
<kw name="Page Should Contain" owner="SeleniumLibrary">
<msg time="2026-02-21T18:10:30.268136" level="FAIL">Page should have contained text 'Warning: No match for E-Mail Address and/or Password.' but did not.</msg>
<arg>Warning: No match for E-Mail Address and/or Password.</arg>
<doc>Verifies that current page contains ``text``.</doc>
<status status="FAIL" start="2026-02-21T18:10:30.248897" elapsed="0.019742">Page should have contained text 'Warning: No match for E-Mail Address and/or Password.' but did not.</status>
</kw>
<msg time="2026-02-21T18:10:30.268758" level="INFO">${has_login_error} = False</msg>
<var>${has_login_error}</var>
<arg>Page Should Contain</arg>
<arg>Warning: No match for E-Mail Address and/or Password.</arg>
<doc>Runs the specified keyword and returns the status as a Boolean value.</doc>
<status status="PASS" start="2026-02-21T18:10:30.248635" elapsed="0.020143"/>
</kw>
<kw name="Enable Failure Screenshots" owner="base">
<kw name="Register Keyword To Run On Failure" owner="SeleniumLibrary">
<msg time="2026-02-21T18:10:30.269227" level="INFO">No keyword will be run on failure.</msg>
<arg>NONE</arg>
<doc>Sets the keyword to execute, when a SeleniumLibrary keyword fails.</doc>
<status status="PASS" start="2026-02-21T18:10:30.269128" elapsed="0.000134"/>
</kw>
<status status="PASS" start="2026-02-21T18:10:30.268924" elapsed="0.000382"/>
</kw>
<kw name="Run Keyword If" owner="BuiltIn">
<arg>${has_login_error}</arg>
<arg>Fail</arg>
<arg>Login failed: user not found or password is invalid.</arg>
<doc>Runs the given keyword with the given arguments, if ``condition`` is true.</doc>
<status status="PASS" start="2026-02-21T18:10:30.269383" elapsed="0.000424"/>
</kw>
<kw name="Run Keyword If" owner="BuiltIn">
<arg>not (${has_account_url} or ${has_edit_account})</arg>
<arg>Fail</arg>
<arg>Login failed: account page was not reached.</arg>
<doc>Runs the given keyword with the given arguments, if ``condition`` is true.</doc>
<status status="PASS" start="2026-02-21T18:10:30.270011" elapsed="0.000346"/>
</kw>
<status status="PASS" start="2026-02-21T18:10:29.496231" elapsed="0.774216"/>
</kw>
<arg>5x</arg>
<arg>1s</arg>
<arg>Validate Logged In State</arg>
<doc>Runs the specified keyword and retries if it fails.</doc>
<status status="PASS" start="2026-02-21T18:10:29.494855" elapsed="0.775649"/>
</kw>
<status status="PASS" start="2026-02-21T18:10:29.493556" elapsed="0.777017"/>
</kw>
<arg>${email}</arg>
<arg>${password}</arg>
<status status="PASS" start="2026-02-21T18:10:29.017739" elapsed="1.252891"/>
</kw>
<arg>${firstname}</arg>
<arg>${lastname}</arg>
<arg>${phone}</arg>
<arg>${password}</arg>
<status status="PASS" start="2026-02-21T18:10:25.289861" elapsed="4.980832"/>
</kw>
<kw name="Logout User" owner="common_keywords">
<kw name="Log Operation" owner="base">
<kw name="Log" owner="BuiltIn">
<msg time="2026-02-21T18:10:30.271789" level="INFO">[Account] Logging out current user</msg>
<arg>${message}</arg>
<doc>Logs the given message with the given level.</doc>
<status status="PASS" start="2026-02-21T18:10:30.271385" elapsed="0.000587"/>
</kw>
<arg>[Account] Logging out current user</arg>
<status status="PASS" start="2026-02-21T18:10:30.271100" elapsed="0.001035"/>
</kw>
<kw name="Logout From Account" owner="account_page">
<kw name="Silence Failure Screenshots" owner="base">
<kw name="Register Keyword To Run On Failure" owner="SeleniumLibrary">
<msg time="2026-02-21T18:10:30.272917" level="INFO">No keyword will be run on failure.</msg>
<arg>NONE</arg>
<doc>Sets the keyword to execute, when a SeleniumLibrary keyword fails.</doc>
<status status="PASS" start="2026-02-21T18:10:30.272821" elapsed="0.000131"/>
</kw>
<status status="PASS" start="2026-02-21T18:10:30.272646" elapsed="0.000356"/>
</kw>
<kw name="Run Keyword And Return Status" owner="BuiltIn">
<kw name="Wait Until Element Is Visible" owner="SeleniumLibrary">
<arg>${MY_ACCOUNT_MENU}</arg>
<arg>3s</arg>
<doc>Waits until the element ``locator`` is visible.</doc>
<status status="PASS" start="2026-02-21T18:10:30.273459" elapsed="0.012864"/>
</kw>
<msg time="2026-02-21T18:10:30.286666" level="INFO">${menu_visible} = True</msg>
<var>${menu_visible}</var>
<arg>Wait Until Element Is Visible</arg>
<arg>${MY_ACCOUNT_MENU}</arg>
<arg>3s</arg>
<doc>Runs the specified keyword and returns the status as a Boolean value.</doc>
<status status="PASS" start="2026-02-21T18:10:30.273075" elapsed="0.013641"/>
</kw>
<kw name="Enable Failure Screenshots" owner="base">
<kw name="Register Keyword To Run On Failure" owner="SeleniumLibrary">
<msg time="2026-02-21T18:10:30.287563" level="INFO">No keyword will be run on failure.</msg>
<arg>NONE</arg>
<doc>Sets the keyword to execute, when a SeleniumLibrary keyword fails.</doc>
<status status="PASS" start="2026-02-21T18:10:30.287345" elapsed="0.000299"/>
</kw>
<status status="PASS" start="2026-02-21T18:10:30.286942" elapsed="0.000784"/>
</kw>
<if>
<branch type="IF" condition="${menu_visible}">
<kw name="Silence Failure Screenshots" owner="base">
<kw name="Register Keyword To Run On Failure" owner="SeleniumLibrary">
<msg time="2026-02-21T18:10:30.288380" level="INFO">No keyword will be run on failure.</msg>
<arg>NONE</arg>
<doc>Sets the keyword to execute, when a SeleniumLibrary keyword fails.</doc>
<status status="PASS" start="2026-02-21T18:10:30.288269" elapsed="0.000163"/>
</kw>
<status status="PASS" start="2026-02-21T18:10:30.288003" elapsed="0.000495"/>
</kw>
<kw name="Run Keyword And Return Status" owner="BuiltIn">
<kw name="Ensure Account Option Is Visible" owner="account_page">
<kw name="Silence Failure Screenshots" owner="base">
<kw name="Register Keyword To Run On Failure" owner="SeleniumLibrary">
<msg time="2026-02-21T18:10:30.289648" level="INFO">No keyword will be run on failure.</msg>
<arg>NONE</arg>
<doc>Sets the keyword to execute, when a SeleniumLibrary keyword fails.</doc>
<status status="PASS" start="2026-02-21T18:10:30.289544" elapsed="0.000152"/>
</kw>
<status status="PASS" start="2026-02-21T18:10:30.289323" elapsed="0.000440"/>
</kw>
<kw name="Run Keyword And Return Status" owner="BuiltIn">
<kw name="Element Should Be Visible" owner="SeleniumLibrary">
<msg time="2026-02-21T18:10:30.301162" level="FAIL">The element 'xpath=//ul[@class='dropdown-menu dropdown-menu-right']//a[text()='Logout']' should be visible, but it is not.</msg>
<arg>${option_locator}</arg>
<doc>Verifies that the element identified by ``locator`` is visible.</doc>
<status status="FAIL" start="2026-02-21T18:10:30.290130" elapsed="0.011558">The element 'xpath=//ul[@class='dropdown-menu dropdown-menu-right']//a[text()='Logout']' should be visible, but it is not.</status>
</kw>
<msg time="2026-02-21T18:10:30.301871" level="INFO">${option_visible} = False</msg>
<var>${option_visible}</var>
<arg>Element Should Be Visible</arg>
<arg>${option_locator}</arg>
<doc>Runs the specified keyword and returns the status as a Boolean value.</doc>
<status status="PASS" start="2026-02-21T18:10:30.289863" elapsed="0.012032"/>
</kw>
<kw name="Enable Failure Screenshots" owner="base">
<kw name="Register Keyword To Run On Failure" owner="SeleniumLibrary">
<msg time="2026-02-21T18:10:30.302349" level="INFO">No keyword will be run on failure.</msg>
<arg>NONE</arg>
<doc>Sets the keyword to execute, when a SeleniumLibrary keyword fails.</doc>
<status status="PASS" start="2026-02-21T18:10:30.302242" elapsed="0.000143"/>
</kw>
<status status="PASS" start="2026-02-21T18:10:30.302039" elapsed="0.000391"/>
</kw>
<if>
<branch type="IF" condition="not ${option_visible}">
<kw name="Click With Wait" owner="base">
<kw name="Wait Until Element Is Visible" owner="SeleniumLibrary">
<arg>${locator}</arg>
<doc>Waits until the element ``locator`` is visible.</doc>
<status status="PASS" start="2026-02-21T18:10:30.302874" elapsed="0.009871"/>
</kw>
<kw name="Wait Until Element Is Enabled" owner="SeleniumLibrary">
<arg>${locator}</arg>
<doc>Waits until the element ``locator`` is enabled.</doc>
<status status="PASS" start="2026-02-21T18:10:30.313108" elapsed="0.014143"/>
</kw>
<kw name="Click Element" owner="SeleniumLibrary">
<msg time="2026-02-21T18:10:30.327885" level="INFO">Clicking element 'xpath=//span[text()='My Account']'.</msg>
<arg>${locator}</arg>
<doc>Click the element identified by ``locator``.</doc>
<status status="PASS" start="2026-02-21T18:10:30.327585" elapsed="0.043823"/>
</kw>
<arg>${MY_ACCOUNT_MENU}</arg>
<status status="PASS" start="2026-02-21T18:10:30.302679" elapsed="0.068855"/>
</kw>
<kw name="Wait Until Element Is Visible" owner="SeleniumLibrary">
<arg>css=ul.dropdown-menu.dropdown-menu-right</arg>
<doc>Waits until the element ``locator`` is visible.</doc>
<status status="PASS" start="2026-02-21T18:10:30.371688" elapsed="0.013228"/>
</kw>
<kw name="Wait Until Element Is Visible" owner="SeleniumLibrary">
<arg>${option_locator}</arg>
<doc>Waits until the element ``locator`` is visible.</doc>
<status status="PASS" start="2026-02-21T18:10:30.385106" elapsed="0.008681"/>
</kw>
<kw name="Wait Until Element Is Enabled" owner="SeleniumLibrary">
<arg>${option_locator}</arg>
<doc>Waits until the element ``locator`` is enabled.</doc>
<status status="PASS" start="2026-02-21T18:10:30.393945" elapsed="0.013781"/>
</kw>
<status status="PASS" start="2026-02-21T18:10:30.302490" elapsed="0.105302"/>
</branch>
<status status="PASS" start="2026-02-21T18:10:30.302471" elapsed="0.105358"/>
</if>
<arg>${LOGOUT_LINK}</arg>
<status status="PASS" start="2026-02-21T18:10:30.289034" elapsed="0.118836"/>
</kw>
<msg time="2026-02-21T18:10:30.407950" level="INFO">${logout_visible} = True</msg>
<var>${logout_visible}</var>
<arg>Ensure Account Option Is Visible</arg>
<arg>${LOGOUT_LINK}</arg>
<doc>Runs the specified keyword and returns the status as a Boolean value.</doc>
<status status="PASS" start="2026-02-21T18:10:30.288606" elapsed="0.119366"/>
</kw>
<kw name="Enable Failure Screenshots" owner="base">
<kw name="Register Keyword To Run On Failure" owner="SeleniumLibrary">
<msg time="2026-02-21T18:10:30.408396" level="INFO">No keyword will be run on failure.</msg>
<arg>NONE</arg>
<doc>Sets the keyword to execute, when a SeleniumLibrary keyword fails.</doc>
<status status="PASS" start="2026-02-21T18:10:30.408292" elapsed="0.000136"/>
</kw>
<status status="PASS" start="2026-02-21T18:10:30.408101" elapsed="0.000369"/>
</kw>
<if>
<branch type="IF" condition="${logout_visible}">
<kw name="Run Keyword And Return Status" owner="BuiltIn">
<kw name="Click With Wait" owner="base">
<kw name="Wait Until Element Is Visible" owner="SeleniumLibrary">
<arg>${locator}</arg>
<doc>Waits until the element ``locator`` is visible.</doc>
<status status="PASS" start="2026-02-21T18:10:30.409044" elapsed="0.011246"/>
</kw>
<kw name="Wait Until Element Is Enabled" owner="SeleniumLibrary">
<arg>${locator}</arg>
<doc>Waits until the element ``locator`` is enabled.</doc>
<status status="PASS" start="2026-02-21T18:10:30.420450" elapsed="0.012841"/>
</kw>
<kw name="Click Element" owner="SeleniumLibrary">
<msg time="2026-02-21T18:10:30.433638" level="INFO">Clicking element 'xpath=//ul[@class='dropdown-menu dropdown-menu-right']//a[text()='Logout']'.</msg>
<arg>${locator}</arg>
<doc>Click the element identified by ``locator``.</doc>
<status status="PASS" start="2026-02-21T18:10:30.433447" elapsed="0.308451"/>
</kw>
<arg>${LOGOUT_LINK}</arg>
<status status="PASS" start="2026-02-21T18:10:30.408864" elapsed="0.333144"/>
</kw>
<msg time="2026-02-21T18:10:30.742101" level="INFO">${clicked_logout} = True</msg>
<var>${clicked_logout}</var>
<arg>Click With Wait</arg>
<arg>${LOGOUT_LINK}</arg>
<doc>Runs the specified keyword and returns the status as a Boolean value.</doc>
<status status="PASS" start="2026-02-21T18:10:30.408623" elapsed="0.333502"/>
</kw>
<if>
<branch type="IF" condition="not ${clicked_logout}">
<kw name="Go To" owner="SeleniumLibrary">
<arg>${LOGOUT_PAGE_URL}</arg>
<doc>Navigates the current browser window to the provided ``url``.</doc>
<status status="NOT RUN" start="2026-02-21T18:10:30.742392" elapsed="0.000024"/>
</kw>
<status status="NOT RUN" start="2026-02-21T18:10:30.742202" elapsed="0.000244"/>
</branch>
<status status="PASS" start="2026-02-21T18:10:30.742180" elapsed="0.000293"/>
</if>
<status status="PASS" start="2026-02-21T18:10:30.408519" elapsed="0.333971"/>
</branch>
<branch type="ELSE">
<kw name="Go To" owner="SeleniumLibrary">
<arg>${LOGOUT_PAGE_URL}</arg>
<doc>Navigates the current browser window to the provided ``url``.</doc>
<status status="NOT RUN" start="2026-02-21T18:10:30.742570" elapsed="0.000016"/>
</kw>
<status status="NOT RUN" start="2026-02-21T18:10:30.742509" elapsed="0.000101"/>
</branch>
<status status="PASS" start="2026-02-21T18:10:30.408504" elapsed="0.334126"/>
</if>
<status status="PASS" start="2026-02-21T18:10:30.287812" elapsed="0.454832"/>
</branch>
<branch type="ELSE">
<kw name="Go To" owner="SeleniumLibrary">
<arg>${LOGOUT_PAGE_URL}</arg>
<doc>Navigates the current browser window to the provided ``url``.</doc>
<status status="NOT RUN" start="2026-02-21T18:10:30.742715" elapsed="0.000016"/>
</kw>
<status status="NOT RUN" start="2026-02-21T18:10:30.742663" elapsed="0.000091"/>
</branch>
<status status="PASS" start="2026-02-21T18:10:30.287788" elapsed="0.454984"/>
</if>
<status status="PASS" start="2026-02-21T18:10:30.272436" elapsed="0.470380"/>
</kw>
<status status="PASS" start="2026-02-21T18:10:30.270840" elapsed="0.472129"/>
</kw>
<kw name="Verify Logout Successful" owner="common_keywords">
<kw name="Log Operation" owner="base">
<kw name="Log" owner="BuiltIn">
<msg time="2026-02-21T18:10:30.743918" level="INFO">[Account] Validating logout success</msg>
<arg>${message}</arg>
<doc>Logs the given message with the given level.</doc>
<status status="PASS" start="2026-02-21T18:10:30.743592" elapsed="0.000376"/>
</kw>
<arg>[Account] Validating logout success</arg>
<status status="PASS" start="2026-02-21T18:10:30.743352" elapsed="0.000670"/>
</kw>
<kw name="Logout Should Be Successful" owner="account_page">
<kw name="Log Operation" owner="base">
<kw name="Log" owner="BuiltIn">
<msg time="2026-02-21T18:10:30.744723" level="INFO">[Assert] Logout should terminate session</msg>
<arg>${message}</arg>
<doc>Logs the given message with the given level.</doc>
<status status="PASS" start="2026-02-21T18:10:30.744528" elapsed="0.000242"/>
</kw>
<arg>[Assert] Logout should terminate session</arg>
<status status="PASS" start="2026-02-21T18:10:30.744304" elapsed="0.000601"/>
</kw>
<kw name="Wait Until Keyword Succeeds" owner="BuiltIn">
<kw name="Account Access Should Require Login" owner="account_page">
<kw name="Go To" owner="SeleniumLibrary">
<msg time="2026-02-21T18:10:30.745667" level="INFO">Opening url 'https://tutorialsninja.com/demo/index.php?route=account/account'</msg>
<arg>${ACCOUNT_PAGE_URL}</arg>
<doc>Navigates the current browser window to the provided ``url``.</doc>
<status status="PASS" start="2026-02-21T18:10:30.745579" elapsed="0.303025"/>
</kw>
<kw name="Wait Until Keyword Succeeds" owner="BuiltIn">
<kw name="Validate Access Redirected To Login" owner="account_page">
<kw name="Get Location" owner="SeleniumLibrary">
<msg time="2026-02-21T18:10:31.057208" level="INFO">${location} = https://tutorialsninja.com/demo/index.php?route=account/login</msg>
<var>${location}</var>
<doc>Returns the current browser window URL.</doc>
<status status="PASS" start="2026-02-21T18:10:31.050077" elapsed="0.007222"/>
</kw>
<kw name="Run Keyword And Return Status" owner="BuiltIn">
<kw name="Should Contain" owner="BuiltIn">
<arg>${location}</arg>
<arg>route=account/login</arg>
<doc>Fails if ``container`` does not contain ``item`` one or more times.</doc>
<status status="PASS" start="2026-02-21T18:10:31.058082" elapsed="0.000429"/>
</kw>
<msg time="2026-02-21T18:10:31.058653" level="INFO">${at_login_url} = True</msg>
<var>${at_login_url}</var>
<arg>Should Contain</arg>
<arg>${location}</arg>
<arg>route=account/login</arg>
<doc>Runs the specified keyword and returns the status as a Boolean value.</doc>
<status status="PASS" start="2026-02-21T18:10:31.057595" elapsed="0.001090"/>
</kw>
<kw name="Run Keyword And Return Status" owner="BuiltIn">
<kw name="Page Should Contain" owner="SeleniumLibrary">
<msg time="2026-02-21T18:10:31.069548" level="INFO">Current page contains text 'Returning Customer'.</msg>
<arg>Returning Customer</arg>
<doc>Verifies that current page contains ``text``.</doc>
<status status="PASS" start="2026-02-21T18:10:31.059156" elapsed="0.010592"/>
</kw>
<msg time="2026-02-21T18:10:31.069945" level="INFO">${has_login_prompt} = True</msg>
<var>${has_login_prompt}</var>
<arg>Page Should Contain</arg>
<arg>Returning Customer</arg>
<doc>Runs the specified keyword and returns the status as a Boolean value.</doc>
<status status="PASS" start="2026-02-21T18:10:31.058833" elapsed="0.011144"/>
</kw>
<kw name="Run Keyword And Return Status" owner="BuiltIn">
<kw name="Should Contain" owner="BuiltIn">
<msg time="2026-02-21T18:10:31.071489" level="FAIL">'https://tutorialsninja.com/demo/index.php?route=account/login' does not contain 'route=account/account'</msg>
<arg>${location}</arg>
<arg>route=account/account</arg>
<doc>Fails if ``container`` does not contain ``item`` one or more times.</doc>
<status status="FAIL" start="2026-02-21T18:10:31.071012" elapsed="0.000570">'https://tutorialsninja.com/demo/index.php?route=account/login' does not contain 'route=account/account'</status>
</kw>
<msg time="2026-02-21T18:10:31.071728" level="INFO">${still_account} = False</msg>
<var>${still_account}</var>
<arg>Should Contain</arg>
<arg>${location}</arg>
<arg>route=account/account</arg>
<doc>Runs the specified keyword and returns the status as a Boolean value.</doc>
<status status="PASS" start="2026-02-21T18:10:31.070157" elapsed="0.001618"/>
</kw>
<kw name="Run Keyword If" owner="BuiltIn">
<arg>${still_account}</arg>
<arg>Fail</arg>
<arg>Session is still active.</arg>
<doc>Runs the given keyword with the given arguments, if ``condition`` is true.</doc>
<status status="PASS" start="2026-02-21T18:10:31.071935" elapsed="0.000367"/>
</kw>
<kw name="Run Keyword If" owner="BuiltIn">
<arg>not (${at_login_url} or ${has_login_prompt})</arg>
<arg>Fail</arg>
<arg>Login redirection was not confirmed.</arg>
<doc>Runs the given keyword with the given arguments, if ``condition`` is true.</doc>
<status status="PASS" start="2026-02-21T18:10:31.072503" elapsed="0.000396"/>
</kw>
<status status="PASS" start="2026-02-21T18:10:31.049808" elapsed="0.023179"/>
</kw>
<arg>5x</arg>
<arg>1s</arg>
<arg>Validate Access Redirected To Login</arg>
<doc>Runs the specified keyword and retries if it fails.</doc>
<status status="PASS" start="2026-02-21T18:10:31.049063" elapsed="0.023986"/>
</kw>
<status status="PASS" start="2026-02-21T18:10:30.745401" elapsed="0.327718"/>
</kw>
<arg>5x</arg>
<arg>1s</arg>
<arg>Account Access Should Require Login</arg>
<doc>Runs the specified keyword and retries if it fails.</doc>
<status status="PASS" start="2026-02-21T18:10:30.745093" elapsed="0.328077"/>
</kw>
<status status="PASS" start="2026-02-21T18:10:30.744131" elapsed="0.329106"/>
</kw>
<status status="PASS" start="2026-02-21T18:10:30.743127" elapsed="0.330163"/>
</kw>
<kw name="Login User With Shared Registration" owner="account_keywords">
<kw name="Ensure Shared User Pool Exists" owner="account_keywords">
<kw name="Run Keyword And Return Status" owner="BuiltIn">
<kw name="Variable Should Exist" owner="BuiltIn">
<arg>${SHARED_USER_EMAILS}</arg>
<doc>Fails unless the given variable exists within the current scope.</doc>
<status status="PASS" start="2026-02-21T18:10:31.074518" elapsed="0.000257"/>
</kw>
<msg time="2026-02-21T18:10:31.074871" level="INFO">${has_shared_emails} = True</msg>
<var>${has_shared_emails}</var>
<arg>Variable Should Exist</arg>
<arg>${SHARED_USER_EMAILS}</arg>
<doc>Runs the specified keyword and returns the status as a Boolean value.</doc>
<status status="PASS" start="2026-02-21T18:10:31.074219" elapsed="0.000682"/>
</kw>
<kw name="Run Keyword And Return Status" owner="BuiltIn">
<kw name="Variable Should Exist" owner="BuiltIn">
<arg>${SHARED_USER_PASSWORDS}</arg>
<doc>Fails unless the given variable exists within the current scope.</doc>
<status status="PASS" start="2026-02-21T18:10:31.075256" elapsed="0.000247"/>
</kw>
<msg time="2026-02-21T18:10:31.075594" level="INFO">${has_shared_passwords} = True</msg>
<var>${has_shared_passwords}</var>
<arg>Variable Should Exist</arg>
<arg>${SHARED_USER_PASSWORDS}</arg>
<doc>Runs the specified keyword and returns the status as a Boolean value.</doc>
<status status="PASS" start="2026-02-21T18:10:31.075016" elapsed="0.000606"/>
</kw>
<if>
<branch type="IF" condition="${has_shared_emails} and ${has_shared_passwords}">
<return>
<status status="PASS" start="2026-02-21T18:10:31.075951" elapsed="0.000059"/>
</return>
<status status="PASS" start="2026-02-21T18:10:31.075725" elapsed="0.000348"/>
</branch>
<status status="PASS" start="2026-02-21T18:10:31.075703" elapsed="0.000422"/>
</if>
<kw name="Prepare Shared Users For Full Run" owner="account_keywords">
<status status="NOT RUN" start="2026-02-21T18:10:31.076356" elapsed="0.000080"/>
</kw>
<status status="PASS" start="2026-02-21T18:10:31.073989" elapsed="0.002622"/>
</kw>
<kw name="Get Current Scenario User Index" owner="account_keywords">
<kw name="Evaluate" owner="BuiltIn">
<msg time="2026-02-21T18:10:31.077816" level="INFO">${index} = 0</msg>
<var>${index}</var>
<arg>int(re.search(r'(\\d+)$', """${TEST NAME}""").group(1)) - 1</arg>
<arg>modules=re</arg>
<doc>Evaluates the given expression in Python and returns the result.</doc>
<status status="PASS" start="2026-02-21T18:10:31.077310" elapsed="0.000547"/>
</kw>
<return>
<value>${index}</value>
<status status="PASS" start="2026-02-21T18:10:31.077978" elapsed="0.000047"/>
</return>
<msg time="2026-02-21T18:10:31.078167" level="INFO">${user_index} = 0</msg>
<var>${user_index}</var>
<status status="PASS" start="2026-02-21T18:10:31.076905" elapsed="0.001292"/>
</kw>
<kw name="Ensure Shared User Pool Has Index" owner="account_keywords">
<kw name="Get Length" owner="BuiltIn">
<msg time="2026-02-21T18:10:31.079155" level="INFO">Length is 1.</msg>
<msg time="2026-02-21T18:10:31.079210" level="INFO">${current_count} = 1</msg>
[...]
<var>${needed_count}</var>
<arg>${target_index} + 1</arg>
<doc>Evaluates the given expression in Python and returns the result.</doc>
<status status="PASS" start="2026-02-21T18:10:41.689192" elapsed="0.001101"/>
</kw>
<if>
<branch type="IF" condition="${current_count} &gt;= ${needed_count}">
<return>
<status status="PASS" start="2026-02-21T18:10:41.690574" elapsed="0.000041"/>
</return>
<status status="PASS" start="2026-02-21T18:10:41.690413" elapsed="0.000244"/>
</branch>
<status status="PASS" start="2026-02-21T18:10:41.690388" elapsed="0.000301"/>
</if>
<kw name="Evaluate" owner="BuiltIn">
<var>${next_needed}</var>
<arg>${current_count} + 1</arg>
<doc>Evaluates the given expression in Python and returns the result.</doc>
<status status="NOT RUN" start="2026-02-21T18:10:41.690804" elapsed="0.000033"/>
</kw>
<if>
<branch type="IF" condition="${needed_count} != ${next_needed}">
<kw name="Fail" owner="BuiltIn">
<arg>Shared user creation must follow CSV order. Expected user index ${next_needed - 1}, got ${target_index}.</arg>
<doc>Fails the test with the given message and optionally alters its tags.</doc>
<status status="NOT RUN" start="2026-02-21T18:10:41.691129" elapsed="0.000033"/>
</kw>
<status status="NOT RUN" start="2026-02-21T18:10:41.691017" elapsed="0.000183"/>
</branch>
<status status="NOT RUN" start="2026-02-21T18:10:41.690995" elapsed="0.000237"/>
</if>
<kw name="Evaluate" owner="BuiltIn">
<var>${user_number}</var>
<arg>${target_index} + 1</arg>
<doc>Evaluates the given expression in Python and returns the result.</doc>
<status status="NOT RUN" start="2026-02-21T18:10:41.691306" elapsed="0.000023"/>
</kw>
<kw name="Set Variable" owner="BuiltIn">
<var>${email}</var>
<arg>qa_user${user_number}_${SHARED_RUN_ID}@example.com</arg>
<doc>Returns the given values which can then be assigned to a variables.</doc>
<status status="NOT RUN" start="2026-02-21T18:10:41.691411" elapsed="0.000022"/>
</kw>
<kw name="Register New User And Return Credentials" owner="account_keywords">
<var>${email}</var>
<var>${pwd}</var>
<arg>${firstname}</arg>
<arg>${lastname}</arg>
<arg>${phone}</arg>
<arg>${password}</arg>
<arg>${email}</arg>
<status status="NOT RUN" start="2026-02-21T18:10:41.691643" elapsed="0.000034"/>
</kw>
<kw name="Append To List" owner="Collections">
<arg>${SHARED_USER_EMAILS}</arg>
<arg>${email}</arg>
<doc>Adds ``values`` to the end of ``list``.</doc>
<status status="NOT RUN" start="2026-02-21T18:10:41.691824" elapsed="0.000035"/>
</kw>
<kw name="Append To List" owner="Collections">
<arg>${SHARED_USER_PASSWORDS}</arg>
<arg>${pwd}</arg>
<doc>Adds ``values`` to the end of ``list``.</doc>
<status status="NOT RUN" start="2026-02-21T18:10:41.691989" elapsed="0.000031"/>
</kw>
<kw name="Logout From Account" owner="account_page">
<status status="NOT RUN" start="2026-02-21T18:10:41.692219" elapsed="0.000022"/>
</kw>
<kw name="Logout Should Be Successful" owner="account_page">
<status status="NOT RUN" start="2026-02-21T18:10:41.692351" elapsed="0.000026"/>
</kw>
<arg>${user_index}</arg>
<arg>${firstname}</arg>
<arg>${lastname}</arg>
<arg>${phone}</arg>
<arg>${password}</arg>
<status status="PASS" start="2026-02-21T18:10:41.687817" elapsed="0.004629"/>
</kw>
<kw name="Evaluate" owner="BuiltIn">
<msg time="2026-02-21T18:10:41.692969" level="INFO">${user_number} = 2</msg>
<var>${user_number}</var>
<arg>${user_index} + 1</arg>
<doc>Evaluates the given expression in Python and returns the result.</doc>
<status status="PASS" start="2026-02-21T18:10:41.692555" elapsed="0.000456"/>
</kw>
<kw name="Get From List" owner="Collections">
<msg time="2026-02-21T18:10:41.693409" level="INFO">${email} = qa_user2_20260221181025@example.com</msg>
<var>${email}</var>
<arg>${SHARED_USER_EMAILS}</arg>
<arg>${user_index}</arg>
<doc>Returns the value specified with an ``index`` from ``list``.</doc>
<status status="PASS" start="2026-02-21T18:10:41.693167" elapsed="0.000264"/>
</kw>
<kw name="Get From List" owner="Collections">
<msg time="2026-02-21T18:10:41.693633" level="INFO">${password} = Password123</msg>
<var>${password}</var>
<arg>${SHARED_USER_PASSWORDS}</arg>
<arg>${user_index}</arg>
<doc>Returns the value specified with an ``index`` from ``list``.</doc>
<status status="PASS" start="2026-02-21T18:10:41.693507" elapsed="0.000144"/>
</kw>
<kw name="Log Operation" owner="base">
<kw name="Log" owner="BuiltIn">
<msg time="2026-02-21T18:10:41.694263" level="INFO">[Login] Using shared user index 2: qa_user2_20260221181025@example.com</msg>
<arg>${message}</arg>
<doc>Logs the given message with the given level.</doc>
<status status="PASS" start="2026-02-21T18:10:41.694093" elapsed="0.000202"/>
</kw>
<arg>[Login] Using shared user index ${user_number}: ${email}</arg>
<status status="PASS" start="2026-02-21T18:10:41.693813" elapsed="0.000525"/>
</kw>
<kw name="Login User With Credentials" owner="account_keywords">
<kw name="Log Operation" owner="base">
<kw name="Log" owner="BuiltIn">
<msg time="2026-02-21T18:10:41.694905" level="INFO">[Login] Logging in with qa_user2_20260221181025@example.com</msg>
<arg>${message}</arg>
<doc>Logs the given message with the given level.</doc>
<status status="PASS" start="2026-02-21T18:10:41.694761" elapsed="0.000176"/>
</kw>
<arg>[Login] Logging in with ${email}</arg>
<status status="PASS" start="2026-02-21T18:10:41.694612" elapsed="0.000366"/>
</kw>
<kw name="Open Login Page" owner="account_page">
<kw name="Go To" owner="SeleniumLibrary">
<msg time="2026-02-21T18:10:41.695291" level="INFO">Opening url 'https://tutorialsninja.com/demo/index.php?route=account/login'</msg>
<arg>${LOGIN_PAGE_URL}</arg>
<doc>Navigates the current browser window to the provided ``url``.</doc>
<status status="PASS" start="2026-02-21T18:10:41.695207" elapsed="0.164958"/>
</kw>
<kw name="Log Operation" owner="base">
<kw name="Log" owner="BuiltIn">
<msg time="2026-02-21T18:10:41.860890" level="INFO">[Assert] Login page should be visible</msg>
<arg>${message}</arg>
<doc>Logs the given message with the given level.</doc>
<status status="PASS" start="2026-02-21T18:10:41.860690" elapsed="0.000237"/>
</kw>
<arg>[Assert] Login page should be visible</arg>
<status status="PASS" start="2026-02-21T18:10:41.860365" elapsed="0.000614"/>
</kw>
<kw name="Assert Login Page Is Visible" owner="account_page">
<kw name="Wait Until Location Contains" owner="SeleniumLibrary">
<arg>route=account/login</arg>
<arg>10s</arg>
<arg>Login page did not open.</arg>
<doc>Waits until the current URL contains ``expected``.</doc>
<status status="PASS" start="2026-02-21T18:10:41.861227" elapsed="0.006406"/>
</kw>
<kw name="Wait Until Element Is Visible" owner="SeleniumLibrary">
<arg>${EMAIL_FIELD}</arg>
<arg>10s</arg>
<arg>E-mail field is not visible on Login page.</arg>
<doc>Waits until the element ``locator`` is visible.</doc>
<status status="PASS" start="2026-02-21T18:10:41.867870" elapsed="0.014604"/>
</kw>
<kw name="Wait Until Element Is Visible" owner="SeleniumLibrary">
<arg>${PASSWORD_FIELD}</arg>
<arg>10s</arg>
<arg>Password field is not visible on Login page.</arg>
<doc>Waits until the element ``locator`` is visible.</doc>
<status status="PASS" start="2026-02-21T18:10:41.882880" elapsed="0.011492"/>
</kw>
<status status="PASS" start="2026-02-21T18:10:41.861075" elapsed="0.033442"/>
</kw>
<status status="PASS" start="2026-02-21T18:10:41.695064" elapsed="0.199493"/>
</kw>
<kw name="Submit Login Form" owner="account_page">
<kw name="Input Text Safe" owner="base">
<kw name="Wait Until Element Is Visible" owner="SeleniumLibrary">
<arg>${locator}</arg>
<doc>Waits until the element ``locator`` is visible.</doc>
<status status="PASS" start="2026-02-21T18:10:41.895168" elapsed="0.011877"/>
</kw>
<kw name="Input Text" owner="SeleniumLibrary">
<msg time="2026-02-21T18:10:41.907599" level="INFO">Typing text 'qa_user2_20260221181025@example.com' into text field 'id=input-email'.</msg>
<arg>${locator}</arg>
<arg>${text}</arg>
<doc>Types the given ``text`` into the text field identified by ``locator``.</doc>
<status status="PASS" start="2026-02-21T18:10:41.907283" elapsed="0.127761"/>
</kw>
<arg>${EMAIL_FIELD}</arg>
<arg>${email}</arg>
<status status="PASS" start="2026-02-21T18:10:41.894980" elapsed="0.140262"/>
</kw>
<kw name="Input Text Safe" owner="base">
<kw name="Wait Until Element Is Visible" owner="SeleniumLibrary">
<arg>${locator}</arg>
<doc>Waits until the element ``locator`` is visible.</doc>
<status status="PASS" start="2026-02-21T18:10:42.035944" elapsed="0.024369"/>
</kw>
<kw name="Input Text" owner="SeleniumLibrary">
<msg time="2026-02-21T18:10:42.060846" level="INFO">Typing text 'Password123' into text field 'id=input-password'.</msg>
<arg>${locator}</arg>
<arg>${text}</arg>
<doc>Types the given ``text`` into the text field identified by ``locator``.</doc>
<status status="PASS" start="2026-02-21T18:10:42.060540" elapsed="0.076162"/>
</kw>
<arg>${PASSWORD_FIELD}</arg>
<arg>${password}</arg>
<status status="PASS" start="2026-02-21T18:10:42.035502" elapsed="0.101404"/>
</kw>
<kw name="Click Button" owner="SeleniumLibrary">
<msg time="2026-02-21T18:10:42.137504" level="INFO">Clicking button 'xpath=//input[@value='Login']'.</msg>
<arg>${LOGIN_BUTTON}</arg>
<doc>Clicks the button identified by ``locator``.</doc>
<status status="PASS" start="2026-02-21T18:10:42.137109" elapsed="0.719918"/>
</kw>
<arg>${email}</arg>
<arg>${password}</arg>
<status status="PASS" start="2026-02-21T18:10:41.894718" elapsed="0.962439"/>
</kw>
<kw name="Login Should Be Successful" owner="account_page">
<kw name="Log Operation" owner="base">
<kw name="Log" owner="BuiltIn">
<msg time="2026-02-21T18:10:42.858245" level="INFO">[Assert] Login should be successful</msg>
<arg>${message}</arg>
<doc>Logs the given message with the given level.</doc>
<status status="PASS" start="2026-02-21T18:10:42.857950" elapsed="0.000350"/>
</kw>
<arg>[Assert] Login should be successful</arg>
<status status="PASS" start="2026-02-21T18:10:42.857690" elapsed="0.000701"/>
</kw>
<kw name="Wait Until Keyword Succeeds" owner="BuiltIn">
<kw name="Validate Logged In State" owner="account_page">
<kw name="Get Location" owner="SeleniumLibrary">
<msg time="2026-02-21T18:10:42.868181" level="INFO">${location} = https://tutorialsninja.com/demo/index.php?route=account/account</msg>
<var>${location}</var>
<doc>Returns the current browser window URL.</doc>
<status status="PASS" start="2026-02-21T18:10:42.860071" elapsed="0.008243"/>
</kw>
<kw name="Silence Failure Screenshots" owner="base">
<kw name="Register Keyword To Run On Failure" owner="SeleniumLibrary">
<msg time="2026-02-21T18:10:42.869795" level="INFO">No keyword will be run on failure.</msg>
<arg>NONE</arg>
<doc>Sets the keyword to execute, when a SeleniumLibrary keyword fails.</doc>
<status status="PASS" start="2026-02-21T18:10:42.869463" elapsed="0.000465"/>
</kw>
<status status="PASS" start="2026-02-21T18:10:42.868804" elapsed="0.001347"/>
</kw>
<kw name="Run Keyword And Return Status" owner="BuiltIn">
<kw name="Should Contain" owner="BuiltIn">
<arg>${location}</arg>
<arg>route=account/account</arg>
<doc>Fails if ``container`` does not contain ``item`` one or more times.</doc>
<status status="PASS" start="2026-02-21T18:10:42.871162" elapsed="0.000614"/>
</kw>
<msg time="2026-02-21T18:10:42.872022" level="INFO">${has_account_url} = True</msg>
<var>${has_account_url}</var>
<arg>Should Contain</arg>
<arg>${location}</arg>
<arg>route=account/account</arg>
<doc>Runs the specified keyword and returns the status as a Boolean value.</doc>
<status status="PASS" start="2026-02-21T18:10:42.870610" elapsed="0.001477"/>
</kw>
<kw name="Run Keyword And Return Status" owner="BuiltIn">
<kw name="Page Should Contain" owner="SeleniumLibrary">
<msg time="2026-02-21T18:10:42.885127" level="INFO">Current page contains text 'Edit your account information'.</msg>
<arg>Edit your account information</arg>
<doc>Verifies that current page contains ``text``.</doc>
<status status="PASS" start="2026-02-21T18:10:42.873703" elapsed="0.011530"/>
</kw>
<msg time="2026-02-21T18:10:42.885385" level="INFO">${has_edit_account} = True</msg>
<var>${has_edit_account}</var>
<arg>Page Should Contain</arg>
<arg>Edit your account information</arg>
<doc>Runs the specified keyword and returns the status as a Boolean value.</doc>
<status status="PASS" start="2026-02-21T18:10:42.872673" elapsed="0.012741"/>
</kw>
<kw name="Run Keyword And Return Status" owner="BuiltIn">
<kw name="Page Should Contain" owner="SeleniumLibrary">
<msg time="2026-02-21T18:10:42.904523" level="FAIL">Page should have contained text 'Warning: No match for E-Mail Address and/or Password.' but did not.</msg>
<arg>Warning: No match for E-Mail Address and/or Password.</arg>
<doc>Verifies that current page contains ``text``.</doc>
<status status="FAIL" start="2026-02-21T18:10:42.885923" elapsed="0.019366">Page should have contained text 'Warning: No match for E-Mail Address and/or Password.' but did not.</status>
</kw>
<msg time="2026-02-21T18:10:42.905506" level="INFO">${has_login_error} = False</msg>
<var>${has_login_error}</var>
<arg>Page Should Contain</arg>
<arg>Warning: No match for E-Mail Address and/or Password.</arg>
<doc>Runs the specified keyword and returns the status as a Boolean value.</doc>
<status status="PASS" start="2026-02-21T18:10:42.885583" elapsed="0.019961"/>
</kw>
<kw name="Enable Failure Screenshots" owner="base">
<kw name="Register Keyword To Run On Failure" owner="SeleniumLibrary">
<msg time="2026-02-21T18:10:42.906181" level="INFO">No keyword will be run on failure.</msg>
<arg>NONE</arg>
<doc>Sets the keyword to execute, when a SeleniumLibrary keyword fails.</doc>
<status status="PASS" start="2026-02-21T18:10:42.906041" elapsed="0.000194"/>
</kw>
<status status="PASS" start="2026-02-21T18:10:42.905753" elapsed="0.000557"/>
</kw>
<kw name="Run Keyword If" owner="BuiltIn">
<arg>${has_login_error}</arg>
<arg>Fail</arg>
<arg>Login failed: user not found or password is invalid.</arg>
<doc>Runs the given keyword with the given arguments, if ``condition`` is true.</doc>
<status status="PASS" start="2026-02-21T18:10:42.906432" elapsed="0.000303"/>
</kw>
<kw name="Run Keyword If" owner="BuiltIn">
<arg>not (${has_account_url} or ${has_edit_account})</arg>
<arg>Fail</arg>
<arg>Login failed: account page was not reached.</arg>
<doc>Runs the given keyword with the given arguments, if ``condition`` is true.</doc>
<status status="PASS" start="2026-02-21T18:10:42.906866" elapsed="0.000379"/>
</kw>
<status status="PASS" start="2026-02-21T18:10:42.859542" elapsed="0.047795"/>
</kw>
<arg>5x</arg>
<arg>1s</arg>
<arg>Validate Logged In State</arg>
<doc>Runs the specified keyword and retries if it fails.</doc>
<status status="PASS" start="2026-02-21T18:10:42.858509" elapsed="0.048887"/>
</kw>
<status status="PASS" start="2026-02-21T18:10:42.857364" elapsed="0.050104"/>
</kw>
<arg>${email}</arg>
<arg>${password}</arg>
<status status="PASS" start="2026-02-21T18:10:41.694425" elapsed="1.213099"/>
</kw>
<arg>${firstname}</arg>
<arg>${lastname}</arg>
<arg>${phone}</arg>
<arg>${password}</arg>
<status status="PASS" start="2026-02-21T18:10:41.681189" elapsed="1.226400"/>
</kw>
<arg>Aaryansh</arg>
<arg>Kumar</arg>
<arg>9700000002</arg>
<arg>Password123</arg>
<status status="PASS" start="2026-02-21T18:10:36.589675" elapsed="6.317982"/>
</kw>
<kw name="Close Application" owner="base" type="TEARDOWN">
<if>
<branch type="IF" condition="'${TEST STATUS}' == 'FAIL'">
<kw name="Run Keyword And Ignore Error" owner="BuiltIn">
<arg>Capture Page Screenshot</arg>
<doc>Runs the given keyword with the given arguments and ignores possible error.</doc>
<status status="NOT RUN" start="2026-02-21T18:10:42.908722" elapsed="0.000034"/>
</kw>
<kw name="Set Suite Variable" owner="BuiltIn">
<arg>${SUITE_HAS_FAILURE}</arg>
<arg>${True}</arg>
<doc>Makes a variable available everywhere within the scope of the current suite.</doc>
<status status="NOT RUN" start="2026-02-21T18:10:42.908874" elapsed="0.000030"/>
</kw>
<status status="NOT RUN" start="2026-02-21T18:10:42.908503" elapsed="0.000452"/>
</branch>
<branch type="ELSE">
<kw name="Capture First Pass Screenshot Once" owner="base">
<kw name="Run Keyword And Return Status" owner="BuiltIn">
<kw name="Variable Should Exist" owner="BuiltIn">
<arg>${SUITE_PASS_SCREENSHOT_PATH}</arg>
<doc>Fails unless the given variable exists within the current scope.</doc>
<status status="PASS" start="2026-02-21T18:10:42.909884" elapsed="0.000873"/>
</kw>
<msg time="2026-02-21T18:10:42.911012" level="INFO">${already_captured} = True</msg>
<var>${already_captured}</var>
<arg>Variable Should Exist</arg>
<arg>${SUITE_PASS_SCREENSHOT_PATH}</arg>
<doc>Runs the specified keyword and returns the status as a Boolean value.</doc>
<status status="PASS" start="2026-02-21T18:10:42.909483" elapsed="0.001569"/>
</kw>
<if>
<branch type="IF" condition="not ${already_captured}">
<kw name="Capture Page Screenshot" owner="SeleniumLibrary">
<var>${path}</var>
<doc>Takes a screenshot of the current page and embeds it into a log file.</doc>
<status status="NOT RUN" start="2026-02-21T18:10:42.911595" elapsed="0.000055"/>
</kw>
<kw name="Set Suite Variable" owner="BuiltIn">
<arg>${SUITE_PASS_SCREENSHOT_PATH}</arg>
<arg>${path}</arg>
<doc>Makes a variable available everywhere within the scope of the current suite.</doc>
<status status="NOT RUN" start="2026-02-21T18:10:42.911771" elapsed="0.000041"/>
</kw>
<status status="NOT RUN" start="2026-02-21T18:10:42.911323" elapsed="0.000549"/>
</branch>
<status status="PASS" start="2026-02-21T18:10:42.911293" elapsed="0.000622"/>
</if>
<status status="PASS" start="2026-02-21T18:10:42.909167" elapsed="0.002856"/>
</kw>
<status status="PASS" start="2026-02-21T18:10:42.908998" elapsed="0.003090"/>
</branch>
<status status="PASS" start="2026-02-21T18:10:42.908477" elapsed="0.003664"/>
</if>
<kw name="Close All Browsers" owner="SeleniumLibrary">
<doc>Closes all open browsers and resets the browser cache.</doc>
<status status="PASS" start="2026-02-21T18:10:42.912251" elapsed="2.177738"/>
</kw>
<status status="PASS" start="2026-02-21T18:10:42.908199" elapsed="2.182058"/>
</kw>
<tag>modular</tag>
<tag>scenario1</tag>
<status status="PASS" start="2026-02-21T18:10:34.615342" elapsed="10.475975"/>
</test>
<kw name="Finalize Suite Screenshot Policy" owner="base" type="TEARDOWN">
<if>
<branch type="IF" condition="'${SUITE STATUS}' == 'FAIL'">
<kw name="Run Keyword And Return Status" owner="BuiltIn">
<var>${has_pass_screenshot}</var>
<arg>Variable Should Exist</arg>
<arg>${SUITE_PASS_SCREENSHOT_PATH}</arg>
<doc>Runs the specified keyword and returns the status as a Boolean value.</doc>
<status status="NOT RUN" start="2026-02-21T18:10:45.093830" elapsed="0.000062"/>
</kw>
<if>
<branch type="IF" condition="${has_pass_screenshot}">
<kw name="Run Keyword And Ignore Error" owner="BuiltIn">
<arg>Remove File</arg>
<arg>${SUITE_PASS_SCREENSHOT_PATH}</arg>
<doc>Runs the given keyword with the given arguments and ignores possible error.</doc>
<status status="NOT RUN" start="2026-02-21T18:10:45.094233" elapsed="0.000051"/>
</kw>
<status status="NOT RUN" start="2026-02-21T18:10:45.094047" elapsed="0.000565"/>
</branch>
<status status="NOT RUN" start="2026-02-21T18:10:45.094016" elapsed="0.000724"/>
</if>
<status status="NOT RUN" start="2026-02-21T18:10:45.093376" elapsed="0.001419"/>
</branch>
<status status="PASS" start="2026-02-21T18:10:45.093334" elapsed="0.001520"/>
</if>
<status status="PASS" start="2026-02-21T18:10:45.093055" elapsed="0.001908"/>
</kw>
<status status="PASS" start="2026-02-21T18:10:23.470448" elapsed="21.624594"/>
</suite>
<statistics>
<total>
<stat pass="2" fail="0" skip="0">All Tests</stat>
</total>
<tag>
<stat pass="2" fail="0" skip="0">modular</stat>
<stat pass="2" fail="0" skip="0">scenario1</stat>
</tag>
<suite>
<stat name="Scenario 1 Registration Login" id="s1" pass="2" fail="0" skip="0">Scenario 1 Registration Login</stat>
</suite>
</statistics>
<errors>
</errors>
</robot>
