<?xml version="1.0" encoding="UTF-8"?>
<robot generator="Robot 7.4.1 (Python 3.13.5 on win32)" generated="2026-02-20T16:28:19.697392" rpa="false" schemaversion="5">
<suite id="s1" name="Capstone project" source="D:\NGATWIPRO\Capstone-Project\Capstone_project">
<suite id="s1-s1" name="Tests" source="D:\NGATWIPRO\Capstone-Project\Capstone_project\tests">
<kw name="Global Suite Setup" type="SETUP">
<kw name="Prepare Fresh Reports Directory" owner="base">
<kw name="Set Variable" owner="BuiltIn">
<msg time="2026-02-20T16:28:19.943803" level="INFO">${reports_dir} = D:\NGATWIPRO\Capstone-Project\Capstone_project\reports</msg>
<var>${reports_dir}</var>
<arg>${EXECDIR}${/}reports</arg>
<doc>Returns the given values which can then be assigned to a variables.</doc>
<status status="PASS" start="2026-02-20T16:28:19.943504" elapsed="0.000330"/>
</kw>
<kw name="Run Keyword And Ignore Error" owner="BuiltIn">
<kw name="Remove Directory" owner="OperatingSystem">
<msg time="2026-02-20T16:28:19.945468" level="INFO" html="true">Removed directory '&lt;a href="file://D:\NGATWIPRO\Capstone-Project\Capstone_project\reports"&gt;D:\NGATWIPRO\Capstone-Project\Capstone_project\reports&lt;/a&gt;'.</msg>
<arg>${reports_dir}</arg>
<arg>recursive=True</arg>
<doc>Removes the directory pointed to by the given ``path``.</doc>
<status status="PASS" start="2026-02-20T16:28:19.944219" elapsed="0.001323"/>
</kw>
<arg>Remove Directory</arg>
<arg>${reports_dir}</arg>
<arg>recursive=True</arg>
<doc>Runs the given keyword with the given arguments and ignores possible error.</doc>
<status status="PASS" start="2026-02-20T16:28:19.943958" elapsed="0.001647"/>
</kw>
<kw name="Create Directory" owner="OperatingSystem">
<msg time="2026-02-20T16:28:19.945967" level="INFO" html="true">Created directory '&lt;a href="file://D:\NGATWIPRO\Capstone-Project\Capstone_project\reports"&gt;D:\NGATWIPRO\Capstone-Project\Capstone_project\reports&lt;/a&gt;'.</msg>
<arg>${reports_dir}</arg>
<doc>Creates the specified directory.</doc>
<status status="PASS" start="2026-02-20T16:28:19.945688" elapsed="0.000343"/>
</kw>
<status status="PASS" start="2026-02-20T16:28:19.943037" elapsed="0.003057"/>
</kw>
<kw name="Prepare Shared Users For Full Run" owner="account_keywords">
<kw name="Evaluate" owner="BuiltIn">
<msg time="2026-02-20T16:28:19.946720" level="INFO">${run_id} = 20260220162819</msg>
<var>${run_id}</var>
<arg>datetime.datetime.now().strftime("%Y%m%d%H%M%S")</arg>
<arg>modules=datetime</arg>
<doc>Evaluates the given expression in Python and returns the result.</doc>
<status status="PASS" start="2026-02-20T16:28:19.946435" elapsed="0.000304"/>
</kw>
<kw name="Log Operation" owner="base">
<kw name="Log" owner="BuiltIn">
<msg time="2026-02-20T16:28:19.947134" level="INFO">[Setup] Initializing dynamic shared user pool for run 20260220162819</msg>
<arg>${message}</arg>
<doc>Logs the given message with the given level.</doc>
<status status="PASS" start="2026-02-20T16:28:19.946978" elapsed="0.000186"/>
</kw>
<arg>[Setup] Initializing dynamic shared user pool for run ${run_id}</arg>
<status status="PASS" start="2026-02-20T16:28:19.946836" elapsed="0.000369"/>
</kw>
<kw name="Create List" owner="BuiltIn">
<msg time="2026-02-20T16:28:19.947386" level="INFO">${emails} = []</msg>
<var>${emails}</var>
<doc>Returns a list containing given items.</doc>
<status status="PASS" start="2026-02-20T16:28:19.947261" elapsed="0.000140"/>
</kw>
<kw name="Create List" owner="BuiltIn">
<msg time="2026-02-20T16:28:19.947574" level="INFO">${passwords} = []</msg>
<var>${passwords}</var>
<doc>Returns a list containing given items.</doc>
<status status="PASS" start="2026-02-20T16:28:19.947458" elapsed="0.000132"/>
</kw>
<kw name="Set Global Variable" owner="BuiltIn">
<msg time="2026-02-20T16:28:19.948438" level="INFO">${SHARED_USER_EMAILS} = []</msg>
<arg>${SHARED_USER_EMAILS}</arg>
<arg>${emails}</arg>
<doc>Makes a variable available globally in all tests and suites.</doc>
<status status="PASS" start="2026-02-20T16:28:19.947654" elapsed="0.000832"/>
</kw>
<kw name="Set Global Variable" owner="BuiltIn">
<msg time="2026-02-20T16:28:19.949279" level="INFO">${SHARED_USER_PASSWORDS} = []</msg>
<arg>${SHARED_USER_PASSWORDS}</arg>
<arg>${passwords}</arg>
<doc>Makes a variable available globally in all tests and suites.</doc>
<status status="PASS" start="2026-02-20T16:28:19.948582" elapsed="0.000736"/>
</kw>
<kw name="Set Global Variable" owner="BuiltIn">
<msg time="2026-02-20T16:28:19.949986" level="INFO">${SHARED_RUN_ID} = 20260220162819</msg>
<arg>${SHARED_RUN_ID}</arg>
<arg>${run_id}</arg>
<doc>Makes a variable available globally in all tests and suites.</doc>
<status status="PASS" start="2026-02-20T16:28:19.949402" elapsed="0.000614"/>
</kw>
<status status="PASS" start="2026-02-20T16:28:19.946223" elapsed="0.003838"/>
</kw>
<status status="PASS" start="2026-02-20T16:28:19.942726" elapsed="0.007368"/>
</kw>
<suite id="s1-s1-s1" name="Role Coverage" source="D:\NGATWIPRO\Capstone-Project\Capstone_project\tests\role_coverage.robot">
<test id="s1-s1-s1-t1" name="Customer Role Validation" line="11">
<kw name="Open Application" owner="base" type="SETUP">
<kw name="Create Directory" owner="OperatingSystem">
<msg time="2026-02-20T16:28:19.956208" level="INFO" html="true">Directory '&lt;a href="file://D:\NGATWIPRO\Capstone-Project\Capstone_project\reports"&gt;D:\NGATWIPRO\Capstone-Project\Capstone_project\reports&lt;/a&gt;' already exists.</msg>
<arg>${EXECDIR}${/}reports</arg>
<doc>Creates the specified directory.</doc>
<status status="PASS" start="2026-02-20T16:28:19.956019" elapsed="0.000238"/>
</kw>
<kw name="Set Screenshot Directory" owner="SeleniumLibrary">
<arg>${EXECDIR}${/}reports</arg>
<doc>Sets the directory for captured screenshots.</doc>
<status status="PASS" start="2026-02-20T16:28:19.956358" elapsed="0.000165"/>
</kw>
<kw name="Resolve Browser Name" owner="base">
<kw name="Evaluate" owner="BuiltIn">
<msg time="2026-02-20T16:28:19.957182" level="INFO">${name} = chrome</msg>
<var>${name}</var>
<arg>str("${browser}").strip().lower()</arg>
<doc>Evaluates the given expression in Python and returns the result.</doc>
<status status="PASS" start="2026-02-20T16:28:19.956897" elapsed="0.000310"/>
</kw>
<if>
<branch type="IF" condition="'${name}' == 'msedge' or '${name}' == 'microsoftedge'">
<kw name="Set Variable" owner="BuiltIn">
<var>${name}</var>
<arg>edge</arg>
<doc>Returns the given values which can then be assigned to a variables.</doc>
<status status="NOT RUN" start="2026-02-20T16:28:19.957438" elapsed="0.000018"/>
</kw>
<status status="NOT RUN" start="2026-02-20T16:28:19.957285" elapsed="0.000199"/>
</branch>
<status status="PASS" start="2026-02-20T16:28:19.957262" elapsed="0.000252"/>
</if>
<kw name="Run Keyword And Return Status" owner="BuiltIn">
<kw name="Should Match Regexp" owner="BuiltIn">
<arg>${name}</arg>
<arg>^(chrome|firefox|edge)$</arg>
<doc>Fails if ``string`` does not match ``pattern`` as a regular expression.</doc>
<status status="PASS" start="2026-02-20T16:28:19.957762" elapsed="0.000241"/>
</kw>
<msg time="2026-02-20T16:28:19.958076" level="INFO">${supported} = True</msg>
<var>${supported}</var>
<arg>Should Match Regexp</arg>
<arg>${name}</arg>
<arg>^(chrome|firefox|edge)$</arg>
<doc>Runs the specified keyword and returns the status as a Boolean value.</doc>
<status status="PASS" start="2026-02-20T16:28:19.957577" elapsed="0.000517"/>
</kw>
<if>
<branch type="IF" condition="not ${supported}">
<kw name="Fail" owner="BuiltIn">
<arg>Unsupported browser '${browser}'. Use chrome, firefox, or edge.</arg>
<doc>Fails the test with the given message and optionally alters its tags.</doc>
<status status="NOT RUN" start="2026-02-20T16:28:19.958283" elapsed="0.000019"/>
</kw>
<status status="NOT RUN" start="2026-02-20T16:28:19.958154" elapsed="0.000173"/>
</branch>
<status status="PASS" start="2026-02-20T16:28:19.958139" elapsed="0.000215"/>
</if>
<return>
<value>${name}</value>
<status status="PASS" start="2026-02-20T16:28:19.958382" elapsed="0.000058"/>
</return>
<msg time="2026-02-20T16:28:19.958538" level="INFO">${resolved_browser} = chrome</msg>
<var>${resolved_browser}</var>
<arg>${browser}</arg>
<status status="PASS" start="2026-02-20T16:28:19.956725" elapsed="0.002006"/>
</kw>
<kw name="Log Operation" owner="base">
<kw name="Log" owner="BuiltIn">
<msg time="2026-02-20T16:28:19.959207" level="INFO">[Browser] Launching tests on chrome</msg>
<arg>${message}</arg>
<doc>Logs the given message with the given level.</doc>
<status status="PASS" start="2026-02-20T16:28:19.959043" elapsed="0.000194"/>
</kw>
<arg>[Browser] Launching tests on ${resolved_browser}</arg>
<status status="PASS" start="2026-02-20T16:28:19.958863" elapsed="0.000417"/>
</kw>
<kw name="Open Browser" owner="SeleniumLibrary">
<msg time="2026-02-20T16:28:19.959527" level="INFO">Opening browser 'chrome' to base url 'https://tutorialsninja.com/demo/'.</msg>
<arg>${URL}</arg>
<arg>${resolved_browser}</arg>
<doc>Opens a new browser instance to the optional ``url``.</doc>
<status status="PASS" start="2026-02-20T16:28:19.959384" elapsed="1.488073"/>
</kw>
<kw name="Maximize Browser Window" owner="SeleniumLibrary">
<doc>Maximizes current browser window.</doc>
<status status="PASS" start="2026-02-20T16:28:21.447696" elapsed="0.035092"/>
</kw>
<kw name="Set Selenium Timeout" owner="SeleniumLibrary">
<arg>${TIMEOUT}</arg>
<doc>Sets the timeout that is used by various keywords.</doc>
<status status="PASS" start="2026-02-20T16:28:21.483584" elapsed="0.003564"/>
</kw>
<kw name="Register Keyword To Run On Failure" owner="SeleniumLibrary">
<msg time="2026-02-20T16:28:21.488824" level="INFO">No keyword will be run on failure.</msg>
<arg>NONE</arg>
<doc>Sets the keyword to execute, when a SeleniumLibrary keyword fails.</doc>
<status status="PASS" start="2026-02-20T16:28:21.488183" elapsed="0.000732"/>
</kw>
<status status="PASS" start="2026-02-20T16:28:19.955750" elapsed="1.533276"/>
</kw>
<kw name="Login User With Fresh Registration" owner="account_keywords">
<kw name="Register New User And Return Credentials" owner="account_keywords">
<if>
<branch type="IF" condition="$email is None">
<kw name="Evaluate" owner="BuiltIn">
<msg time="2026-02-20T16:28:21.490662" level="INFO">${email} = qa_1771585101490@example.com</msg>
<var>${email}</var>
<arg>f"qa_{int(time.time()*1000)}@example.com"</arg>
<arg>modules=time</arg>
<doc>Evaluates the given expression in Python and returns the result.</doc>
<status status="PASS" start="2026-02-20T16:28:21.490289" elapsed="0.000405"/>
</kw>
<status status="PASS" start="2026-02-20T16:28:21.490105" elapsed="0.000637"/>
</branch>
<status status="PASS" start="2026-02-20T16:28:21.490087" elapsed="0.000689"/>
</if>
<kw name="Log Operation" owner="base">
<kw name="Log" owner="BuiltIn">
<msg time="2026-02-20T16:28:21.491344" level="INFO">[Registration] Creating user Test User with qa_1771585101490@example.com</msg>
<arg>${message}</arg>
<doc>Logs the given message with the given level.</doc>
<status status="PASS" start="2026-02-20T16:28:21.491134" elapsed="0.000262"/>
</kw>
<arg>[Registration] Creating user ${firstname} ${lastname} with ${email}</arg>
<status status="PASS" start="2026-02-20T16:28:21.490883" elapsed="0.000575"/>
</kw>
<kw name="Open Register Page" owner="account_page">
<kw name="Go To" owner="SeleniumLibrary">
<msg time="2026-02-20T16:28:21.491937" level="INFO">Opening url 'https://tutorialsninja.com/demo/index.php?route=account/register'</msg>
<arg>${REGISTER_PAGE_URL}</arg>
<doc>Navigates the current browser window to the provided ``url``.</doc>
<status status="PASS" start="2026-02-20T16:28:21.491798" elapsed="0.272224"/>
</kw>
<kw name="Log Operation" owner="base">
<kw name="Log" owner="BuiltIn">
<msg time="2026-02-20T16:28:21.765008" level="INFO">[Assert] Register page should be visible</msg>
<arg>${message}</arg>
<doc>Logs the given message with the given level.</doc>
<status status="PASS" start="2026-02-20T16:28:21.764684" elapsed="0.000396"/>
</kw>
<arg>[Assert] Register page should be visible</arg>
<status status="PASS" start="2026-02-20T16:28:21.764340" elapsed="0.000820"/>
</kw>
<kw name="Assert Register Page Is Visible" owner="account_page">
<kw name="Wait Until Location Contains" owner="SeleniumLibrary">
<arg>route=account/register</arg>
<arg>10s</arg>
<arg>Register page did not open.</arg>
<doc>Waits until the current URL contains ``expected``.</doc>
<status status="PASS" start="2026-02-20T16:28:21.765546" elapsed="0.006100"/>
</kw>
<kw name="Wait Until Element Is Visible" owner="SeleniumLibrary">
<arg>${FIRSTNAME_FIELD}</arg>
<arg>10s</arg>
<arg>First name field is not visible on Register page.</arg>
<doc>Waits until the element ``locator`` is visible.</doc>
<status status="PASS" start="2026-02-20T16:28:21.771910" elapsed="0.027436"/>
</kw>
<kw name="Wait Until Element Is Visible" owner="SeleniumLibrary">
<arg>${EMAIL_FIELD}</arg>
<arg>10s</arg>
<arg>E-mail field is not visible on Register page.</arg>
<doc>Waits until the element ``locator`` is visible.</doc>
<status status="PASS" start="2026-02-20T16:28:21.799519" elapsed="0.021050"/>
</kw>
<status status="PASS" start="2026-02-20T16:28:21.765325" elapsed="0.055342"/>
</kw>
<status status="PASS" start="2026-02-20T16:28:21.491589" elapsed="0.329114"/>
</kw>
<kw name="Submit Registration Form" owner="account_page">
<kw name="Input Text Safe" owner="base">
<kw name="Wait Until Element Is Visible" owner="SeleniumLibrary">
<arg>${locator}</arg>
<doc>Waits until the element ``locator`` is visible.</doc>
<status status="PASS" start="2026-02-20T16:28:21.822010" elapsed="0.012739"/>
</kw>
<kw name="Input Text" owner="SeleniumLibrary">
<msg time="2026-02-20T16:28:21.835432" level="INFO">Typing text 'Test' into text field 'id=input-firstname'.</msg>
<arg>${locator}</arg>
<arg>${text}</arg>
<doc>Types the given ``text`` into the text field identified by ``locator``.</doc>
<status status="PASS" start="2026-02-20T16:28:21.834918" elapsed="0.179443"/>
</kw>
<arg>${FIRSTNAME_FIELD}</arg>
<arg>${firstname}</arg>
<status status="PASS" start="2026-02-20T16:28:21.821604" elapsed="0.192888"/>
</kw>
<kw name="Input Text Safe" owner="base">
<kw name="Wait Until Element Is Visible" owner="SeleniumLibrary">
<arg>${locator}</arg>
<doc>Waits until the element ``locator`` is visible.</doc>
<status status="PASS" start="2026-02-20T16:28:22.014944" elapsed="0.021699"/>
</kw>
<kw name="Input Text" owner="SeleniumLibrary">
<msg time="2026-02-20T16:28:22.037027" level="INFO">Typing text 'User' into text field 'id=input-lastname'.</msg>
<arg>${locator}</arg>
<arg>${text}</arg>
<doc>Types the given ``text`` into the text field identified by ``locator``.</doc>
<status status="PASS" start="2026-02-20T16:28:22.036812" elapsed="0.089318"/>
</kw>
<arg>${LASTNAME_FIELD}</arg>
<arg>${lastname}</arg>
<status status="PASS" start="2026-02-20T16:28:22.014670" elapsed="0.111560"/>
</kw>
<kw name="Input Text Safe" owner="base">
<kw name="Wait Until Element Is Visible" owner="SeleniumLibrary">
<arg>${locator}</arg>
<doc>Waits until the element ``locator`` is visible.</doc>
<status status="PASS" start="2026-02-20T16:28:22.126692" elapsed="0.023145"/>
</kw>
<kw name="Input Text" owner="SeleniumLibrary">
<msg time="2026-02-20T16:28:22.150221" level="INFO">Typing text 'qa_1771585101490@example.com' into text field 'id=input-email'.</msg>
<arg>${locator}</arg>
<arg>${text}</arg>
<doc>Types the given ``text`` into the text field identified by ``locator``.</doc>
<status status="PASS" start="2026-02-20T16:28:22.149998" elapsed="0.187002"/>
</kw>
<arg>${EMAIL_FIELD}</arg>
<arg>${email}</arg>
<status status="PASS" start="2026-02-20T16:28:22.126387" elapsed="0.210836"/>
</kw>
<kw name="Input Text Safe" owner="base">
<kw name="Wait Until Element Is Visible" owner="SeleniumLibrary">
<arg>${locator}</arg>
<doc>Waits until the element ``locator`` is visible.</doc>
<status status="PASS" start="2026-02-20T16:28:22.338458" elapsed="0.037027"/>
</kw>
<kw name="Input Text" owner="SeleniumLibrary">
<msg time="2026-02-20T16:28:22.375955" level="INFO">Typing text '9999999999' into text field 'id=input-telephone'.</msg>
<arg>${locator}</arg>
<arg>${text}</arg>
<doc>Types the given ``text`` into the text field identified by ``locator``.</doc>
<status status="PASS" start="2026-02-20T16:28:22.375679" elapsed="0.121320"/>
</kw>
<arg>${PHONE_FIELD}</arg>
<arg>${phone}</arg>
<status status="PASS" start="2026-02-20T16:28:22.337806" elapsed="0.159552"/>
</kw>
<kw name="Input Text Safe" owner="base">
<kw name="Wait Until Element Is Visible" owner="SeleniumLibrary">
<arg>${locator}</arg>
<doc>Waits until the element ``locator`` is visible.</doc>
<status status="PASS" start="2026-02-20T16:28:22.498549" elapsed="0.018532"/>
</kw>
<kw name="Input Text" owner="SeleniumLibrary">
<msg time="2026-02-20T16:28:22.517542" level="INFO">Typing text 'Password123' into text field 'id=input-password'.</msg>
<arg>${locator}</arg>
<arg>${text}</arg>
<doc>Types the given ``text`` into the text field identified by ``locator``.</doc>
<status status="PASS" start="2026-02-20T16:28:22.517281" elapsed="0.080828"/>
</kw>
<arg>${PASSWORD_FIELD}</arg>
<arg>${password}</arg>
<status status="PASS" start="2026-02-20T16:28:22.497816" elapsed="0.100478"/>
</kw>
<kw name="Input Text Safe" owner="base">
<kw name="Wait Until Element Is Visible" owner="SeleniumLibrary">
<arg>${locator}</arg>
<doc>Waits until the element ``locator`` is visible.</doc>
<status status="PASS" start="2026-02-20T16:28:22.598929" elapsed="0.019476"/>
</kw>
<kw name="Input Text" owner="SeleniumLibrary">
<msg time="2026-02-20T16:28:22.618809" level="INFO">Typing text 'Password123' into text field 'id=input-confirm'.</msg>
<arg>${locator}</arg>
<arg>${text}</arg>
<doc>Types the given ``text`` into the text field identified by ``locator``.</doc>
<status status="PASS" start="2026-02-20T16:28:22.618568" elapsed="0.098655"/>
</kw>
<arg>${CONFIRM_FIELD}</arg>
<arg>${password}</arg>
<status status="PASS" start="2026-02-20T16:28:22.598524" elapsed="0.118797"/>
</kw>
<kw name="Select Checkbox" owner="SeleniumLibrary">
<msg time="2026-02-20T16:28:22.717626" level="INFO">Selecting checkbox 'name=agree'.</msg>
<arg>${PRIVACY_POLICY_CHECKBOX}</arg>
<doc>Selects the checkbox identified by ``locator``.</doc>
<status status="PASS" start="2026-02-20T16:28:22.717435" elapsed="0.078164"/>
</kw>
<kw name="Click With Wait" owner="base">
<kw name="Wait Until Element Is Visible" owner="SeleniumLibrary">
<arg>${locator}</arg>
<doc>Waits until the element ``locator`` is visible.</doc>
<status status="PASS" start="2026-02-20T16:28:22.796239" elapsed="0.013771"/>
</kw>
<kw name="Wait Until Element Is Enabled" owner="SeleniumLibrary">
<arg>${locator}</arg>
<doc>Waits until the element ``locator`` is enabled.</doc>
<status status="PASS" start="2026-02-20T16:28:22.810327" elapsed="0.015695"/>
</kw>
<kw name="Click Element" owner="SeleniumLibrary">
<msg time="2026-02-20T16:28:22.826481" level="INFO">Clicking element 'xpath=//input[@value='Continue']'.</msg>
<arg>${locator}</arg>
<doc>Click the element identified by ``locator``.</doc>
<status status="PASS" start="2026-02-20T16:28:22.826220" elapsed="1.080583"/>
</kw>
<arg>${CONTINUE_BUTTON}</arg>
<status status="PASS" start="2026-02-20T16:28:22.795865" elapsed="1.111056"/>
</kw>
<kw name="Run Keyword And Return Status" owner="BuiltIn">
<kw name="Wait Until Location Contains" owner="SeleniumLibrary">
<arg>route=account/success</arg>
<arg>3s</arg>
<doc>Waits until the current URL contains ``expected``.</doc>
<status status="PASS" start="2026-02-20T16:28:23.907726" elapsed="0.005939"/>
</kw>
<msg time="2026-02-20T16:28:23.913800" level="INFO">${reached_success} = True</msg>
<var>${reached_success}</var>
<arg>Wait Until Location Contains</arg>
<arg>route=account/success</arg>
<arg>3s</arg>
<doc>Runs the specified keyword and returns the status as a Boolean value.</doc>
<status status="PASS" start="2026-02-20T16:28:23.907174" elapsed="0.006649"/>
</kw>
<if>
<branch type="IF" condition="not ${reached_success}">
<kw name="Run Keyword And Return Status" owner="BuiltIn">
<var>${register_form_still_visible}</var>
<arg>Wait Until Element Is Visible</arg>
<arg>${PRIVACY_POLICY_CHECKBOX}</arg>
<arg>2s</arg>
<doc>Runs the specified keyword and returns the status as a Boolean value.</doc>
<status status="NOT RUN" start="2026-02-20T16:28:23.914225" elapsed="0.000101"/>
</kw>
<if>
<branch type="IF" condition="${register_form_still_visible}">
<kw name="Log Operation" owner="base">
<arg>[Registration] First submit stayed on register page, retrying once</arg>
<status status="NOT RUN" start="2026-02-20T16:28:23.914780" elapsed="0.000102"/>
</kw>
<kw name="Select Checkbox" owner="SeleniumLibrary">
<arg>${PRIVACY_POLICY_CHECKBOX}</arg>
<doc>Selects the checkbox identified by ``locator``.</doc>
<status status="NOT RUN" start="2026-02-20T16:28:23.915088" elapsed="0.000026"/>
</kw>
<kw name="Click With Wait" owner="base">
<arg>${CONTINUE_BUTTON}</arg>
<status status="NOT RUN" start="2026-02-20T16:28:23.915221" elapsed="0.000021"/>
</kw>
<status status="NOT RUN" start="2026-02-20T16:28:23.914506" elapsed="0.000761"/>
</branch>
<status status="NOT RUN" start="2026-02-20T16:28:23.914458" elapsed="0.000841"/>
</if>
<status status="NOT RUN" start="2026-02-20T16:28:23.913911" elapsed="0.001404"/>
</branch>
<status status="PASS" start="2026-02-20T16:28:23.913887" elapsed="0.001447"/>
</if>
<arg>${firstname}</arg>
<arg>${lastname}</arg>
<arg>${email}</arg>
<arg>${phone}</arg>
<arg>${password}</arg>
<status status="PASS" start="2026-02-20T16:28:21.820914" elapsed="2.094462"/>
</kw>
<kw name="Registration Should Be Successful" owner="account_page">
<kw name="Log Operation" owner="base">
<kw name="Log" owner="BuiltIn">
<msg time="2026-02-20T16:28:23.916269" level="INFO">[Assert] Registration should be successful</msg>
<arg>${message}</arg>
<doc>Logs the given message with the given level.</doc>
<status status="PASS" start="2026-02-20T16:28:23.915981" elapsed="0.000351"/>
</kw>
<arg>[Assert] Registration should be successful</arg>
<status status="PASS" start="2026-02-20T16:28:23.915796" elapsed="0.000588"/>
</kw>
<kw name="Get Location" owner="SeleniumLibrary">
<msg time="2026-02-20T16:28:23.922868" level="INFO">${location} = https://tutorialsninja.com/demo/index.php?route=account/success</msg>
<var>${location}</var>
<doc>Returns the current browser window URL.</doc>
<status status="PASS" start="2026-02-20T16:28:23.916463" elapsed="0.006486"/>
</kw>
<kw name="Run Keyword And Return Status" owner="BuiltIn">
<kw name="Page Should Contain" owner="SeleniumLibrary">
<msg time="2026-02-20T16:28:23.937600" level="INFO">Current page contains text 'Your Account Has Been Created!'.</msg>
<arg>Your Account Has Been Created!</arg>
<doc>Verifies that current page contains ``text``.</doc>
<status status="PASS" start="2026-02-20T16:28:23.924498" elapsed="0.013184"/>
</kw>
<msg time="2026-02-20T16:28:23.937795" level="INFO">${has_success_text} = True</msg>
<var>${has_success_text}</var>
<arg>Page Should Contain</arg>
<arg>Your Account Has Been Created!</arg>
<doc>Runs the specified keyword and returns the status as a Boolean value.</doc>
<status status="PASS" start="2026-02-20T16:28:23.923334" elapsed="0.014480"/>
</kw>
<kw name="Run Keyword And Return Status" owner="BuiltIn">
<kw name="Should Contain" owner="BuiltIn">
<arg>${location}</arg>
<arg>route=account/success</arg>
<doc>Fails if ``container`` does not contain ``item`` one or more times.</doc>
<status status="PASS" start="2026-02-20T16:28:23.938181" elapsed="0.000314"/>
</kw>
<msg time="2026-02-20T16:28:23.938570" level="INFO">${at_success_url} = True</msg>
<var>${at_success_url}</var>
<arg>Should Contain</arg>
<arg>${location}</arg>
<arg>route=account/success</arg>
<doc>Runs the specified keyword and returns the status as a Boolean value.</doc>
<status status="PASS" start="2026-02-20T16:28:23.937933" elapsed="0.000654"/>
</kw>
<kw name="Run Keyword And Return Status" owner="BuiltIn">
<kw name="Page Should Contain" owner="SeleniumLibrary">
<msg time="2026-02-20T16:28:23.960006" level="FAIL">Page should have contained text 'Warning: E-Mail Address is already registered!' but did not.</msg>
<arg>Warning: E-Mail Address is already registered!</arg>
<doc>Verifies that current page contains ``text``.</doc>
<status status="FAIL" start="2026-02-20T16:28:23.938832" elapsed="0.024970">Page should have contained text 'Warning: E-Mail Address is already registered!' but did not.</status>
</kw>
<msg time="2026-02-20T16:28:23.964030" level="INFO">${email_exists_warning} = False</msg>
<var>${email_exists_warning}</var>
<arg>Page Should Contain</arg>
<arg>Warning: E-Mail Address is already registered!</arg>
<doc>Runs the specified keyword and returns the status as a Boolean value.</doc>
<status status="PASS" start="2026-02-20T16:28:23.938667" elapsed="0.025402"/>
</kw>
<kw name="Run Keyword And Return Status" owner="BuiltIn">
<kw name="Page Should Contain" owner="SeleniumLibrary">
<msg time="2026-02-20T16:28:23.985509" level="FAIL">Page should have contained text 'Warning: You must agree to the Privacy Policy!' but did not.</msg>
<arg>Warning: You must agree to the Privacy Policy!</arg>
<doc>Verifies that current page contains ``text``.</doc>
<status status="FAIL" start="2026-02-20T16:28:23.964748" elapsed="0.021522">Page should have contained text 'Warning: You must agree to the Privacy Policy!' but did not.</status>
</kw>
<msg time="2026-02-20T16:28:23.986430" level="INFO">${privacy_warning} = False</msg>
<var>${privacy_warning}</var>
<arg>Page Should Contain</arg>
<arg>Warning: You must agree to the Privacy Policy!</arg>
<doc>Runs the specified keyword and returns the status as a Boolean value.</doc>
<status status="PASS" start="2026-02-20T16:28:23.964249" elapsed="0.022213"/>
</kw>
<kw name="Run Keyword And Return Status" owner="BuiltIn">
<kw name="Element Should Be Visible" owner="SeleniumLibrary">
<msg time="2026-02-20T16:28:23.999646" level="FAIL">Element with locator 'css=.text-danger' not found.</msg>
<arg>css=.text-danger</arg>
<doc>Verifies that the element identified by ``locator`` is visible.</doc>
<status status="FAIL" start="2026-02-20T16:28:23.987006" elapsed="0.017747">Element with locator 'css=.text-danger' not found.</status>
</kw>
<msg time="2026-02-20T16:28:24.005483" level="INFO">${has_form_error} = False</msg>
<var>${has_form_error}</var>
<arg>Element Should Be Visible</arg>
<arg>css=.text-danger</arg>
<doc>Runs the specified keyword and returns the status as a Boolean value.</doc>
<status status="PASS" start="2026-02-20T16:28:23.986629" elapsed="0.018994"/>
</kw>
<kw name="Run Keyword If" owner="BuiltIn">
<arg>${email_exists_warning}</arg>
<arg>Fail</arg>
<arg>User not registered: e-mail already exists.</arg>
<doc>Runs the given keyword with the given arguments, if ``condition`` is true.</doc>
<status status="PASS" start="2026-02-20T16:28:24.006119" elapsed="0.001109"/>
</kw>
<kw name="Run Keyword If" owner="BuiltIn">
<arg>${privacy_warning}</arg>
<arg>Fail</arg>
<arg>User not registered: privacy policy agreement was not accepted.</arg>
<doc>Runs the given keyword with the given arguments, if ``condition`` is true.</doc>
<status status="PASS" start="2026-02-20T16:28:24.007593" elapsed="0.000314"/>
</kw>
<if>
<branch type="IF" condition="${has_form_error}">
<kw name="Get Text" owner="SeleniumLibrary">
<var>${error_text}</var>
<arg>css=.text-danger</arg>
<doc>Returns the text value of the element identified by ``locator``.</doc>
<status status="NOT RUN" start="2026-02-20T16:28:24.008343" elapsed="0.000044"/>
</kw>
<kw name="Fail" owner="BuiltIn">
<arg>User not registered: form validation error - ${error_text}</arg>
<doc>Fails the test with the given message and optionally alters its tags.</doc>
<status status="NOT RUN" start="2026-02-20T16:28:24.008480" elapsed="0.000020"/>
</kw>
<status status="NOT RUN" start="2026-02-20T16:28:24.008057" elapsed="0.000473"/>
</branch>
<status status="PASS" start="2026-02-20T16:28:24.008017" elapsed="0.000546"/>
</if>
<kw name="Run Keyword If" owner="BuiltIn">
<arg>not (${has_success_text} or ${at_success_url})</arg>
<arg>Fail</arg>
<arg>User not registered: registration success was not confirmed.</arg>
<doc>Runs the given keyword with the given arguments, if ``condition`` is true.</doc>
<status status="PASS" start="2026-02-20T16:28:24.008693" elapsed="0.001111"/>
</kw>
<status status="PASS" start="2026-02-20T16:28:23.915529" elapsed="0.094637"/>
</kw>
<return>
<value>${email}</value>
<value>${password}</value>
<status status="PASS" start="2026-02-20T16:28:24.010470" elapsed="0.000214"/>
</return>
<msg time="2026-02-20T16:28:24.011474" level="INFO">${email} = qa_1771585101490@example.com</msg>
<msg time="2026-02-20T16:28:24.011786" level="INFO">${password} = Password123</msg>
<var>${email}</var>
<var>${password}</var>
<arg>${firstname}</arg>
<arg>${lastname}</arg>
<arg>${phone}</arg>
<arg>${password}</arg>
<status status="PASS" start="2026-02-20T16:28:21.489837" elapsed="2.522109"/>
</kw>
<kw name="Logout From Account" owner="account_page">
<kw name="Silence Failure Screenshots" owner="base">
<kw name="Register Keyword To Run On Failure" owner="SeleniumLibrary">
<msg time="2026-02-20T16:28:24.013762" level="INFO">No keyword will be run on failure.</msg>
<arg>NONE</arg>
<doc>Sets the keyword to execute, when a SeleniumLibrary keyword fails.</doc>
<status status="PASS" start="2026-02-20T16:28:24.013540" elapsed="0.000372"/>
</kw>
<status status="PASS" start="2026-02-20T16:28:24.013318" elapsed="0.000664"/>
</kw>
<kw name="Run Keyword And Return Status" owner="BuiltIn">
<kw name="Wait Until Element Is Visible" owner="SeleniumLibrary">
<arg>${MY_ACCOUNT_MENU}</arg>
<arg>3s</arg>
<doc>Waits until the element ``locator`` is visible.</doc>
<status status="PASS" start="2026-02-20T16:28:24.014582" elapsed="0.021912"/>
</kw>
<msg time="2026-02-20T16:28:24.036714" level="INFO">${menu_visible} = True</msg>
<var>${menu_visible}</var>
<arg>Wait Until Element Is Visible</arg>
<arg>${MY_ACCOUNT_MENU}</arg>
<arg>3s</arg>
<doc>Runs the specified keyword and returns the status as a Boolean value.</doc>
<status status="PASS" start="2026-02-20T16:28:24.014076" elapsed="0.022678"/>
</kw>
<kw name="Enable Failure Screenshots" owner="base">
<kw name="Register Keyword To Run On Failure" owner="SeleniumLibrary">
<msg time="2026-02-20T16:28:24.037783" level="INFO">No keyword will be run on failure.</msg>
<arg>NONE</arg>
<doc>Sets the keyword to execute, when a SeleniumLibrary keyword fails.</doc>
<status status="PASS" start="2026-02-20T16:28:24.037469" elapsed="0.000431"/>
</kw>
<status status="PASS" start="2026-02-20T16:28:24.037015" elapsed="0.001077"/>
</kw>
<if>
<branch type="IF" condition="${menu_visible}">
<kw name="Silence Failure Screenshots" owner="base">
<kw name="Register Keyword To Run On Failure" owner="SeleniumLibrary">
<msg time="2026-02-20T16:28:24.039170" level="INFO">No keyword will be run on failure.</msg>
<arg>NONE</arg>
<doc>Sets the keyword to execute, when a SeleniumLibrary keyword fails.</doc>
<status status="PASS" start="2026-02-20T16:28:24.038983" elapsed="0.000290"/>
</kw>
<status status="PASS" start="2026-02-20T16:28:24.038605" elapsed="0.000791"/>
</kw>
<kw name="Run Keyword And Return Status" owner="BuiltIn">
<kw name="Ensure Account Option Is Visible" owner="account_page">
<kw name="Silence Failure Screenshots" owner="base">
<kw name="Register Keyword To Run On Failure" owner="SeleniumLibrary">
<msg time="2026-02-20T16:28:24.040435" level="INFO">No keyword will be run on failure.</msg>
<arg>NONE</arg>
<doc>Sets the keyword to execute, when a SeleniumLibrary keyword fails.</doc>
<status status="PASS" start="2026-02-20T16:28:24.040342" elapsed="0.000132"/>
</kw>
<status status="PASS" start="2026-02-20T16:28:24.040186" elapsed="0.000335"/>
</kw>
<kw name="Run Keyword And Return Status" owner="BuiltIn">
<kw name="Element Should Be Visible" owner="SeleniumLibrary">
<msg time="2026-02-20T16:28:24.058157" level="FAIL">The element 'xpath=//ul[@class='dropdown-menu dropdown-menu-right']//a[text()='Logout']' should be visible, but it is not.</msg>
<arg>${option_locator}</arg>
<doc>Verifies that the element identified by ``locator`` is visible.</doc>
<status status="FAIL" start="2026-02-20T16:28:24.040801" elapsed="0.019409">The element 'xpath=//ul[@class='dropdown-menu dropdown-menu-right']//a[text()='Logout']' should be visible, but it is not.</status>
</kw>
<msg time="2026-02-20T16:28:24.060642" level="INFO">${option_visible} = False</msg>
<var>${option_visible}</var>
<arg>Element Should Be Visible</arg>
<arg>${option_locator}</arg>
<doc>Runs the specified keyword and returns the status as a Boolean value.</doc>
<status status="PASS" start="2026-02-20T16:28:24.040598" elapsed="0.020086"/>
</kw>
<kw name="Enable Failure Screenshots" owner="base">
<kw name="Register Keyword To Run On Failure" owner="SeleniumLibrary">
<msg time="2026-02-20T16:28:24.061438" level="INFO">No keyword will be run on failure.</msg>
<arg>NONE</arg>
<doc>Sets the keyword to execute, when a SeleniumLibrary keyword fails.</doc>
<status status="PASS" start="2026-02-20T16:28:24.061261" elapsed="0.000235"/>
</kw>
<status status="PASS" start="2026-02-20T16:28:24.060927" elapsed="0.000646"/>
</kw>
<if>
<branch type="IF" condition="not ${option_visible}">
<kw name="Click With Wait" owner="base">
<kw name="Wait Until Element Is Visible" owner="SeleniumLibrary">
<arg>${locator}</arg>
<doc>Waits until the element ``locator`` is visible.</doc>
<status status="PASS" start="2026-02-20T16:28:24.062267" elapsed="0.014650"/>
</kw>
<kw name="Wait Until Element Is Enabled" owner="SeleniumLibrary">
<arg>${locator}</arg>
<doc>Waits until the element ``locator`` is enabled.</doc>
<status status="PASS" start="2026-02-20T16:28:24.077118" elapsed="0.019447"/>
</kw>
<kw name="Click Element" owner="SeleniumLibrary">
<msg time="2026-02-20T16:28:24.097028" level="INFO">Clicking element 'xpath=//span[text()='My Account']'.</msg>
<arg>${locator}</arg>
<doc>Click the element identified by ``locator``.</doc>
<status status="PASS" start="2026-02-20T16:28:24.096790" elapsed="0.060898"/>
</kw>
<arg>${MY_ACCOUNT_MENU}</arg>
<status status="PASS" start="2026-02-20T16:28:24.061980" elapsed="0.095913"/>
</kw>
<kw name="Wait Until Element Is Visible" owner="SeleniumLibrary">
<arg>css=ul.dropdown-menu.dropdown-menu-right</arg>
<doc>Waits until the element ``locator`` is visible.</doc>
<status status="PASS" start="2026-02-20T16:28:24.158061" elapsed="0.026528"/>
</kw>
<kw name="Wait Until Element Is Visible" owner="SeleniumLibrary">
<arg>${option_locator}</arg>
<doc>Waits until the element ``locator`` is visible.</doc>
<status status="PASS" start="2026-02-20T16:28:24.184830" elapsed="0.010264"/>
</kw>
<kw name="Wait Until Element Is Enabled" owner="SeleniumLibrary">
<arg>${option_locator}</arg>
<doc>Waits until the element ``locator`` is enabled.</doc>
<status status="PASS" start="2026-02-20T16:28:24.195259" elapsed="0.013179"/>
</kw>
<status status="PASS" start="2026-02-20T16:28:24.061701" elapsed="0.146855"/>
</branch>
<status status="PASS" start="2026-02-20T16:28:24.061664" elapsed="0.146950"/>
</if>
<arg>${LOGOUT_LINK}</arg>
<status status="PASS" start="2026-02-20T16:28:24.039954" elapsed="0.168725"/>
</kw>
<msg time="2026-02-20T16:28:24.208801" level="INFO">${logout_visible} = True</msg>
<var>${logout_visible}</var>
<arg>Ensure Account Option Is Visible</arg>
<arg>${LOGOUT_LINK}</arg>
<doc>Runs the specified keyword and returns the status as a Boolean value.</doc>
<status status="PASS" start="2026-02-20T16:28:24.039589" elapsed="0.169246"/>
</kw>
<kw name="Enable Failure Screenshots" owner="base">
<kw name="Register Keyword To Run On Failure" owner="SeleniumLibrary">
<msg time="2026-02-20T16:28:24.209405" level="INFO">No keyword will be run on failure.</msg>
<arg>NONE</arg>
<doc>Sets the keyword to execute, when a SeleniumLibrary keyword fails.</doc>
<status status="PASS" start="2026-02-20T16:28:24.209275" elapsed="0.000180"/>
</kw>
<status status="PASS" start="2026-02-20T16:28:24.209018" elapsed="0.000504"/>
</kw>
<if>
<branch type="IF" condition="${logout_visible}">
<kw name="Run Keyword And Return Status" owner="BuiltIn">
<kw name="Click With Wait" owner="base">
<kw name="Wait Until Element Is Visible" owner="SeleniumLibrary">
<arg>${locator}</arg>
<doc>Waits until the element ``locator`` is visible.</doc>
<status status="PASS" start="2026-02-20T16:28:24.210504" elapsed="0.012461"/>
</kw>
<kw name="Wait Until Element Is Enabled" owner="SeleniumLibrary">
<arg>${locator}</arg>
<doc>Waits until the element ``locator`` is enabled.</doc>
<status status="PASS" start="2026-02-20T16:28:24.223214" elapsed="0.015071"/>
</kw>
<kw name="Click Element" owner="SeleniumLibrary">
<msg time="2026-02-20T16:28:24.238788" level="INFO">Clicking element 'xpath=//ul[@class='dropdown-menu dropdown-menu-right']//a[text()='Logout']'.</msg>
<arg>${locator}</arg>
<doc>Click the element identified by ``locator``.</doc>
<status status="PASS" start="2026-02-20T16:28:24.238550" elapsed="0.342164"/>
</kw>
<arg>${LOGOUT_LINK}</arg>
<status status="PASS" start="2026-02-20T16:28:24.210192" elapsed="0.370625"/>
</kw>
<msg time="2026-02-20T16:28:24.580933" level="INFO">${clicked_logout} = True</msg>
<var>${clicked_logout}</var>
<arg>Click With Wait</arg>
<arg>${LOGOUT_LINK}</arg>
<doc>Runs the specified keyword and returns the status as a Boolean value.</doc>
<status status="PASS" start="2026-02-20T16:28:24.209772" elapsed="0.371185"/>
</kw>
<if>
<branch type="IF" condition="not ${clicked_logout}">
<kw name="Go To" owner="SeleniumLibrary">
<arg>${LOGOUT_PAGE_URL}</arg>
<doc>Navigates the current browser window to the provided ``url``.</doc>
<status status="NOT RUN" start="2026-02-20T16:28:24.581420" elapsed="0.000040"/>
</kw>
<status status="NOT RUN" start="2026-02-20T16:28:24.581048" elapsed="0.000464"/>
</branch>
<status status="PASS" start="2026-02-20T16:28:24.581021" elapsed="0.000593"/>
</if>
<status status="PASS" start="2026-02-20T16:28:24.209603" elapsed="0.372061"/>
</branch>
<branch type="ELSE">
<kw name="Go To" owner="SeleniumLibrary">
<arg>${LOGOUT_PAGE_URL}</arg>
<doc>Navigates the current browser window to the provided ``url``.</doc>
<status status="NOT RUN" start="2026-02-20T16:28:24.581865" elapsed="0.000027"/>
</kw>
<status status="NOT RUN" start="2026-02-20T16:28:24.581727" elapsed="0.000199"/>
</branch>
<status status="PASS" start="2026-02-20T16:28:24.209579" elapsed="0.372371"/>
</if>
<status status="PASS" start="2026-02-20T16:28:24.038245" elapsed="0.543725"/>
</branch>
<branch type="ELSE">
<kw name="Go To" owner="SeleniumLibrary">
<arg>${LOGOUT_PAGE_URL}</arg>
<doc>Navigates the current browser window to the provided ``url``.</doc>
<status status="NOT RUN" start="2026-02-20T16:28:24.582067" elapsed="0.000035"/>
</kw>
<status status="NOT RUN" start="2026-02-20T16:28:24.581996" elapsed="0.000208"/>
</branch>
<status status="PASS" start="2026-02-20T16:28:24.038209" elapsed="0.544103"/>
</if>
<status status="PASS" start="2026-02-20T16:28:24.012793" elapsed="0.569602"/>
</kw>
<kw name="Logout Should Be Successful" owner="account_page">
<kw name="Log Operation" owner="base">
<kw name="Log" owner="BuiltIn">
<msg time="2026-02-20T16:28:24.583783" level="INFO">[Assert] Logout should terminate session</msg>
<arg>${message}</arg>
<doc>Logs the given message with the given level.</doc>
<status status="PASS" start="2026-02-20T16:28:24.583151" elapsed="0.000685"/>
</kw>
<arg>[Assert] Logout should terminate session</arg>
<status status="PASS" start="2026-02-20T16:28:24.582947" elapsed="0.000947"/>
</kw>
<kw name="Wait Until Keyword Succeeds" owner="BuiltIn">
<kw name="Account Access Should Require Login" owner="account_page">
<kw name="Go To" owner="SeleniumLibrary">
<msg time="2026-02-20T16:28:24.584548" level="INFO">Opening url 'https://tutorialsninja.com/demo/index.php?route=account/account'</msg>
<arg>${ACCOUNT_PAGE_URL}</arg>
<doc>Navigates the current browser window to the provided ``url``.</doc>
<status status="PASS" start="2026-02-20T16:28:24.584459" elapsed="0.277356"/>
</kw>
<kw name="Wait Until Keyword Succeeds" owner="BuiltIn">
<kw name="Validate Access Redirected To Login" owner="account_page">
<kw name="Get Location" owner="SeleniumLibrary">
<msg time="2026-02-20T16:28:24.872228" level="INFO">${location} = https://tutorialsninja.com/demo/index.php?route=account/login</msg>
<var>${location}</var>
<doc>Returns the current browser window URL.</doc>
<status status="PASS" start="2026-02-20T16:28:24.863449" elapsed="0.008826"/>
</kw>
<kw name="Run Keyword And Return Status" owner="BuiltIn">
<kw name="Should Contain" owner="BuiltIn">
<arg>${location}</arg>
<arg>route=account/login</arg>
<doc>Fails if ``container`` does not contain ``item`` one or more times.</doc>
<status status="PASS" start="2026-02-20T16:28:24.872746" elapsed="0.000245"/>
</kw>
<msg time="2026-02-20T16:28:24.873067" level="INFO">${at_login_url} = True</msg>
<var>${at_login_url}</var>
<arg>Should Contain</arg>
<arg>${location}</arg>
<arg>route=account/login</arg>
<doc>Runs the specified keyword and returns the status as a Boolean value.</doc>
<status status="PASS" start="2026-02-20T16:28:24.872437" elapsed="0.000648"/>
</kw>
<kw name="Run Keyword And Return Status" owner="BuiltIn">
<kw name="Page Should Contain" owner="SeleniumLibrary">
<msg time="2026-02-20T16:28:24.886293" level="INFO">Current page contains text 'Returning Customer'.</msg>
<arg>Returning Customer</arg>
<doc>Verifies that current page contains ``text``.</doc>
<status status="PASS" start="2026-02-20T16:28:24.873598" elapsed="0.012786"/>
</kw>
<msg time="2026-02-20T16:28:24.886502" level="INFO">${has_login_prompt} = True</msg>
<var>${has_login_prompt}</var>
<arg>Page Should Contain</arg>
<arg>Returning Customer</arg>
<doc>Runs the specified keyword and returns the status as a Boolean value.</doc>
<status status="PASS" start="2026-02-20T16:28:24.873257" elapsed="0.013263"/>
</kw>
<kw name="Run Keyword And Return Status" owner="BuiltIn">
<kw name="Should Contain" owner="BuiltIn">
<msg time="2026-02-20T16:28:24.887282" level="FAIL">'https://tutorialsninja.com/demo/index.php?route=account/login' does not contain 'route=account/account'</msg>
<arg>${location}</arg>
<arg>route=account/account</arg>
<doc>Fails if ``container`` does not contain ``item`` one or more times.</doc>
<status status="FAIL" start="2026-02-20T16:28:24.887022" elapsed="0.000318">'https://tutorialsninja.com/demo/index.php?route=account/login' does not contain 'route=account/account'</status>
</kw>
<msg time="2026-02-20T16:28:24.887419" level="INFO">${still_account} = False</msg>
<var>${still_account}</var>
<arg>Should Contain</arg>
<arg>${location}</arg>
<arg>route=account/account</arg>
<doc>Runs the specified keyword and returns the status as a Boolean value.</doc>
<status status="PASS" start="2026-02-20T16:28:24.886710" elapsed="0.000725"/>
</kw>
<kw name="Run Keyword If" owner="BuiltIn">
<arg>${still_account}</arg>
<arg>Fail</arg>
<arg>Session is still active.</arg>
<doc>Runs the given keyword with the given arguments, if ``condition`` is true.</doc>
<status status="PASS" start="2026-02-20T16:28:24.887517" elapsed="0.000357"/>
</kw>
<kw name="Run Keyword If" owner="BuiltIn">
<arg>not (${at_login_url} or ${has_login_prompt})</arg>
<arg>Fail</arg>
<arg>Login redirection was not confirmed.</arg>
<doc>Runs the given keyword with the given arguments, if ``condition`` is true.</doc>
<status status="PASS" start="2026-02-20T16:28:24.888020" elapsed="0.000354"/>
</kw>
<status status="PASS" start="2026-02-20T16:28:24.862816" elapsed="0.025773"/>
</kw>
<arg>5x</arg>
<arg>1s</arg>
<arg>Validate Access Redirected To Login</arg>
<doc>Runs the specified keyword and retries if it fails.</doc>
<status status="PASS" start="2026-02-20T16:28:24.862035" elapsed="0.026612"/>
</kw>
<status status="PASS" start="2026-02-20T16:28:24.584300" elapsed="0.304391"/>
</kw>
<arg>5x</arg>
<arg>1s</arg>
<arg>Account Access Should Require Login</arg>
<doc>Runs the specified keyword and retries if it fails.</doc>
<status status="PASS" start="2026-02-20T16:28:24.583983" elapsed="0.304738"/>
</kw>
<status status="PASS" start="2026-02-20T16:28:24.582579" elapsed="0.306175"/>
</kw>
<kw name="Login User With Credentials" owner="account_keywords">
<kw name="Log Operation" owner="base">
<kw name="Log" owner="BuiltIn">
<msg time="2026-02-20T16:28:24.889435" level="INFO">[Login] Logging in with qa_1771585101490@example.com</msg>
<arg>${message}</arg>
<doc>Logs the given message with the given level.</doc>
<status status="PASS" start="2026-02-20T16:28:24.889264" elapsed="0.000203"/>
</kw>
<arg>[Login] Logging in with ${email}</arg>
<status status="PASS" start="2026-02-20T16:28:24.889109" elapsed="0.000397"/>
</kw>
<kw name="Open Login Page" owner="account_page">
<kw name="Go To" owner="SeleniumLibrary">
<msg time="2026-02-20T16:28:24.889820" level="INFO">Opening url 'https://tutorialsninja.com/demo/index.php?route=account/login'</msg>
<arg>${LOGIN_PAGE_URL}</arg>
<doc>Navigates the current browser window to the provided ``url``.</doc>
<status status="PASS" start="2026-02-20T16:28:24.889742" elapsed="0.166071"/>
</kw>
<kw name="Log Operation" owner="base">
<kw name="Log" owner="BuiltIn">
<msg time="2026-02-20T16:28:25.056429" level="INFO">[Assert] Login page should be visible</msg>
<arg>${message}</arg>
<doc>Logs the given message with the given level.</doc>
<status status="PASS" start="2026-02-20T16:28:25.056222" elapsed="0.000245"/>
</kw>
<arg>[Assert] Login page should be visible</arg>
<status status="PASS" start="2026-02-20T16:28:25.055998" elapsed="0.000568"/>
</kw>
<kw name="Assert Login Page Is Visible" owner="account_page">
<kw name="Wait Until Location Contains" owner="SeleniumLibrary">
<arg>route=account/login</arg>
<arg>10s</arg>
<arg>Login page did not open.</arg>
<doc>Waits until the current URL contains ``expected``.</doc>
<status status="PASS" start="2026-02-20T16:28:25.057174" elapsed="0.003942"/>
</kw>
<kw name="Wait Until Element Is Visible" owner="SeleniumLibrary">
<arg>${EMAIL_FIELD}</arg>
<arg>10s</arg>
<arg>E-mail field is not visible on Login page.</arg>
<doc>Waits until the element ``locator`` is visible.</doc>
<status status="PASS" start="2026-02-20T16:28:25.061316" elapsed="0.014221"/>
</kw>
<kw name="Wait Until Element Is Visible" owner="SeleniumLibrary">
<arg>${PASSWORD_FIELD}</arg>
<arg>10s</arg>
<arg>Password field is not visible on Login page.</arg>
<doc>Waits until the element ``locator`` is visible.</doc>
<status status="PASS" start="2026-02-20T16:28:25.075736" elapsed="0.012470"/>
</kw>
<status status="PASS" start="2026-02-20T16:28:25.056715" elapsed="0.031624"/>
</kw>
<status status="PASS" start="2026-02-20T16:28:24.889606" elapsed="0.198841"/>
</kw>
<kw name="Submit Login Form" owner="account_page">
<kw name="Input Text Safe" owner="base">
<kw name="Wait Until Element Is Visible" owner="SeleniumLibrary">
<arg>${locator}</arg>
<doc>Waits until the element ``locator`` is visible.</doc>
<status status="PASS" start="2026-02-20T16:28:25.089164" elapsed="0.012071"/>
</kw>
<kw name="Input Text" owner="SeleniumLibrary">
<msg time="2026-02-20T16:28:25.101585" level="INFO">Typing text 'qa_1771585101490@example.com' into text field 'id=input-email'.</msg>
<arg>${locator}</arg>
<arg>${text}</arg>
<doc>Types the given ``text`` into the text field identified by ``locator``.</doc>
<status status="PASS" start="2026-02-20T16:28:25.101387" elapsed="0.175089"/>
</kw>
<arg>${EMAIL_FIELD}</arg>
<arg>${email}</arg>
<status status="PASS" start="2026-02-20T16:28:25.088969" elapsed="0.187635"/>
</kw>
<kw name="Input Text Safe" owner="base">
<kw name="Wait Until Element Is Visible" owner="SeleniumLibrary">
<arg>${locator}</arg>
<doc>Waits until the element ``locator`` is visible.</doc>
<status status="PASS" start="2026-02-20T16:28:25.277270" elapsed="0.021161"/>
</kw>
<kw name="Input Text" owner="SeleniumLibrary">
<msg time="2026-02-20T16:28:25.299209" level="INFO">Typing text 'Password123' into text field 'id=input-password'.</msg>
<arg>${locator}</arg>
<arg>${text}</arg>
<doc>Types the given ``text`` into the text field identified by ``locator``.</doc>
<status status="PASS" start="2026-02-20T16:28:25.298692" elapsed="0.108113"/>
</kw>
<arg>${PASSWORD_FIELD}</arg>
<arg>${password}</arg>
<status status="PASS" start="2026-02-20T16:28:25.276893" elapsed="0.130543"/>
</kw>
<kw name="Click Button" owner="SeleniumLibrary">
<msg time="2026-02-20T16:28:25.408041" level="INFO">Clicking button 'xpath=//input[@value='Login']'.</msg>
<arg>${LOGIN_BUTTON}</arg>
<doc>Clicks the button identified by ``locator``.</doc>
<status status="PASS" start="2026-02-20T16:28:25.407681" elapsed="0.134614"/>
</kw>
<arg>${email}</arg>
<arg>${password}</arg>
<status status="PASS" start="2026-02-20T16:28:25.088668" elapsed="0.453845"/>
</kw>
<kw name="Login Should Be Successful" owner="account_page">
<kw name="Log Operation" owner="base">
<kw name="Log" owner="BuiltIn">
<msg time="2026-02-20T16:28:25.545054" level="INFO">[Assert] Login should be successful</msg>
<arg>${message}</arg>
<doc>Logs the given message with the given level.</doc>
<status status="PASS" start="2026-02-20T16:28:25.544611" elapsed="0.000552"/>
</kw>
<arg>[Assert] Login should be successful</arg>
<status status="PASS" start="2026-02-20T16:28:25.543181" elapsed="0.002111"/>
</kw>
<kw name="Wait Until Keyword Succeeds" owner="BuiltIn">
<kw name="Validate Logged In State" owner="account_page">
<kw name="Get Location" owner="SeleniumLibrary">
<msg time="2026-02-20T16:28:26.255362" level="INFO">${location} = https://tutorialsninja.com/demo/index.php?route=account/account</msg>
<var>${location}</var>
<doc>Returns the current browser window URL.</doc>
<status status="PASS" start="2026-02-20T16:28:25.546302" elapsed="0.709134"/>
</kw>
<kw name="Silence Failure Screenshots" owner="base">
<kw name="Register Keyword To Run On Failure" owner="SeleniumLibrary">
<msg time="2026-02-20T16:28:26.256336" level="INFO">No keyword will be run on failure.</msg>
<arg>NONE</arg>
<doc>Sets the keyword to execute, when a SeleniumLibrary keyword fails.</doc>
<status status="PASS" start="2026-02-20T16:28:26.256129" elapsed="0.000280"/>
</kw>
<status status="PASS" start="2026-02-20T16:28:26.255725" elapsed="0.000808"/>
</kw>
<kw name="Run Keyword And Return Status" owner="BuiltIn">
<kw name="Should Contain" owner="BuiltIn">
<arg>${location}</arg>
<arg>route=account/account</arg>
<doc>Fails if ``container`` does not contain ``item`` one or more times.</doc>
<status status="PASS" start="2026-02-20T16:28:26.257239" elapsed="0.000446"/>
</kw>
<msg time="2026-02-20T16:28:26.257850" level="INFO">${has_account_url} = True</msg>
<var>${has_account_url}</var>
<arg>Should Contain</arg>
<arg>${location}</arg>
<arg>route=account/account</arg>
<doc>Runs the specified keyword and returns the status as a Boolean value.</doc>
<status status="PASS" start="2026-02-20T16:28:26.256738" elapsed="0.001155"/>
</kw>
<kw name="Run Keyword And Return Status" owner="BuiltIn">
<kw name="Page Should Contain" owner="SeleniumLibrary">
<msg time="2026-02-20T16:28:26.276904" level="INFO">Current page contains text 'Edit your account information'.</msg>
<arg>Edit your account information</arg>
<doc>Verifies that current page contains ``text``.</doc>
<status status="PASS" start="2026-02-20T16:28:26.258503" elapsed="0.018504"/>
</kw>
<msg time="2026-02-20T16:28:26.277150" level="INFO">${has_edit_account} = True</msg>
<var>${has_edit_account}</var>
<arg>Page Should Contain</arg>
<arg>Edit your account information</arg>
<doc>Runs the specified keyword and returns the status as a Boolean value.</doc>
<status status="PASS" start="2026-02-20T16:28:26.258096" elapsed="0.019082"/>
</kw>
<kw name="Run Keyword And Return Status" owner="BuiltIn">
<kw name="Page Should Contain" owner="SeleniumLibrary">
<msg time="2026-02-20T16:28:26.300995" level="FAIL">Page should have contained text 'Warning: No match for E-Mail Address and/or Password.' but did not.</msg>
<arg>Warning: No match for E-Mail Address and/or Password.</arg>
<doc>Verifies that current page contains ``text``.</doc>
<status status="FAIL" start="2026-02-20T16:28:26.277797" elapsed="0.023936">Page should have contained text 'Warning: No match for E-Mail Address and/or Password.' but did not.</status>
</kw>
<msg time="2026-02-20T16:28:26.301895" level="INFO">${has_login_error} = False</msg>
<var>${has_login_error}</var>
<arg>Page Should Contain</arg>
<arg>Warning: No match for E-Mail Address and/or Password.</arg>
<doc>Runs the specified keyword and returns the status as a Boolean value.</doc>
<status status="PASS" start="2026-02-20T16:28:26.277356" elapsed="0.024596"/>
</kw>
<kw name="Enable Failure Screenshots" owner="base">
<kw name="Register Keyword To Run On Failure" owner="SeleniumLibrary">
<msg time="2026-02-20T16:28:26.302620" level="INFO">No keyword will be run on failure.</msg>
<arg>NONE</arg>
<doc>Sets the keyword to execute, when a SeleniumLibrary keyword fails.</doc>
<status status="PASS" start="2026-02-20T16:28:26.302470" elapsed="0.000206"/>
</kw>
<status status="PASS" start="2026-02-20T16:28:26.302160" elapsed="0.000600"/>
</kw>
<kw name="Run Keyword If" owner="BuiltIn">
<arg>${has_login_error}</arg>
<arg>Fail</arg>
<arg>Login failed: user not found or password is invalid.</arg>
<doc>Runs the given keyword with the given arguments, if ``condition`` is true.</doc>
<status status="PASS" start="2026-02-20T16:28:26.302893" elapsed="0.000371"/>
</kw>
<kw name="Run Keyword If" owner="BuiltIn">
<arg>not (${has_account_url} or ${has_edit_account})</arg>
<arg>Fail</arg>
<arg>Login failed: account page was not reached.</arg>
<doc>Runs the given keyword with the given arguments, if ``condition`` is true.</doc>
<status status="PASS" start="2026-02-20T16:28:26.303412" elapsed="0.000434"/>
</kw>
<status status="PASS" start="2026-02-20T16:28:25.546018" elapsed="0.757901"/>
</kw>
<arg>5x</arg>
<arg>1s</arg>
<arg>Validate Logged In State</arg>
<doc>Runs the specified keyword and retries if it fails.</doc>
<status status="PASS" start="2026-02-20T16:28:25.545458" elapsed="0.758494"/>
</kw>
<status status="PASS" start="2026-02-20T16:28:25.542811" elapsed="0.761177"/>
</kw>
<arg>${email}</arg>
<arg>${password}</arg>
<status status="PASS" start="2026-02-20T16:28:24.888877" elapsed="1.415143"/>
</kw>
<status status="PASS" start="2026-02-20T16:28:21.489478" elapsed="4.814576"/>
</kw>
<kw name="Logout User" owner="common_keywords">
<kw name="Log Operation" owner="base">
<kw name="Log" owner="BuiltIn">
<msg time="2026-02-20T16:28:26.305274" level="INFO">[Account] Logging out current user</msg>
<arg>${message}</arg>
<doc>Logs the given message with the given level.</doc>
<status status="PASS" start="2026-02-20T16:28:26.305019" elapsed="0.000309"/>
</kw>
<arg>[Account] Logging out current user</arg>
<status status="PASS" start="2026-02-20T16:28:26.304790" elapsed="0.000610"/>
</kw>
<kw name="Logout From Account" owner="account_page">
<kw name="Silence Failure Screenshots" owner="base">
<kw name="Register Keyword To Run On Failure" owner="SeleniumLibrary">
<msg time="2026-02-20T16:28:26.306546" level="INFO">No keyword will be run on failure.</msg>
<arg>NONE</arg>
<doc>Sets the keyword to execute, when a SeleniumLibrary keyword fails.</doc>
<status status="PASS" start="2026-02-20T16:28:26.306312" elapsed="0.000389"/>
</kw>
<status status="PASS" start="2026-02-20T16:28:26.305941" elapsed="0.001235"/>
</kw>
<kw name="Run Keyword And Return Status" owner="BuiltIn">
<kw name="Wait Until Element Is Visible" owner="SeleniumLibrary">
<arg>${MY_ACCOUNT_MENU}</arg>
<arg>3s</arg>
<doc>Waits until the element ``locator`` is visible.</doc>
<status status="PASS" start="2026-02-20T16:28:26.309058" elapsed="0.023926"/>
</kw>
<msg time="2026-02-20T16:28:26.333296" level="INFO">${menu_visible} = True</msg>
<var>${menu_visible}</var>
<arg>Wait Until Element Is Visible</arg>
<arg>${MY_ACCOUNT_MENU}</arg>
<arg>3s</arg>
<doc>Runs the specified keyword and returns the status as a Boolean value.</doc>
<status status="PASS" start="2026-02-20T16:28:26.307652" elapsed="0.025684"/>
</kw>
<kw name="Enable Failure Screenshots" owner="base">
<kw name="Register Keyword To Run On Failure" owner="SeleniumLibrary">
<msg time="2026-02-20T16:28:26.335446" level="INFO">No keyword will be run on failure.</msg>
<arg>NONE</arg>
<doc>Sets the keyword to execute, when a SeleniumLibrary keyword fails.</doc>
<status status="PASS" start="2026-02-20T16:28:26.334909" elapsed="0.000780"/>
</kw>
<status status="PASS" start="2026-02-20T16:28:26.333615" elapsed="0.002175"/>
</kw>
<if>
<branch type="IF" condition="${menu_visible}">
<kw name="Silence Failure Screenshots" owner="base">
<kw name="Register Keyword To Run On Failure" owner="SeleniumLibrary">
<msg time="2026-02-20T16:28:26.336476" level="INFO">No keyword will be run on failure.</msg>
<arg>NONE</arg>
<doc>Sets the keyword to execute, when a SeleniumLibrary keyword fails.</doc>
<status status="PASS" start="2026-02-20T16:28:26.336368" elapsed="0.000155"/>
</kw>
<status status="PASS" start="2026-02-20T16:28:26.336121" elapsed="0.000493"/>
</kw>
<kw name="Run Keyword And Return Status" owner="BuiltIn">
<kw name="Ensure Account Option Is Visible" owner="account_page">
<kw name="Silence Failure Screenshots" owner="base">
<kw name="Register Keyword To Run On Failure" owner="SeleniumLibrary">
<msg time="2026-02-20T16:28:26.338243" level="INFO">No keyword will be run on failure.</msg>
<arg>NONE</arg>
<doc>Sets the keyword to execute, when a SeleniumLibrary keyword fails.</doc>
<status status="PASS" start="2026-02-20T16:28:26.338120" elapsed="0.000177"/>
</kw>
<status status="PASS" start="2026-02-20T16:28:26.337789" elapsed="0.000606"/>
</kw>
<kw name="Run Keyword And Return Status" owner="BuiltIn">
<kw name="Element Should Be Visible" owner="SeleniumLibrary">
<msg time="2026-02-20T16:28:26.358676" level="FAIL">The element 'xpath=//ul[@class='dropdown-menu dropdown-menu-right']//a[text()='Logout']' should be visible, but it is not.</msg>
<arg>${option_locator}</arg>
<doc>Verifies that the element identified by ``locator`` is visible.</doc>
<status status="FAIL" start="2026-02-20T16:28:26.338856" elapsed="0.020658">The element 'xpath=//ul[@class='dropdown-menu dropdown-menu-right']//a[text()='Logout']' should be visible, but it is not.</status>
</kw>
<msg time="2026-02-20T16:28:26.359688" level="INFO">${option_visible} = False</msg>
<var>${option_visible}</var>
<arg>Element Should Be Visible</arg>
<arg>${option_locator}</arg>
<doc>Runs the specified keyword and returns the status as a Boolean value.</doc>
<status status="PASS" start="2026-02-20T16:28:26.338534" elapsed="0.021189"/>
</kw>
<kw name="Enable Failure Screenshots" owner="base">
<kw name="Register Keyword To Run On Failure" owner="SeleniumLibrary">
<msg time="2026-02-20T16:28:26.360417" level="INFO">No keyword will be run on failure.</msg>
<arg>NONE</arg>
<doc>Sets the keyword to execute, when a SeleniumLibrary keyword fails.</doc>
<status status="PASS" start="2026-02-20T16:28:26.360203" elapsed="0.000272"/>
</kw>
<status status="PASS" start="2026-02-20T16:28:26.359927" elapsed="0.000625"/>
</kw>
<if>
<branch type="IF" condition="not ${option_visible}">
<kw name="Click With Wait" owner="base">
<kw name="Wait Until Element Is Visible" owner="SeleniumLibrary">
<arg>${locator}</arg>
<doc>Waits until the element ``locator`` is visible.</doc>
<status status="PASS" start="2026-02-20T16:28:26.361666" elapsed="0.017283"/>
</kw>
<kw name="Wait Until Element Is Enabled" owner="SeleniumLibrary">
<arg>${locator}</arg>
<doc>Waits until the element ``locator`` is enabled.</doc>
<status status="PASS" start="2026-02-20T16:28:26.379175" elapsed="0.017840"/>
</kw>
<kw name="Click Element" owner="SeleniumLibrary">
<msg time="2026-02-20T16:28:26.397367" level="INFO">Clicking element 'xpath=//span[text()='My Account']'.</msg>
<arg>${locator}</arg>
<doc>Click the element identified by ``locator``.</doc>
<status status="PASS" start="2026-02-20T16:28:26.397171" elapsed="0.060295"/>
</kw>
<arg>${MY_ACCOUNT_MENU}</arg>
<status status="PASS" start="2026-02-20T16:28:26.361024" elapsed="0.096655"/>
</kw>
<kw name="Wait Until Element Is Visible" owner="SeleniumLibrary">
<arg>css=ul.dropdown-menu.dropdown-menu-right</arg>
<doc>Waits until the element ``locator`` is visible.</doc>
<status status="PASS" start="2026-02-20T16:28:26.457918" elapsed="0.022747"/>
</kw>
<kw name="Wait Until Element Is Visible" owner="SeleniumLibrary">
<arg>${option_locator}</arg>
<doc>Waits until the element ``locator`` is visible.</doc>
<status status="PASS" start="2026-02-20T16:28:26.480976" elapsed="0.015154"/>
</kw>
<kw name="Wait Until Element Is Enabled" owner="SeleniumLibrary">
<arg>${option_locator}</arg>
<doc>Waits until the element ``locator`` is enabled.</doc>
<status status="PASS" start="2026-02-20T16:28:26.496340" elapsed="0.018517"/>
</kw>
<status status="PASS" start="2026-02-20T16:28:26.360658" elapsed="0.154337"/>
</branch>
<status status="PASS" start="2026-02-20T16:28:26.360621" elapsed="0.154463"/>
</if>
<arg>${LOGOUT_LINK}</arg>
<status status="PASS" start="2026-02-20T16:28:26.337249" elapsed="0.177974"/>
</kw>
<msg time="2026-02-20T16:28:26.515453" level="INFO">${logout_visible} = True</msg>
<var>${logout_visible}</var>
<arg>Ensure Account Option Is Visible</arg>
<arg>${LOGOUT_LINK}</arg>
<doc>Runs the specified keyword and returns the status as a Boolean value.</doc>
<status status="PASS" start="2026-02-20T16:28:26.336730" elapsed="0.178764"/>
</kw>
<kw name="Enable Failure Screenshots" owner="base">
<kw name="Register Keyword To Run On Failure" owner="SeleniumLibrary">
<msg time="2026-02-20T16:28:26.516063" level="INFO">No keyword will be run on failure.</msg>
<arg>NONE</arg>
<doc>Sets the keyword to execute, when a SeleniumLibrary keyword fails.</doc>
<status status="PASS" start="2026-02-20T16:28:26.515936" elapsed="0.000174"/>
</kw>
<status status="PASS" start="2026-02-20T16:28:26.515680" elapsed="0.000493"/>
</kw>
<if>
<branch type="IF" condition="${logout_visible}">
<kw name="Run Keyword And Return Status" owner="BuiltIn">
<kw name="Click With Wait" owner="base">
<kw name="Wait Until Element Is Visible" owner="SeleniumLibrary">
<arg>${locator}</arg>
<doc>Waits until the element ``locator`` is visible.</doc>
<status status="PASS" start="2026-02-20T16:28:26.517128" elapsed="0.011929"/>
</kw>
<kw name="Wait Until Element Is Enabled" owner="SeleniumLibrary">
<arg>${locator}</arg>
<doc>Waits until the element ``locator`` is enabled.</doc>
<status status="PASS" start="2026-02-20T16:28:26.529286" elapsed="0.017295"/>
</kw>
<kw name="Click Element" owner="SeleniumLibrary">
<msg time="2026-02-20T16:28:26.547042" level="INFO">Clicking element 'xpath=//ul[@class='dropdown-menu dropdown-menu-right']//a[text()='Logout']'.</msg>
<arg>${locator}</arg>
<doc>Click the element identified by ``locator``.</doc>
<status status="PASS" start="2026-02-20T16:28:26.546790" elapsed="0.326223"/>
</kw>
<arg>${LOGOUT_LINK}</arg>
<status status="PASS" start="2026-02-20T16:28:26.516851" elapsed="0.356412"/>
</kw>
<msg time="2026-02-20T16:28:26.873451" level="INFO">${clicked_logout} = True</msg>
<var>${clicked_logout}</var>
<arg>Click With Wait</arg>
<arg>${LOGOUT_LINK}</arg>
<doc>Runs the specified keyword and returns the status as a Boolean value.</doc>
<status status="PASS" start="2026-02-20T16:28:26.516445" elapsed="0.357094"/>
</kw>
<if>
<branch type="IF" condition="not ${clicked_logout}">
<kw name="Go To" owner="SeleniumLibrary">
<arg>${LOGOUT_PAGE_URL}</arg>
<doc>Navigates the current browser window to the provided ``url``.</doc>
<status status="NOT RUN" start="2026-02-20T16:28:26.873867" elapsed="0.000028"/>
</kw>
<status status="NOT RUN" start="2026-02-20T16:28:26.873665" elapsed="0.000286"/>
</branch>
<status status="PASS" start="2026-02-20T16:28:26.873636" elapsed="0.000366"/>
</if>
<status status="PASS" start="2026-02-20T16:28:26.516273" elapsed="0.357759"/>
</branch>
<branch type="ELSE">
<kw name="Go To" owner="SeleniumLibrary">
<arg>${LOGOUT_PAGE_URL}</arg>
<doc>Navigates the current browser window to the provided ``url``.</doc>
<status status="NOT RUN" start="2026-02-20T16:28:26.874179" elapsed="0.000029"/>
</kw>
<status status="NOT RUN" start="2026-02-20T16:28:26.874069" elapsed="0.000181"/>
</branch>
<status status="PASS" start="2026-02-20T16:28:26.516251" elapsed="0.358112"/>
</if>
<status status="PASS" start="2026-02-20T16:28:26.335885" elapsed="0.538511"/>
</branch>
<branch type="ELSE">
<kw name="Go To" owner="SeleniumLibrary">
<arg>${LOGOUT_PAGE_URL}</arg>
<doc>Navigates the current browser window to the provided ``url``.</doc>
<status status="NOT RUN" start="2026-02-20T16:28:26.874535" elapsed="0.000015"/>
</kw>
<status status="NOT RUN" start="2026-02-20T16:28:26.874433" elapsed="0.000140"/>
</branch>
<status status="PASS" start="2026-02-20T16:28:26.335856" elapsed="0.538736"/>
</if>
<status status="PASS" start="2026-02-20T16:28:26.305699" elapsed="0.568927"/>
</kw>
<status status="PASS" start="2026-02-20T16:28:26.304492" elapsed="0.570167"/>
</kw>
<kw name="Verify Logout Successful" owner="common_keywords">
<kw name="Log Operation" owner="base">
<kw name="Log" owner="BuiltIn">
<msg time="2026-02-20T16:28:26.876402" level="INFO">[Account] Validating logout success</msg>
<arg>${message}</arg>
<doc>Logs the given message with the given level.</doc>
<status status="PASS" start="2026-02-20T16:28:26.876002" elapsed="0.000499"/>
</kw>
<arg>[Account] Validating logout success</arg>
<status status="PASS" start="2026-02-20T16:28:26.875608" elapsed="0.001038"/>
</kw>
<kw name="Logout Should Be Successful" owner="account_page">
<kw name="Log Operation" owner="base">
<kw name="Log" owner="BuiltIn">
<msg time="2026-02-20T16:28:26.877946" level="INFO">[Assert] Logout should terminate session</msg>
<arg>${message}</arg>
<doc>Logs the given message with the given level.</doc>
<status status="PASS" start="2026-02-20T16:28:26.877641" elapsed="0.000359"/>
</kw>
<arg>[Assert] Logout should terminate session</arg>
<status status="PASS" start="2026-02-20T16:28:26.877348" elapsed="0.000729"/>
</kw>
<kw name="Wait Until Keyword Succeeds" owner="BuiltIn">
<kw name="Account Access Should Require Login" owner="account_page">
<kw name="Go To" owner="SeleniumLibrary">
<msg time="2026-02-20T16:28:26.879136" level="INFO">Opening url 'https://tutorialsninja.com/demo/index.php?route=account/account'</msg>
<arg>${ACCOUNT_PAGE_URL}</arg>
<doc>Navigates the current browser window to the provided ``url``.</doc>
<status status="PASS" start="2026-02-20T16:28:26.878941" elapsed="0.490275"/>
</kw>
<kw name="Wait Until Keyword Succeeds" owner="BuiltIn">
<kw name="Validate Access Redirected To Login" owner="account_page">
<kw name="Get Location" owner="SeleniumLibrary">
<msg time="2026-02-20T16:28:27.375513" level="INFO">${location} = https://tutorialsninja.com/demo/index.php?route=account/login</msg>
<var>${location}</var>
<doc>Returns the current browser window URL.</doc>
<status status="PASS" start="2026-02-20T16:28:27.369996" elapsed="0.005560"/>
</kw>
<kw name="Run Keyword And Return Status" owner="BuiltIn">
<kw name="Should Contain" owner="BuiltIn">
<arg>${location}</arg>
<arg>route=account/login</arg>
<doc>Fails if ``container`` does not contain ``item`` one or more times.</doc>
<status status="PASS" start="2026-02-20T16:28:27.376056" elapsed="0.000274"/>
</kw>
<msg time="2026-02-20T16:28:27.376444" level="INFO">${at_login_url} = True</msg>
<var>${at_login_url}</var>
<arg>Should Contain</arg>
<arg>${location}</arg>
<arg>route=account/login</arg>
<doc>Runs the specified keyword and returns the status as a Boolean value.</doc>
<status status="PASS" start="2026-02-20T16:28:27.375715" elapsed="0.000782"/>
</kw>
<kw name="Run Keyword And Return Status" owner="BuiltIn">
<kw name="Page Should Contain" owner="SeleniumLibrary">
<msg time="2026-02-20T16:28:27.394107" level="INFO">Current page contains text 'Returning Customer'.</msg>
<arg>Returning Customer</arg>
<doc>Verifies that current page contains ``text``.</doc>
<status status="PASS" start="2026-02-20T16:28:27.376949" elapsed="0.017360"/>
</kw>
<msg time="2026-02-20T16:28:27.394600" level="INFO">${has_login_prompt} = True</msg>
<var>${has_login_prompt}</var>
<arg>Page Should Contain</arg>
<arg>Returning Customer</arg>
<doc>Runs the specified keyword and returns the status as a Boolean value.</doc>
<status status="PASS" start="2026-02-20T16:28:27.376659" elapsed="0.017984"/>
</kw>
<kw name="Run Keyword And Return Status" owner="BuiltIn">
<kw name="Should Contain" owner="BuiltIn">
<msg time="2026-02-20T16:28:27.396353" level="FAIL">'https://tutorialsninja.com/demo/index.php?route=account/login' does not contain 'route=account/account'</msg>
<arg>${location}</arg>
<arg>route=account/account</arg>
<doc>Fails if ``container`` does not contain ``item`` one or more times.</doc>
<status status="FAIL" start="2026-02-20T16:28:27.395953" elapsed="0.000475">'https://tutorialsninja.com/demo/index.php?route=account/login' does not contain 'route=account/account'</status>
</kw>
<msg time="2026-02-20T16:28:27.396533" level="INFO">${still_account} = False</msg>
<var>${still_account}</var>
<arg>Should Contain</arg>
<arg>${location}</arg>
<arg>route=account/account</arg>
<doc>Runs the specified keyword and returns the status as a Boolean value.</doc>
<status status="PASS" start="2026-02-20T16:28:27.395092" elapsed="0.001457"/>
</kw>
<kw name="Run Keyword If" owner="BuiltIn">
<arg>${still_account}</arg>
<arg>Fail</arg>
<arg>Session is still active.</arg>
<doc>Runs the given keyword with the given arguments, if ``condition`` is true.</doc>
<status status="PASS" start="2026-02-20T16:28:27.396667" elapsed="0.000189"/>
</kw>
<kw name="Run Keyword If" owner="BuiltIn">
<arg>not (${at_login_url} or ${has_login_prompt})</arg>
<arg>Fail</arg>
<arg>Login redirection was not confirmed.</arg>
<doc>Runs the given keyword with the given arguments, if ``condition`` is true.</doc>
<status status="PASS" start="2026-02-20T16:28:27.396933" elapsed="0.000214"/>
</kw>
<status status="PASS" start="2026-02-20T16:28:27.369801" elapsed="0.027398"/>
</kw>
<arg>5x</arg>
<arg>1s</arg>
<arg>Validate Access Redirected To Login</arg>
<doc>Runs the specified keyword and retries if it fails.</doc>
<status status="PASS" start="2026-02-20T16:28:27.369397" elapsed="0.027831"/>
</kw>
<status status="PASS" start="2026-02-20T16:28:26.878735" elapsed="0.518528"/>
</kw>
<arg>5x</arg>
<arg>1s</arg>
<arg>Account Access Should Require Login</arg>
<doc>Runs the specified keyword and retries if it fails.</doc>
<status status="PASS" start="2026-02-20T16:28:26.878190" elapsed="0.519103"/>
</kw>
<status status="PASS" start="2026-02-20T16:28:26.876885" elapsed="0.520440"/>
</kw>
<status status="PASS" start="2026-02-20T16:28:26.875106" elapsed="0.522246"/>
</kw>
<kw name="Verify Session Is Terminated" owner="common_keywords">
<kw name="Log Operation" owner="base">
<kw name="Log" owner="BuiltIn">
<msg time="2026-02-20T16:28:27.399170" level="INFO">[Account] Validating session termination</msg>
<arg>${message}</arg>
<doc>Logs the given message with the given level.</doc>
<status status="PASS" start="2026-02-20T16:28:27.398307" elapsed="0.000933"/>
</kw>
<arg>[Account] Validating session termination</arg>
<status status="PASS" start="2026-02-20T16:28:27.398056" elapsed="0.001265"/>
</kw>
<kw name="Account Access Should Require Login" owner="account_page">
<kw name="Go To" owner="SeleniumLibrary">
<msg time="2026-02-20T16:28:27.399832" level="INFO">Opening url 'https://tutorialsninja.com/demo/index.php?route=account/account'</msg>
<arg>${ACCOUNT_PAGE_URL}</arg>
<doc>Navigates the current browser window to the provided ``url``.</doc>
<status status="PASS" start="2026-02-20T16:28:27.399704" elapsed="0.265250"/>
</kw>
<kw name="Wait Until Keyword Succeeds" owner="BuiltIn">
<kw name="Validate Access Redirected To Login" owner="account_page">
<kw name="Get Location" owner="SeleniumLibrary">
<msg time="2026-02-20T16:28:27.669492" level="INFO">${location} = https://tutorialsninja.com/demo/index.php?route=account/login</msg>
<var>${location}</var>
<doc>Returns the current browser window URL.</doc>
<status status="PASS" start="2026-02-20T16:28:27.666673" elapsed="0.002858"/>
</kw>
<kw name="Run Keyword And Return Status" owner="BuiltIn">
<kw name="Should Contain" owner="BuiltIn">
<arg>${location}</arg>
<arg>route=account/login</arg>
<doc>Fails if ``container`` does not contain ``item`` one or more times.</doc>
<status status="PASS" start="2026-02-20T16:28:27.670038" elapsed="0.000227"/>
</kw>
<msg time="2026-02-20T16:28:27.670348" level="INFO">${at_login_url} = True</msg>
<var>${at_login_url}</var>
<arg>Should Contain</arg>
<arg>${location}</arg>
<arg>route=account/login</arg>
<doc>Runs the specified keyword and returns the status as a Boolean value.</doc>
<status status="PASS" start="2026-02-20T16:28:27.669669" elapsed="0.000701"/>
</kw>
<kw name="Run Keyword And Return Status" owner="BuiltIn">
<kw name="Page Should Contain" owner="SeleniumLibrary">
<msg time="2026-02-20T16:28:27.682383" level="INFO">Current page contains text 'Returning Customer'.</msg>
<arg>Returning Customer</arg>
<doc>Verifies that current page contains ``text``.</doc>
<status status="PASS" start="2026-02-20T16:28:27.670634" elapsed="0.011882"/>
</kw>
<msg time="2026-02-20T16:28:27.682677" level="INFO">${has_login_prompt} = True</msg>
<var>${has_login_prompt}</var>
<arg>Page Should Contain</arg>
<arg>Returning Customer</arg>
<doc>Runs the specified keyword and returns the status as a Boolean value.</doc>
<status status="PASS" start="2026-02-20T16:28:27.670456" elapsed="0.012240"/>
</kw>
<kw name="Run Keyword And Return Status" owner="BuiltIn">
<kw name="Should Contain" owner="BuiltIn">
<msg time="2026-02-20T16:28:27.683351" level="FAIL">'https://tutorialsninja.com/demo/index.php?route=account/login' does not contain 'route=account/account'</msg>
<arg>${location}</arg>
<arg>route=account/account</arg>
<doc>Fails if ``container`` does not contain ``item`` one or more times.</doc>
<status status="FAIL" start="2026-02-20T16:28:27.683100" elapsed="0.000307">'https://tutorialsninja.com/demo/index.php?route=account/login' does not contain 'route=account/account'</status>
</kw>
<msg time="2026-02-20T16:28:27.683679" level="INFO">${still_account} = False</msg>
<var>${still_account}</var>
<arg>Should Contain</arg>
<arg>${location}</arg>
<arg>route=account/account</arg>
<doc>Runs the specified keyword and returns the status as a Boolean value.</doc>
<status status="PASS" start="2026-02-20T16:28:27.682835" elapsed="0.000876"/>
</kw>
<kw name="Run Keyword If" owner="BuiltIn">
<arg>${still_account}</arg>
<arg>Fail</arg>
<arg>Session is still active.</arg>
<doc>Runs the given keyword with the given arguments, if ``condition`` is true.</doc>
<status status="PASS" start="2026-02-20T16:28:27.683852" elapsed="0.000208"/>
</kw>
<kw name="Run Keyword If" owner="BuiltIn">
<arg>not (${at_login_url} or ${has_login_prompt})</arg>
<arg>Fail</arg>
<arg>Login redirection was not confirmed.</arg>
<doc>Runs the given keyword with the given arguments, if ``condition`` is true.</doc>
<status status="PASS" start="2026-02-20T16:28:27.684143" elapsed="0.000216"/>
</kw>
<status status="PASS" start="2026-02-20T16:28:27.666443" elapsed="0.017974"/>
</kw>
<arg>5x</arg>
<arg>1s</arg>
<arg>Validate Access Redirected To Login</arg>
<doc>Runs the specified keyword and retries if it fails.</doc>
<status status="PASS" start="2026-02-20T16:28:27.665355" elapsed="0.019094"/>
</kw>
<status status="PASS" start="2026-02-20T16:28:27.399472" elapsed="0.285013"/>
</kw>
<status status="PASS" start="2026-02-20T16:28:27.397740" elapsed="0.286772"/>
</kw>
<kw name="Close Application" owner="base" type="TEARDOWN">
<if>
<branch type="IF" condition="'${TEST STATUS}' == 'FAIL'">
<kw name="Run Keyword And Ignore Error" owner="BuiltIn">
<arg>Capture Page Screenshot</arg>
<doc>Runs the given keyword with the given arguments and ignores possible error.</doc>
<status status="NOT RUN" start="2026-02-20T16:28:27.685190" elapsed="0.000019"/>
</kw>
<kw name="Set Suite Variable" owner="BuiltIn">
<arg>${SUITE_HAS_FAILURE}</arg>
<arg>${True}</arg>
<doc>Makes a variable available everywhere within the scope of the current suite.</doc>
<status status="NOT RUN" start="2026-02-20T16:28:27.685277" elapsed="0.000016"/>
</kw>
<status status="NOT RUN" start="2026-02-20T16:28:27.685059" elapsed="0.000258"/>
</branch>
<branch type="ELSE">
<kw name="Capture First Pass Screenshot Once" owner="base">
<kw name="Run Keyword And Return Status" owner="BuiltIn">
<kw name="Variable Should Exist" owner="BuiltIn">
<msg time="2026-02-20T16:28:27.687713" level="FAIL">Variable '${SUITE_PASS_SCREENSHOT_PATH}' does not exist.</msg>
<arg>${SUITE_PASS_SCREENSHOT_PATH}</arg>
<doc>Fails unless the given variable exists within the current scope.</doc>
<status status="FAIL" start="2026-02-20T16:28:27.686308" elapsed="0.001501">Variable '${SUITE_PASS_SCREENSHOT_PATH}' does not exist.</status>
</kw>
<msg time="2026-02-20T16:28:27.687905" level="INFO">${already_captured} = False</msg>
<var>${already_captured}</var>
<arg>Variable Should Exist</arg>
<arg>${SUITE_PASS_SCREENSHOT_PATH}</arg>
<doc>Runs the specified keyword and returns the status as a Boolean value.</doc>
<status status="PASS" start="2026-02-20T16:28:27.685682" elapsed="0.002242"/>
</kw>
<if>
<branch type="IF" condition="not ${already_captured}">
<kw name="Capture Page Screenshot" owner="SeleniumLibrary">
<msg time="2026-02-20T16:28:27.772386" level="INFO" html="true">&lt;/td&gt;&lt;/tr&gt;&lt;tr&gt;&lt;td colspan="3"&gt;&lt;a href="reports/selenium-screenshot-1.png"&gt;&lt;img src="reports/selenium-screenshot-1.png" width="800px"&gt;&lt;/a&gt;</msg>
<msg time="2026-02-20T16:28:27.772553" level="INFO">${path} = D:\NGATWIPRO\Capstone-Project\Capstone_project\reports\selenium-screenshot-1.png</msg>
<var>${path}</var>
<doc>Takes a screenshot of the current page and embeds it into a log file.</doc>
<status status="PASS" start="2026-02-20T16:28:27.688168" elapsed="0.084417"/>
</kw>
<kw name="Set Suite Variable" owner="BuiltIn">
<msg time="2026-02-20T16:28:27.773816" level="INFO">${SUITE_PASS_SCREENSHOT_PATH} = D:\NGATWIPRO\Capstone-Project\Capstone_project\reports\selenium-screenshot-1.png</msg>
<arg>${SUITE_PASS_SCREENSHOT_PATH}</arg>
<arg>${path}</arg>
<doc>Makes a variable available everywhere within the scope of the current suite.</doc>
<status status="PASS" start="2026-02-20T16:28:27.772773" elapsed="0.001101"/>
</kw>
<status status="PASS" start="2026-02-20T16:28:27.687999" elapsed="0.085921"/>
</branch>
<status status="PASS" start="2026-02-20T16:28:27.687978" elapsed="0.085977"/>
</if>
<status status="PASS" start="2026-02-20T16:28:27.685448" elapsed="0.088547"/>
</kw>
<status status="PASS" start="2026-02-20T16:28:27.685342" elapsed="0.088676"/>
</branch>
<status status="PASS" start="2026-02-20T16:28:27.685043" elapsed="0.088995"/>
</if>
<kw name="Close All Browsers" owner="SeleniumLibrary">
<doc>Closes all open browsers and resets the browser cache.</doc>
<status status="PASS" start="2026-02-20T16:28:27.774109" elapsed="2.198633"/>
</kw>
<status status="PASS" start="2026-02-20T16:28:27.684897" elapsed="2.288087"/>
</kw>
<tag>customer</tag>
<tag>roles</tag>
<status status="PASS" start="2026-02-20T16:28:19.955139" elapsed="10.018330"/>
</test>
<kw name="Finalize Suite Screenshot Policy" owner="base" type="TEARDOWN">
<if>
<branch type="IF" condition="'${SUITE STATUS}' == 'FAIL'">
<kw name="Run Keyword And Return Status" owner="BuiltIn">
<var>${has_pass_screenshot}</var>
<arg>Variable Should Exist</arg>
<arg>${SUITE_PASS_SCREENSHOT_PATH}</arg>
<doc>Runs the specified keyword and returns the status as a Boolean value.</doc>
[...]
</kw>
<if>
<branch type="IF" condition="${logout_visible}">
<kw name="Run Keyword And Return Status" owner="BuiltIn">
<kw name="Click With Wait" owner="base">
<kw name="Wait Until Element Is Visible" owner="SeleniumLibrary">
<arg>${locator}</arg>
<doc>Waits until the element ``locator`` is visible.</doc>
<status status="PASS" start="2026-02-20T16:29:53.857587" elapsed="0.034426"/>
</kw>
<kw name="Wait Until Element Is Enabled" owner="SeleniumLibrary">
<arg>${locator}</arg>
<doc>Waits until the element ``locator`` is enabled.</doc>
<status status="PASS" start="2026-02-20T16:29:53.892656" elapsed="0.022943"/>
</kw>
<kw name="Click Element" owner="SeleniumLibrary">
<msg time="2026-02-20T16:29:53.916056" level="INFO">Clicking element 'xpath=//ul[@class='dropdown-menu dropdown-menu-right']//a[text()='Logout']'.</msg>
<arg>${locator}</arg>
<doc>Click the element identified by ``locator``.</doc>
<status status="PASS" start="2026-02-20T16:29:53.915812" elapsed="0.339304"/>
</kw>
<arg>${LOGOUT_LINK}</arg>
<status status="PASS" start="2026-02-20T16:29:53.857128" elapsed="0.398087"/>
</kw>
<msg time="2026-02-20T16:29:54.255311" level="INFO">${clicked_logout} = True</msg>
<var>${clicked_logout}</var>
<arg>Click With Wait</arg>
<arg>${LOGOUT_LINK}</arg>
<doc>Runs the specified keyword and returns the status as a Boolean value.</doc>
<status status="PASS" start="2026-02-20T16:29:53.856564" elapsed="0.398771"/>
</kw>
<if>
<branch type="IF" condition="not ${clicked_logout}">
<kw name="Go To" owner="SeleniumLibrary">
<arg>${LOGOUT_PAGE_URL}</arg>
<doc>Navigates the current browser window to the provided ``url``.</doc>
<status status="NOT RUN" start="2026-02-20T16:29:54.255737" elapsed="0.000029"/>
</kw>
<status status="NOT RUN" start="2026-02-20T16:29:54.255425" elapsed="0.000469"/>
</branch>
<status status="PASS" start="2026-02-20T16:29:54.255401" elapsed="0.000540"/>
</if>
<status status="PASS" start="2026-02-20T16:29:53.856305" elapsed="0.399656"/>
</branch>
<branch type="ELSE">
<kw name="Go To" owner="SeleniumLibrary">
<arg>${LOGOUT_PAGE_URL}</arg>
<doc>Navigates the current browser window to the provided ``url``.</doc>
<status status="NOT RUN" start="2026-02-20T16:29:54.256072" elapsed="0.000019"/>
</kw>
<status status="NOT RUN" start="2026-02-20T16:29:54.255985" elapsed="0.000132"/>
</branch>
<status status="PASS" start="2026-02-20T16:29:53.856272" elapsed="0.399866"/>
</if>
<status status="PASS" start="2026-02-20T16:29:53.645112" elapsed="0.611041"/>
</branch>
<branch type="ELSE">
<kw name="Go To" owner="SeleniumLibrary">
<arg>${LOGOUT_PAGE_URL}</arg>
<doc>Navigates the current browser window to the provided ``url``.</doc>
<status status="NOT RUN" start="2026-02-20T16:29:54.256229" elapsed="0.000017"/>
</kw>
<status status="NOT RUN" start="2026-02-20T16:29:54.256174" elapsed="0.000131"/>
</branch>
<status status="PASS" start="2026-02-20T16:29:53.645096" elapsed="0.611233"/>
</if>
<status status="PASS" start="2026-02-20T16:29:53.624604" elapsed="0.631778"/>
</kw>
<status status="PASS" start="2026-02-20T16:29:53.623856" elapsed="0.632567"/>
</kw>
<kw name="Verify Logout Successful" owner="common_keywords">
<kw name="Log Operation" owner="base">
<kw name="Log" owner="BuiltIn">
<msg time="2026-02-20T16:29:54.257212" level="INFO">[Account] Validating logout success</msg>
<arg>${message}</arg>
<doc>Logs the given message with the given level.</doc>
<status status="PASS" start="2026-02-20T16:29:54.256962" elapsed="0.000298"/>
</kw>
<arg>[Account] Validating logout success</arg>
<status status="PASS" start="2026-02-20T16:29:54.256789" elapsed="0.000529"/>
</kw>
<kw name="Logout Should Be Successful" owner="account_page">
<kw name="Log Operation" owner="base">
<kw name="Log" owner="BuiltIn">
<msg time="2026-02-20T16:29:54.258243" level="INFO">[Assert] Logout should terminate session</msg>
<arg>${message}</arg>
<doc>Logs the given message with the given level.</doc>
<status status="PASS" start="2026-02-20T16:29:54.257980" elapsed="0.000367"/>
</kw>
<arg>[Assert] Logout should terminate session</arg>
<status status="PASS" start="2026-02-20T16:29:54.257604" elapsed="0.000821"/>
</kw>
<kw name="Wait Until Keyword Succeeds" owner="BuiltIn">
<kw name="Account Access Should Require Login" owner="account_page">
<kw name="Go To" owner="SeleniumLibrary">
<msg time="2026-02-20T16:29:54.259572" level="INFO">Opening url 'https://tutorialsninja.com/demo/index.php?route=account/account'</msg>
<arg>${ACCOUNT_PAGE_URL}</arg>
<doc>Navigates the current browser window to the provided ``url``.</doc>
<status status="PASS" start="2026-02-20T16:29:54.259419" elapsed="0.276491"/>
</kw>
<kw name="Wait Until Keyword Succeeds" owner="BuiltIn">
<kw name="Validate Access Redirected To Login" owner="account_page">
<kw name="Get Location" owner="SeleniumLibrary">
<msg time="2026-02-20T16:29:54.543875" level="INFO">${location} = https://tutorialsninja.com/demo/index.php?route=account/login</msg>
<var>${location}</var>
<doc>Returns the current browser window URL.</doc>
<status status="PASS" start="2026-02-20T16:29:54.537739" elapsed="0.006254"/>
</kw>
<kw name="Run Keyword And Return Status" owner="BuiltIn">
<kw name="Should Contain" owner="BuiltIn">
<arg>${location}</arg>
<arg>route=account/login</arg>
<doc>Fails if ``container`` does not contain ``item`` one or more times.</doc>
<status status="PASS" start="2026-02-20T16:29:54.544789" elapsed="0.000434"/>
</kw>
<msg time="2026-02-20T16:29:54.545354" level="INFO">${at_login_url} = True</msg>
<var>${at_login_url}</var>
<arg>Should Contain</arg>
<arg>${location}</arg>
<arg>route=account/login</arg>
<doc>Runs the specified keyword and returns the status as a Boolean value.</doc>
<status status="PASS" start="2026-02-20T16:29:54.544394" elapsed="0.000984"/>
</kw>
<kw name="Run Keyword And Return Status" owner="BuiltIn">
<kw name="Page Should Contain" owner="SeleniumLibrary">
<msg time="2026-02-20T16:29:54.562132" level="INFO">Current page contains text 'Returning Customer'.</msg>
<arg>Returning Customer</arg>
<doc>Verifies that current page contains ``text``.</doc>
<status status="PASS" start="2026-02-20T16:29:54.545917" elapsed="0.016343"/>
</kw>
<msg time="2026-02-20T16:29:54.562432" level="INFO">${has_login_prompt} = True</msg>
<var>${has_login_prompt}</var>
<arg>Page Should Contain</arg>
<arg>Returning Customer</arg>
<doc>Runs the specified keyword and returns the status as a Boolean value.</doc>
<status status="PASS" start="2026-02-20T16:29:54.545509" elapsed="0.016956"/>
</kw>
<kw name="Run Keyword And Return Status" owner="BuiltIn">
<kw name="Should Contain" owner="BuiltIn">
<msg time="2026-02-20T16:29:54.563730" level="FAIL">'https://tutorialsninja.com/demo/index.php?route=account/login' does not contain 'route=account/account'</msg>
<arg>${location}</arg>
<arg>route=account/account</arg>
<doc>Fails if ``container`` does not contain ``item`` one or more times.</doc>
<status status="FAIL" start="2026-02-20T16:29:54.563127" elapsed="0.000691">'https://tutorialsninja.com/demo/index.php?route=account/login' does not contain 'route=account/account'</status>
</kw>
<msg time="2026-02-20T16:29:54.563934" level="INFO">${still_account} = False</msg>
<var>${still_account}</var>
<arg>Should Contain</arg>
<arg>${location}</arg>
<arg>route=account/account</arg>
<doc>Runs the specified keyword and returns the status as a Boolean value.</doc>
<status status="PASS" start="2026-02-20T16:29:54.562676" elapsed="0.001278"/>
</kw>
<kw name="Run Keyword If" owner="BuiltIn">
<arg>${still_account}</arg>
<arg>Fail</arg>
<arg>Session is still active.</arg>
<doc>Runs the given keyword with the given arguments, if ``condition`` is true.</doc>
<status status="PASS" start="2026-02-20T16:29:54.564224" elapsed="0.000407"/>
</kw>
<kw name="Run Keyword If" owner="BuiltIn">
<arg>not (${at_login_url} or ${has_login_prompt})</arg>
<arg>Fail</arg>
<arg>Login redirection was not confirmed.</arg>
<doc>Runs the given keyword with the given arguments, if ``condition`` is true.</doc>
<status status="PASS" start="2026-02-20T16:29:54.564848" elapsed="0.000862"/>
</kw>
<status status="PASS" start="2026-02-20T16:29:54.537262" elapsed="0.028558"/>
</kw>
<arg>5x</arg>
<arg>1s</arg>
<arg>Validate Access Redirected To Login</arg>
<doc>Runs the specified keyword and retries if it fails.</doc>
<status status="PASS" start="2026-02-20T16:29:54.536074" elapsed="0.029783"/>
</kw>
<status status="PASS" start="2026-02-20T16:29:54.259153" elapsed="0.306744"/>
</kw>
<arg>5x</arg>
<arg>1s</arg>
<arg>Account Access Should Require Login</arg>
<doc>Runs the specified keyword and retries if it fails.</doc>
<status status="PASS" start="2026-02-20T16:29:54.258553" elapsed="0.307370"/>
</kw>
<status status="PASS" start="2026-02-20T16:29:54.257422" elapsed="0.308535"/>
</kw>
<status status="PASS" start="2026-02-20T16:29:54.256548" elapsed="0.309438"/>
</kw>
<kw name="Verify Session Is Terminated" owner="common_keywords">
<kw name="Log Operation" owner="base">
<kw name="Log" owner="BuiltIn">
<msg time="2026-02-20T16:29:54.566653" level="INFO">[Account] Validating session termination</msg>
<arg>${message}</arg>
<doc>Logs the given message with the given level.</doc>
<status status="PASS" start="2026-02-20T16:29:54.566474" elapsed="0.000220"/>
</kw>
<arg>[Account] Validating session termination</arg>
<status status="PASS" start="2026-02-20T16:29:54.566318" elapsed="0.000424"/>
</kw>
<kw name="Account Access Should Require Login" owner="account_page">
<kw name="Go To" owner="SeleniumLibrary">
<msg time="2026-02-20T16:29:54.567058" level="INFO">Opening url 'https://tutorialsninja.com/demo/index.php?route=account/account'</msg>
<arg>${ACCOUNT_PAGE_URL}</arg>
<doc>Navigates the current browser window to the provided ``url``.</doc>
<status status="PASS" start="2026-02-20T16:29:54.566969" elapsed="0.285585"/>
</kw>
<kw name="Wait Until Keyword Succeeds" owner="BuiltIn">
<kw name="Validate Access Redirected To Login" owner="account_page">
<kw name="Get Location" owner="SeleniumLibrary">
<msg time="2026-02-20T16:29:54.860812" level="INFO">${location} = https://tutorialsninja.com/demo/index.php?route=account/login</msg>
<var>${location}</var>
<doc>Returns the current browser window URL.</doc>
<status status="PASS" start="2026-02-20T16:29:54.853698" elapsed="0.007154"/>
</kw>
<kw name="Run Keyword And Return Status" owner="BuiltIn">
<kw name="Should Contain" owner="BuiltIn">
<arg>${location}</arg>
<arg>route=account/login</arg>
<doc>Fails if ``container`` does not contain ``item`` one or more times.</doc>
<status status="PASS" start="2026-02-20T16:29:54.861339" elapsed="0.000316"/>
</kw>
<msg time="2026-02-20T16:29:54.861744" level="INFO">${at_login_url} = True</msg>
<var>${at_login_url}</var>
<arg>Should Contain</arg>
<arg>${location}</arg>
<arg>route=account/login</arg>
<doc>Runs the specified keyword and returns the status as a Boolean value.</doc>
<status status="PASS" start="2026-02-20T16:29:54.860999" elapsed="0.000766"/>
</kw>
<kw name="Run Keyword And Return Status" owner="BuiltIn">
<kw name="Page Should Contain" owner="SeleniumLibrary">
<msg time="2026-02-20T16:29:54.875179" level="INFO">Current page contains text 'Returning Customer'.</msg>
<arg>Returning Customer</arg>
<doc>Verifies that current page contains ``text``.</doc>
<status status="PASS" start="2026-02-20T16:29:54.862073" elapsed="0.013213"/>
</kw>
<msg time="2026-02-20T16:29:54.875439" level="INFO">${has_login_prompt} = True</msg>
<var>${has_login_prompt}</var>
<arg>Page Should Contain</arg>
<arg>Returning Customer</arg>
<doc>Runs the specified keyword and returns the status as a Boolean value.</doc>
<status status="PASS" start="2026-02-20T16:29:54.861861" elapsed="0.013609"/>
</kw>
<kw name="Run Keyword And Return Status" owner="BuiltIn">
<kw name="Should Contain" owner="BuiltIn">
<msg time="2026-02-20T16:29:54.876530" level="FAIL">'https://tutorialsninja.com/demo/index.php?route=account/login' does not contain 'route=account/account'</msg>
<arg>${location}</arg>
<arg>route=account/account</arg>
<doc>Fails if ``container`` does not contain ``item`` one or more times.</doc>
<status status="FAIL" start="2026-02-20T16:29:54.875996" elapsed="0.000612">'https://tutorialsninja.com/demo/index.php?route=account/login' does not contain 'route=account/account'</status>
</kw>
<msg time="2026-02-20T16:29:54.876707" level="INFO">${still_account} = False</msg>
<var>${still_account}</var>
<arg>Should Contain</arg>
<arg>${location}</arg>
<arg>route=account/account</arg>
<doc>Runs the specified keyword and returns the status as a Boolean value.</doc>
<status status="PASS" start="2026-02-20T16:29:54.875646" elapsed="0.001108"/>
</kw>
<kw name="Run Keyword If" owner="BuiltIn">
<arg>${still_account}</arg>
<arg>Fail</arg>
<arg>Session is still active.</arg>
<doc>Runs the given keyword with the given arguments, if ``condition`` is true.</doc>
<status status="PASS" start="2026-02-20T16:29:54.877011" elapsed="0.000267"/>
</kw>
<kw name="Run Keyword If" owner="BuiltIn">
<arg>not (${at_login_url} or ${has_login_prompt})</arg>
<arg>Fail</arg>
<arg>Login redirection was not confirmed.</arg>
<doc>Runs the given keyword with the given arguments, if ``condition`` is true.</doc>
<status status="PASS" start="2026-02-20T16:29:54.877455" elapsed="0.000252"/>
</kw>
<status status="PASS" start="2026-02-20T16:29:54.853312" elapsed="0.024457"/>
</kw>
<arg>5x</arg>
<arg>1s</arg>
<arg>Validate Access Redirected To Login</arg>
<doc>Runs the specified keyword and retries if it fails.</doc>
<status status="PASS" start="2026-02-20T16:29:54.852803" elapsed="0.024999"/>
</kw>
<status status="PASS" start="2026-02-20T16:29:54.566823" elapsed="0.311018"/>
</kw>
<status status="PASS" start="2026-02-20T16:29:54.566116" elapsed="0.311755"/>
</kw>
<arg>firstname=Aaryansh</arg>
<arg>lastname=Kumar</arg>
<arg>phone=9700000002</arg>
<arg>password=Password123</arg>
<status status="PASS" start="2026-02-20T16:29:52.157347" elapsed="2.720554"/>
</kw>
<kw name="Close Application" owner="base" type="TEARDOWN">
<if>
<branch type="IF" condition="'${TEST STATUS}' == 'FAIL'">
<kw name="Run Keyword And Ignore Error" owner="BuiltIn">
<arg>Capture Page Screenshot</arg>
<doc>Runs the given keyword with the given arguments and ignores possible error.</doc>
<status status="NOT RUN" start="2026-02-20T16:29:54.878699" elapsed="0.000020"/>
</kw>
<kw name="Set Suite Variable" owner="BuiltIn">
<arg>${SUITE_HAS_FAILURE}</arg>
<arg>${True}</arg>
<doc>Makes a variable available everywhere within the scope of the current suite.</doc>
<status status="NOT RUN" start="2026-02-20T16:29:54.878793" elapsed="0.000017"/>
</kw>
<status status="NOT RUN" start="2026-02-20T16:29:54.878560" elapsed="0.000279"/>
</branch>
<branch type="ELSE">
<kw name="Capture First Pass Screenshot Once" owner="base">
<kw name="Run Keyword And Return Status" owner="BuiltIn">
<kw name="Variable Should Exist" owner="BuiltIn">
<arg>${SUITE_PASS_SCREENSHOT_PATH}</arg>
<doc>Fails unless the given variable exists within the current scope.</doc>
<status status="PASS" start="2026-02-20T16:29:54.879340" elapsed="0.000164"/>
</kw>
<msg time="2026-02-20T16:29:54.879565" level="INFO">${already_captured} = True</msg>
<var>${already_captured}</var>
<arg>Variable Should Exist</arg>
<arg>${SUITE_PASS_SCREENSHOT_PATH}</arg>
<doc>Runs the specified keyword and returns the status as a Boolean value.</doc>
<status status="PASS" start="2026-02-20T16:29:54.879148" elapsed="0.000434"/>
</kw>
<if>
<branch type="IF" condition="not ${already_captured}">
<kw name="Capture Page Screenshot" owner="SeleniumLibrary">
<var>${path}</var>
<doc>Takes a screenshot of the current page and embeds it into a log file.</doc>
<status status="NOT RUN" start="2026-02-20T16:29:54.879751" elapsed="0.000018"/>
</kw>
<kw name="Set Suite Variable" owner="BuiltIn">
<arg>${SUITE_PASS_SCREENSHOT_PATH}</arg>
<arg>${path}</arg>
<doc>Makes a variable available everywhere within the scope of the current suite.</doc>
<status status="NOT RUN" start="2026-02-20T16:29:54.880059" elapsed="0.000048"/>
</kw>
<status status="NOT RUN" start="2026-02-20T16:29:54.879634" elapsed="0.000536"/>
</branch>
<status status="PASS" start="2026-02-20T16:29:54.879622" elapsed="0.000599"/>
</if>
<status status="PASS" start="2026-02-20T16:29:54.878981" elapsed="0.001299"/>
</kw>
<status status="PASS" start="2026-02-20T16:29:54.878868" elapsed="0.001450"/>
</branch>
<status status="PASS" start="2026-02-20T16:29:54.878542" elapsed="0.001811"/>
</if>
<kw name="Close All Browsers" owner="SeleniumLibrary">
<doc>Closes all open browsers and resets the browser cache.</doc>
<status status="PASS" start="2026-02-20T16:29:54.880479" elapsed="2.194882"/>
</kw>
<status status="PASS" start="2026-02-20T16:29:54.878369" elapsed="2.197248"/>
</kw>
<tag>modular</tag>
<tag>scenario5</tag>
<status status="PASS" start="2026-02-20T16:29:50.174213" elapsed="6.902055"/>
</test>
<kw name="Finalize Suite Screenshot Policy" owner="base" type="TEARDOWN">
<if>
<branch type="IF" condition="'${SUITE STATUS}' == 'FAIL'">
<kw name="Run Keyword And Return Status" owner="BuiltIn">
<var>${has_pass_screenshot}</var>
<arg>Variable Should Exist</arg>
<arg>${SUITE_PASS_SCREENSHOT_PATH}</arg>
<doc>Runs the specified keyword and returns the status as a Boolean value.</doc>
<status status="NOT RUN" start="2026-02-20T16:29:57.078938" elapsed="0.000097"/>
</kw>
<if>
<branch type="IF" condition="${has_pass_screenshot}">
<kw name="Run Keyword And Ignore Error" owner="BuiltIn">
<arg>Remove File</arg>
<arg>${SUITE_PASS_SCREENSHOT_PATH}</arg>
<doc>Runs the given keyword with the given arguments and ignores possible error.</doc>
<status status="NOT RUN" start="2026-02-20T16:29:57.079405" elapsed="0.000051"/>
</kw>
<status status="NOT RUN" start="2026-02-20T16:29:57.079209" elapsed="0.000325"/>
</branch>
<status status="NOT RUN" start="2026-02-20T16:29:57.079177" elapsed="0.000428"/>
</if>
<status status="NOT RUN" start="2026-02-20T16:29:57.078494" elapsed="0.001154"/>
</branch>
<status status="PASS" start="2026-02-20T16:29:57.078449" elapsed="0.001252"/>
</if>
<status status="PASS" start="2026-02-20T16:29:57.078151" elapsed="0.001639"/>
</kw>
<status status="PASS" start="2026-02-20T16:29:43.082174" elapsed="13.997681"/>
</suite>
<status status="PASS" start="2026-02-20T16:28:19.729838" elapsed="97.352270"/>
</suite>
<status status="PASS" start="2026-02-20T16:28:19.698843" elapsed="97.385801"/>
</suite>
<statistics>
<total>
<stat pass="11" fail="0" skip="0">All Tests</stat>
</total>
<tag>
<stat pass="1" fail="0" skip="0">customer</stat>
<stat pass="10" fail="0" skip="0">modular</stat>
<stat pass="1" fail="0" skip="0">roles</stat>
<stat pass="2" fail="0" skip="0">scenario1</stat>
<stat pass="2" fail="0" skip="0">scenario2</stat>
<stat pass="2" fail="0" skip="0">scenario3</stat>
<stat pass="2" fail="0" skip="0">scenario4</stat>
<stat pass="2" fail="0" skip="0">scenario5</stat>
</tag>
<suite>
<stat name="Capstone project" id="s1" pass="11" fail="0" skip="0">Capstone project</stat>
<stat name="Tests" id="s1-s1" pass="11" fail="0" skip="0">Capstone project.Tests</stat>
<stat name="Role Coverage" id="s1-s1-s1" pass="1" fail="0" skip="0">Capstone project.Tests.Role Coverage</stat>
<stat name="Scenario 1 Registration Login" id="s1-s1-s2" pass="2" fail="0" skip="0">Capstone project.Tests.Scenario 1 Registration Login</stat>
<stat name="Scenario 2 Product Search Details" id="s1-s1-s3" pass="2" fail="0" skip="0">Capstone project.Tests.Scenario 2 Product Search Details</stat>
<stat name="Scenario 3 Add To Cart" id="s1-s1-s4" pass="2" fail="0" skip="0">Capstone project.Tests.Scenario 3 Add To Cart</stat>
<stat name="Scenario 4 Update Remove Cart" id="s1-s1-s5" pass="2" fail="0" skip="0">Capstone project.Tests.Scenario 4 Update Remove Cart</stat>
<stat name="Scenario 5 Logout Session Validation" id="s1-s1-s6" pass="2" fail="0" skip="0">Capstone project.Tests.Scenario 5 Logout Session Validation</stat>
</suite>
</statistics>
<errors>
</errors>
</robot>
