<?xml version="1.0" encoding="UTF-8"?>
<robot generator="Robot 7.4.1 (Python 3.13.5 on win32)" generated="2026-02-21T23:46:26.456730" rpa="false" schemaversion="5">
<suite id="s1" name="Robot-Ride" source="D:\NGATWIPRO\CapstoneProject\Robot-Ride">
<suite id="s1-s1" name="Tests" source="D:\NGATWIPRO\CapstoneProject\Robot-Ride\tests">
<kw name="Global Suite Setup" type="SETUP">
<kw name="Prepare Fresh Reports Directory" owner="base">
<kw name="Set Variable" owner="BuiltIn">
<msg time="2026-02-21T23:46:26.706147" level="INFO">${reports_dir} = D:\NGATWIPRO\CapstoneProject\Robot-Ride\reports</msg>
<var>${reports_dir}</var>
<arg>${EXECDIR}${/}reports</arg>
<doc>Returns the given values which can then be assigned to a variables.</doc>
<status status="PASS" start="2026-02-21T23:46:26.705870" elapsed="0.000307"/>
</kw>
<kw name="Run Keyword And Ignore Error" owner="BuiltIn">
<kw name="Remove Directory" owner="OperatingSystem">
<msg time="2026-02-21T23:46:26.707373" level="INFO" html="true">Removed directory '&lt;a href="file://D:\NGATWIPRO\CapstoneProject\Robot-Ride\reports"&gt;D:\NGATWIPRO\CapstoneProject\Robot-Ride\reports&lt;/a&gt;'.</msg>
<arg>${reports_dir}</arg>
<arg>recursive=True</arg>
<doc>Removes the directory pointed to by the given ``path``.</doc>
<status status="PASS" start="2026-02-21T23:46:26.706525" elapsed="0.000915"/>
</kw>
<arg>Remove Directory</arg>
<arg>${reports_dir}</arg>
<arg>recursive=True</arg>
<doc>Runs the given keyword with the given arguments and ignores possible error.</doc>
<status status="PASS" start="2026-02-21T23:46:26.706288" elapsed="0.001212"/>
</kw>
<kw name="Create Directory" owner="OperatingSystem">
<msg time="2026-02-21T23:46:26.708040" level="INFO" html="true">Created directory '&lt;a href="file://D:\NGATWIPRO\CapstoneProject\Robot-Ride\reports"&gt;D:\NGATWIPRO\CapstoneProject\Robot-Ride\reports&lt;/a&gt;'.</msg>
<arg>${reports_dir}</arg>
<doc>Creates the specified directory.</doc>
<status status="PASS" start="2026-02-21T23:46:26.707582" elapsed="0.000523"/>
</kw>
<status status="PASS" start="2026-02-21T23:46:26.705384" elapsed="0.002788"/>
</kw>
<kw name="Prepare Shared Users For Full Run" owner="account_keywords">
<kw name="Evaluate" owner="BuiltIn">
<msg time="2026-02-21T23:46:26.708867" level="INFO">${run_id} = 20260221234626</msg>
<var>${run_id}</var>
<arg>datetime.datetime.now().strftime("%Y%m%d%H%M%S")</arg>
<arg>modules=datetime</arg>
<doc>Evaluates the given expression in Python and returns the result.</doc>
<status status="PASS" start="2026-02-21T23:46:26.708549" elapsed="0.000340"/>
</kw>
<kw name="Log Operation" owner="base">
<kw name="Log" owner="BuiltIn">
<msg time="2026-02-21T23:46:26.709300" level="INFO">[Setup] Initializing dynamic shared user pool for run 20260221234626</msg>
<arg>${message}</arg>
<doc>Logs the given message with the given level.</doc>
<status status="PASS" start="2026-02-21T23:46:26.709143" elapsed="0.000192"/>
</kw>
<arg>[Setup] Initializing dynamic shared user pool for run ${run_id}</arg>
<status status="PASS" start="2026-02-21T23:46:26.708991" elapsed="0.000392"/>
</kw>
<kw name="Create List" owner="BuiltIn">
<msg time="2026-02-21T23:46:26.709594" level="INFO">${emails} = []</msg>
<var>${emails}</var>
<doc>Returns a list containing given items.</doc>
<status status="PASS" start="2026-02-21T23:46:26.709451" elapsed="0.000162"/>
</kw>
<kw name="Create List" owner="BuiltIn">
<msg time="2026-02-21T23:46:26.710093" level="INFO">${passwords} = []</msg>
<var>${passwords}</var>
<doc>Returns a list containing given items.</doc>
<status status="PASS" start="2026-02-21T23:46:26.709699" elapsed="0.000418"/>
</kw>
<kw name="Set Global Variable" owner="BuiltIn">
<msg time="2026-02-21T23:46:26.710973" level="INFO">${SHARED_USER_EMAILS} = []</msg>
<arg>${SHARED_USER_EMAILS}</arg>
<arg>${emails}</arg>
<doc>Makes a variable available globally in all tests and suites.</doc>
<status status="PASS" start="2026-02-21T23:46:26.710211" elapsed="0.000811"/>
</kw>
<kw name="Set Global Variable" owner="BuiltIn">
<msg time="2026-02-21T23:46:26.711688" level="INFO">${SHARED_USER_PASSWORDS} = []</msg>
<arg>${SHARED_USER_PASSWORDS}</arg>
<arg>${passwords}</arg>
<doc>Makes a variable available globally in all tests and suites.</doc>
<status status="PASS" start="2026-02-21T23:46:26.711117" elapsed="0.000604"/>
</kw>
<kw name="Set Global Variable" owner="BuiltIn">
<msg time="2026-02-21T23:46:26.712499" level="INFO">${SHARED_RUN_ID} = 20260221234626</msg>
<arg>${SHARED_RUN_ID}</arg>
<arg>${run_id}</arg>
<doc>Makes a variable available globally in all tests and suites.</doc>
<status status="PASS" start="2026-02-21T23:46:26.711801" elapsed="0.000743"/>
</kw>
<status status="PASS" start="2026-02-21T23:46:26.708313" elapsed="0.004297"/>
</kw>
<status status="PASS" start="2026-02-21T23:46:26.704796" elapsed="0.007852"/>
</kw>
<suite id="s1-s1-s1" name="Role Coverage" source="D:\NGATWIPRO\CapstoneProject\Robot-Ride\tests\role_coverage.robot">
<test id="s1-s1-s1-t1" name="Customer Role Validation" line="11">
<kw name="Open Application" owner="base" type="SETUP">
<kw name="Create Directory" owner="OperatingSystem">
<msg time="2026-02-21T23:46:26.717595" level="INFO" html="true">Directory '&lt;a href="file://D:\NGATWIPRO\CapstoneProject\Robot-Ride\reports"&gt;D:\NGATWIPRO\CapstoneProject\Robot-Ride\reports&lt;/a&gt;' already exists.</msg>
<arg>${EXECDIR}${/}reports</arg>
<doc>Creates the specified directory.</doc>
<status status="PASS" start="2026-02-21T23:46:26.717439" elapsed="0.000238"/>
</kw>
<kw name="Set Screenshot Directory" owner="SeleniumLibrary">
<arg>${EXECDIR}${/}reports</arg>
<doc>Sets the directory for captured screenshots.</doc>
<status status="PASS" start="2026-02-21T23:46:26.717793" elapsed="0.000184"/>
</kw>
<kw name="Resolve Browser Name" owner="base">
<kw name="Evaluate" owner="BuiltIn">
<msg time="2026-02-21T23:46:26.718607" level="INFO">${name} = chrome</msg>
<var>${name}</var>
<arg>str("${browser}").strip().lower()</arg>
<doc>Evaluates the given expression in Python and returns the result.</doc>
<status status="PASS" start="2026-02-21T23:46:26.718326" elapsed="0.000308"/>
</kw>
<if>
<branch type="IF" condition="'${name}' == 'msedge' or '${name}' == 'microsoftedge'">
<kw name="Set Variable" owner="BuiltIn">
<var>${name}</var>
<arg>edge</arg>
<doc>Returns the given values which can then be assigned to a variables.</doc>
<status status="NOT RUN" start="2026-02-21T23:46:26.718910" elapsed="0.000020"/>
</kw>
<status status="NOT RUN" start="2026-02-21T23:46:26.718733" elapsed="0.000224"/>
</branch>
<status status="PASS" start="2026-02-21T23:46:26.718697" elapsed="0.000290"/>
</if>
<kw name="Run Keyword And Return Status" owner="BuiltIn">
<kw name="Should Match Regexp" owner="BuiltIn">
<arg>${name}</arg>
<arg>^(chrome|firefox|edge)$</arg>
<doc>Fails if ``string`` does not match ``pattern`` as a regular expression.</doc>
<status status="PASS" start="2026-02-21T23:46:26.719238" elapsed="0.000236"/>
</kw>
<msg time="2026-02-21T23:46:26.719539" level="INFO">${supported} = True</msg>
<var>${supported}</var>
<arg>Should Match Regexp</arg>
<arg>${name}</arg>
<arg>^(chrome|firefox|edge)$</arg>
<doc>Runs the specified keyword and returns the status as a Boolean value.</doc>
<status status="PASS" start="2026-02-21T23:46:26.719048" elapsed="0.000508"/>
</kw>
<if>
<branch type="IF" condition="not ${supported}">
<kw name="Fail" owner="BuiltIn">
<arg>Unsupported browser '${browser}'. Use chrome, firefox, or edge.</arg>
<doc>Fails the test with the given message and optionally alters its tags.</doc>
<status status="NOT RUN" start="2026-02-21T23:46:26.719725" elapsed="0.000016"/>
</kw>
<status status="NOT RUN" start="2026-02-21T23:46:26.719611" elapsed="0.000154"/>
</branch>
<status status="PASS" start="2026-02-21T23:46:26.719598" elapsed="0.000190"/>
</if>
<return>
<value>${name}</value>
<status status="PASS" start="2026-02-21T23:46:26.719812" elapsed="0.000039"/>
</return>
<msg time="2026-02-21T23:46:26.719935" level="INFO">${resolved_browser} = chrome</msg>
<var>${resolved_browser}</var>
<arg>${browser}</arg>
<status status="PASS" start="2026-02-21T23:46:26.718156" elapsed="0.001905"/>
</kw>
<kw name="Log Operation" owner="base">
<kw name="Log" owner="BuiltIn">
<msg time="2026-02-21T23:46:26.720541" level="INFO">[Browser] Launching tests on chrome</msg>
<arg>${message}</arg>
<doc>Logs the given message with the given level.</doc>
<status status="PASS" start="2026-02-21T23:46:26.720393" elapsed="0.000176"/>
</kw>
<arg>[Browser] Launching tests on ${resolved_browser}</arg>
<status status="PASS" start="2026-02-21T23:46:26.720224" elapsed="0.000386"/>
</kw>
<kw name="Open Browser" owner="SeleniumLibrary">
<msg time="2026-02-21T23:46:26.720821" level="INFO">Opening browser 'chrome' to base url 'https://tutorialsninja.com/demo/'.</msg>
<arg>${URL}</arg>
<arg>${resolved_browser}</arg>
<doc>Opens a new browser instance to the optional ``url``.</doc>
<status status="PASS" start="2026-02-21T23:46:26.720684" elapsed="2.691258"/>
</kw>
<kw name="Maximize Browser Window" owner="SeleniumLibrary">
<doc>Maximizes current browser window.</doc>
<status status="PASS" start="2026-02-21T23:46:29.412201" elapsed="0.033343"/>
</kw>
<kw name="Set Selenium Timeout" owner="SeleniumLibrary">
<arg>${TIMEOUT}</arg>
<doc>Sets the timeout that is used by various keywords.</doc>
<status status="PASS" start="2026-02-21T23:46:29.445835" elapsed="0.002067"/>
</kw>
<kw name="Register Keyword To Run On Failure" owner="SeleniumLibrary">
<msg time="2026-02-21T23:46:29.449318" level="INFO">No keyword will be run on failure.</msg>
<arg>NONE</arg>
<doc>Sets the keyword to execute, when a SeleniumLibrary keyword fails.</doc>
<status status="PASS" start="2026-02-21T23:46:29.448574" elapsed="0.000836"/>
</kw>
<status status="PASS" start="2026-02-21T23:46:26.717234" elapsed="2.732327"/>
</kw>
<kw name="Login User With Fresh Registration" owner="account_keywords">
<kw name="Register New User And Return Credentials" owner="account_keywords">
<if>
<branch type="IF" condition="$email is None">
<kw name="Evaluate" owner="BuiltIn">
<msg time="2026-02-21T23:46:29.457159" level="INFO">${email} = qa_1771697789457@example.com</msg>
<var>${email}</var>
<arg>f"qa_{int(time.time()*1000)}@example.com"</arg>
<arg>modules=time</arg>
<doc>Evaluates the given expression in Python and returns the result.</doc>
<status status="PASS" start="2026-02-21T23:46:29.456183" elapsed="0.001030"/>
</kw>
<status status="PASS" start="2026-02-21T23:46:29.454061" elapsed="0.003247"/>
</branch>
<status status="PASS" start="2026-02-21T23:46:29.453900" elapsed="0.003483"/>
</if>
<kw name="Log Operation" owner="base">
<kw name="Log" owner="BuiltIn">
<msg time="2026-02-21T23:46:29.458930" level="INFO">[Registration] Creating user Test User with qa_1771697789457@example.com</msg>
<arg>${message}</arg>
<doc>Logs the given message with the given level.</doc>
<status status="PASS" start="2026-02-21T23:46:29.458272" elapsed="0.000840"/>
</kw>
<arg>[Registration] Creating user ${firstname} ${lastname} with ${email}</arg>
<status status="PASS" start="2026-02-21T23:46:29.457629" elapsed="0.001668"/>
</kw>
<kw name="Open Register Page" owner="account_page">
<kw name="Go To" owner="SeleniumLibrary">
<msg time="2026-02-21T23:46:29.461466" level="INFO">Opening url 'https://tutorialsninja.com/demo/index.php?route=account/register'</msg>
<arg>${REGISTER_PAGE_URL}</arg>
<doc>Navigates the current browser window to the provided ``url``.</doc>
<status status="PASS" start="2026-02-21T23:46:29.460678" elapsed="0.300523"/>
</kw>
<kw name="Log Operation" owner="base">
<kw name="Log" owner="BuiltIn">
<msg time="2026-02-21T23:46:29.762241" level="INFO">[Assert] Register page should be visible</msg>
<arg>${message}</arg>
<doc>Logs the given message with the given level.</doc>
<status status="PASS" start="2026-02-21T23:46:29.761858" elapsed="0.000442"/>
</kw>
<arg>[Assert] Register page should be visible</arg>
<status status="PASS" start="2026-02-21T23:46:29.761443" elapsed="0.000940"/>
</kw>
<kw name="Assert Register Page Is Visible" owner="account_page">
<kw name="Wait Until Location Contains" owner="SeleniumLibrary">
<arg>route=account/register</arg>
<arg>10s</arg>
<arg>Register page did not open.</arg>
<doc>Waits until the current URL contains ``expected``.</doc>
<status status="PASS" start="2026-02-21T23:46:29.762934" elapsed="0.011500"/>
</kw>
<kw name="Wait Until Element Is Visible" owner="SeleniumLibrary">
<arg>${FIRSTNAME_FIELD}</arg>
<arg>10s</arg>
<arg>First name field is not visible on Register page.</arg>
<doc>Waits until the element ``locator`` is visible.</doc>
<status status="PASS" start="2026-02-21T23:46:29.774764" elapsed="0.022548"/>
</kw>
<kw name="Wait Until Element Is Visible" owner="SeleniumLibrary">
<arg>${EMAIL_FIELD}</arg>
<arg>10s</arg>
<arg>E-mail field is not visible on Register page.</arg>
<doc>Waits until the element ``locator`` is visible.</doc>
<status status="PASS" start="2026-02-21T23:46:29.797730" elapsed="0.020128"/>
</kw>
<status status="PASS" start="2026-02-21T23:46:29.762574" elapsed="0.055428"/>
</kw>
<status status="PASS" start="2026-02-21T23:46:29.459960" elapsed="0.358100"/>
</kw>
<kw name="Submit Registration Form" owner="account_page">
<kw name="Input Text Safe" owner="base">
<kw name="Wait Until Element Is Visible" owner="SeleniumLibrary">
<arg>${locator}</arg>
<doc>Waits until the element ``locator`` is visible.</doc>
<status status="PASS" start="2026-02-21T23:46:29.819786" elapsed="0.014827"/>
</kw>
<kw name="Input Text" owner="SeleniumLibrary">
<msg time="2026-02-21T23:46:29.834999" level="INFO">Typing text 'Test' into text field 'id=input-firstname'.</msg>
<arg>${locator}</arg>
<arg>${text}</arg>
<doc>Types the given ``text`` into the text field identified by ``locator``.</doc>
<status status="PASS" start="2026-02-21T23:46:29.834783" elapsed="0.109175"/>
</kw>
<arg>${FIRSTNAME_FIELD}</arg>
<arg>${firstname}</arg>
<status status="PASS" start="2026-02-21T23:46:29.819394" elapsed="0.124710"/>
</kw>
<kw name="Input Text Safe" owner="base">
<kw name="Wait Until Element Is Visible" owner="SeleniumLibrary">
<arg>${locator}</arg>
<doc>Waits until the element ``locator`` is visible.</doc>
<status status="PASS" start="2026-02-21T23:46:29.944697" elapsed="0.020606"/>
</kw>
<kw name="Input Text" owner="SeleniumLibrary">
<msg time="2026-02-21T23:46:29.965906" level="INFO">Typing text 'User' into text field 'id=input-lastname'.</msg>
<arg>${locator}</arg>
<arg>${text}</arg>
<doc>Types the given ``text`` into the text field identified by ``locator``.</doc>
<status status="PASS" start="2026-02-21T23:46:29.965565" elapsed="0.081831"/>
</kw>
<arg>${LASTNAME_FIELD}</arg>
<arg>${lastname}</arg>
<status status="PASS" start="2026-02-21T23:46:29.944335" elapsed="0.103310"/>
</kw>
<kw name="Input Text Safe" owner="base">
<kw name="Wait Until Element Is Visible" owner="SeleniumLibrary">
<arg>${locator}</arg>
<doc>Waits until the element ``locator`` is visible.</doc>
<status status="PASS" start="2026-02-21T23:46:30.049150" elapsed="0.018855"/>
</kw>
<kw name="Input Text" owner="SeleniumLibrary">
<msg time="2026-02-21T23:46:30.068810" level="INFO">Typing text 'qa_1771697789457@example.com' into text field 'id=input-email'.</msg>
<arg>${locator}</arg>
<arg>${text}</arg>
<doc>Types the given ``text`` into the text field identified by ``locator``.</doc>
<status status="PASS" start="2026-02-21T23:46:30.068394" elapsed="0.114631"/>
</kw>
<arg>${EMAIL_FIELD}</arg>
<arg>${email}</arg>
<status status="PASS" start="2026-02-21T23:46:30.048336" elapsed="0.134804"/>
</kw>
<kw name="Input Text Safe" owner="base">
<kw name="Wait Until Element Is Visible" owner="SeleniumLibrary">
<arg>${locator}</arg>
<doc>Waits until the element ``locator`` is visible.</doc>
<status status="PASS" start="2026-02-21T23:46:30.183608" elapsed="0.018682"/>
</kw>
<kw name="Input Text" owner="SeleniumLibrary">
<msg time="2026-02-21T23:46:30.202678" level="INFO">Typing text '9999999999' into text field 'id=input-telephone'.</msg>
<arg>${locator}</arg>
<arg>${text}</arg>
<doc>Types the given ``text`` into the text field identified by ``locator``.</doc>
<status status="PASS" start="2026-02-21T23:46:30.202458" elapsed="0.070411"/>
</kw>
<arg>${PHONE_FIELD}</arg>
<arg>${phone}</arg>
<status status="PASS" start="2026-02-21T23:46:30.183333" elapsed="0.089827"/>
</kw>
<kw name="Input Text Safe" owner="base">
<kw name="Wait Until Element Is Visible" owner="SeleniumLibrary">
<arg>${locator}</arg>
<doc>Waits until the element ``locator`` is visible.</doc>
<status status="PASS" start="2026-02-21T23:46:30.273604" elapsed="0.014994"/>
</kw>
<kw name="Input Text" owner="SeleniumLibrary">
<msg time="2026-02-21T23:46:30.289067" level="INFO">Typing text 'Password123' into text field 'id=input-password'.</msg>
<arg>${locator}</arg>
<arg>${text}</arg>
<doc>Types the given ``text`` into the text field identified by ``locator``.</doc>
<status status="PASS" start="2026-02-21T23:46:30.288768" elapsed="0.152795"/>
</kw>
<arg>${PASSWORD_FIELD}</arg>
<arg>${password}</arg>
<status status="PASS" start="2026-02-21T23:46:30.273311" elapsed="0.168348"/>
</kw>
<kw name="Input Text Safe" owner="base">
<kw name="Wait Until Element Is Visible" owner="SeleniumLibrary">
<arg>${locator}</arg>
<doc>Waits until the element ``locator`` is visible.</doc>
<status status="PASS" start="2026-02-21T23:46:30.442066" elapsed="0.017370"/>
</kw>
<kw name="Input Text" owner="SeleniumLibrary">
<msg time="2026-02-21T23:46:30.459824" level="INFO">Typing text 'Password123' into text field 'id=input-confirm'.</msg>
<arg>${locator}</arg>
<arg>${text}</arg>
<doc>Types the given ``text`` into the text field identified by ``locator``.</doc>
<status status="PASS" start="2026-02-21T23:46:30.459607" elapsed="0.086527"/>
</kw>
<arg>${CONFIRM_FIELD}</arg>
<arg>${password}</arg>
<status status="PASS" start="2026-02-21T23:46:30.441801" elapsed="0.104481"/>
</kw>
<kw name="Select Checkbox" owner="SeleniumLibrary">
<msg time="2026-02-21T23:46:30.547871" level="INFO">Selecting checkbox 'name=agree'.</msg>
<arg>${PRIVACY_POLICY_CHECKBOX}</arg>
<doc>Selects the checkbox identified by ``locator``.</doc>
<status status="PASS" start="2026-02-21T23:46:30.546609" elapsed="0.080060"/>
</kw>
<kw name="Click With Wait" owner="base">
<kw name="Wait Until Element Is Visible" owner="SeleniumLibrary">
<arg>${locator}</arg>
<doc>Waits until the element ``locator`` is visible.</doc>
<status status="PASS" start="2026-02-21T23:46:30.627116" elapsed="0.014834"/>
</kw>
<kw name="Wait Until Element Is Enabled" owner="SeleniumLibrary">
<arg>${locator}</arg>
<doc>Waits until the element ``locator`` is enabled.</doc>
<status status="PASS" start="2026-02-21T23:46:30.642335" elapsed="0.016923"/>
</kw>
<kw name="Click Element" owner="SeleniumLibrary">
<msg time="2026-02-21T23:46:30.659651" level="INFO">Clicking element 'xpath=//input[@value='Continue']'.</msg>
<arg>${locator}</arg>
<doc>Click the element identified by ``locator``.</doc>
<status status="PASS" start="2026-02-21T23:46:30.659437" elapsed="1.224048"/>
</kw>
<arg>${CONTINUE_BUTTON}</arg>
<status status="PASS" start="2026-02-21T23:46:30.626866" elapsed="1.256838"/>
</kw>
<kw name="Run Keyword And Return Status" owner="BuiltIn">
<kw name="Wait Until Location Contains" owner="SeleniumLibrary">
<arg>route=account/success</arg>
<arg>3s</arg>
<doc>Waits until the current URL contains ``expected``.</doc>
<status status="PASS" start="2026-02-21T23:46:31.884478" elapsed="0.010233"/>
</kw>
<msg time="2026-02-21T23:46:31.894843" level="INFO">${reached_success} = True</msg>
<var>${reached_success}</var>
<arg>Wait Until Location Contains</arg>
<arg>route=account/success</arg>
<arg>3s</arg>
<doc>Runs the specified keyword and returns the status as a Boolean value.</doc>
<status status="PASS" start="2026-02-21T23:46:31.883948" elapsed="0.010920"/>
</kw>
<if>
<branch type="IF" condition="not ${reached_success}">
<kw name="Run Keyword And Return Status" owner="BuiltIn">
<var>${register_form_still_visible}</var>
<arg>Wait Until Element Is Visible</arg>
<arg>${PRIVACY_POLICY_CHECKBOX}</arg>
<arg>2s</arg>
<doc>Runs the specified keyword and returns the status as a Boolean value.</doc>
<status status="NOT RUN" start="2026-02-21T23:46:31.895133" elapsed="0.000023"/>
</kw>
<if>
<branch type="IF" condition="${register_form_still_visible}">
<kw name="Log Operation" owner="base">
<arg>[Registration] First submit stayed on register page, retrying once</arg>
<status status="NOT RUN" start="2026-02-21T23:46:31.895314" elapsed="0.000019"/>
</kw>
<kw name="Select Checkbox" owner="SeleniumLibrary">
<arg>${PRIVACY_POLICY_CHECKBOX}</arg>
<doc>Selects the checkbox identified by ``locator``.</doc>
<status status="NOT RUN" start="2026-02-21T23:46:31.895413" elapsed="0.000017"/>
</kw>
<kw name="Click With Wait" owner="base">
<arg>${CONTINUE_BUTTON}</arg>
<status status="NOT RUN" start="2026-02-21T23:46:31.895516" elapsed="0.000017"/>
</kw>
<status status="NOT RUN" start="2026-02-21T23:46:31.895208" elapsed="0.000347"/>
</branch>
<status status="NOT RUN" start="2026-02-21T23:46:31.895197" elapsed="0.000385"/>
</if>
<status status="NOT RUN" start="2026-02-21T23:46:31.894948" elapsed="0.000650"/>
</branch>
<status status="PASS" start="2026-02-21T23:46:31.894926" elapsed="0.000690"/>
</if>
<arg>${firstname}</arg>
<arg>${lastname}</arg>
<arg>${email}</arg>
<arg>${phone}</arg>
<arg>${password}</arg>
<status status="PASS" start="2026-02-21T23:46:29.818580" elapsed="2.077073"/>
</kw>
<kw name="Registration Should Be Successful" owner="account_page">
<kw name="Log Operation" owner="base">
<kw name="Log" owner="BuiltIn">
<msg time="2026-02-21T23:46:31.896530" level="INFO">[Assert] Registration should be successful</msg>
<arg>${message}</arg>
<doc>Logs the given message with the given level.</doc>
<status status="PASS" start="2026-02-21T23:46:31.896183" elapsed="0.000387"/>
</kw>
<arg>[Assert] Registration should be successful</arg>
<status status="PASS" start="2026-02-21T23:46:31.895987" elapsed="0.000635"/>
</kw>
<kw name="Get Location" owner="SeleniumLibrary">
<msg time="2026-02-21T23:46:31.903244" level="INFO">${location} = https://tutorialsninja.com/demo/index.php?route=account/success</msg>
<var>${location}</var>
<doc>Returns the current browser window URL.</doc>
<status status="PASS" start="2026-02-21T23:46:31.896858" elapsed="0.006509"/>
</kw>
<kw name="Run Keyword And Return Status" owner="BuiltIn">
<kw name="Page Should Contain" owner="SeleniumLibrary">
<msg time="2026-02-21T23:46:31.916458" level="INFO">Current page contains text 'Your Account Has Been Created!'.</msg>
<arg>Your Account Has Been Created!</arg>
<doc>Verifies that current page contains ``text``.</doc>
<status status="PASS" start="2026-02-21T23:46:31.903909" elapsed="0.012657"/>
</kw>
<msg time="2026-02-21T23:46:31.916733" level="INFO">${has_success_text} = True</msg>
<var>${has_success_text}</var>
<arg>Page Should Contain</arg>
<arg>Your Account Has Been Created!</arg>
<doc>Runs the specified keyword and returns the status as a Boolean value.</doc>
<status status="PASS" start="2026-02-21T23:46:31.903647" elapsed="0.013129"/>
</kw>
<kw name="Run Keyword And Return Status" owner="BuiltIn">
<kw name="Should Contain" owner="BuiltIn">
<arg>${location}</arg>
<arg>route=account/success</arg>
<doc>Fails if ``container`` does not contain ``item`` one or more times.</doc>
<status status="PASS" start="2026-02-21T23:46:31.917332" elapsed="0.000499"/>
</kw>
<msg time="2026-02-21T23:46:31.917965" level="INFO">${at_success_url} = True</msg>
<var>${at_success_url}</var>
<arg>Should Contain</arg>
<arg>${location}</arg>
<arg>route=account/success</arg>
<doc>Runs the specified keyword and returns the status as a Boolean value.</doc>
<status status="PASS" start="2026-02-21T23:46:31.916955" elapsed="0.001044"/>
</kw>
<kw name="Run Keyword And Return Status" owner="BuiltIn">
<kw name="Page Should Contain" owner="SeleniumLibrary">
<msg time="2026-02-21T23:46:31.948883" level="FAIL">Page should have contained text 'Warning: E-Mail Address is already registered!' but did not.</msg>
<arg>Warning: E-Mail Address is already registered!</arg>
<doc>Verifies that current page contains ``text``.</doc>
<status status="FAIL" start="2026-02-21T23:46:31.918484" elapsed="0.035177">Page should have contained text 'Warning: E-Mail Address is already registered!' but did not.</status>
</kw>
<msg time="2026-02-21T23:46:31.953866" level="INFO">${email_exists_warning} = False</msg>
<var>${email_exists_warning}</var>
<arg>Page Should Contain</arg>
<arg>Warning: E-Mail Address is already registered!</arg>
<doc>Runs the specified keyword and returns the status as a Boolean value.</doc>
<status status="PASS" start="2026-02-21T23:46:31.918170" elapsed="0.035733"/>
</kw>
<kw name="Run Keyword And Return Status" owner="BuiltIn">
<kw name="Page Should Contain" owner="SeleniumLibrary">
<msg time="2026-02-21T23:46:31.977531" level="FAIL">Page should have contained text 'Warning: You must agree to the Privacy Policy!' but did not.</msg>
<arg>Warning: You must agree to the Privacy Policy!</arg>
<doc>Verifies that current page contains ``text``.</doc>
<status status="FAIL" start="2026-02-21T23:46:31.954547" elapsed="0.023799">Page should have contained text 'Warning: You must agree to the Privacy Policy!' but did not.</status>
</kw>
<msg time="2026-02-21T23:46:31.978518" level="INFO">${privacy_warning} = False</msg>
<var>${privacy_warning}</var>
<arg>Page Should Contain</arg>
<arg>Warning: You must agree to the Privacy Policy!</arg>
<doc>Runs the specified keyword and returns the status as a Boolean value.</doc>
<status status="PASS" start="2026-02-21T23:46:31.954077" elapsed="0.024472"/>
</kw>
<kw name="Run Keyword And Return Status" owner="BuiltIn">
<kw name="Element Should Be Visible" owner="SeleniumLibrary">
<msg time="2026-02-21T23:46:31.988899" level="FAIL">Element with locator 'css=.text-danger' not found.</msg>
<arg>css=.text-danger</arg>
<doc>Verifies that the element identified by ``locator`` is visible.</doc>
<status status="FAIL" start="2026-02-21T23:46:31.979109" elapsed="0.014475">Element with locator 'css=.text-danger' not found.</status>
</kw>
<msg time="2026-02-21T23:46:31.993772" level="INFO">${has_form_error} = False</msg>
<var>${has_form_error}</var>
<arg>Element Should Be Visible</arg>
<arg>css=.text-danger</arg>
<doc>Runs the specified keyword and returns the status as a Boolean value.</doc>
<status status="PASS" start="2026-02-21T23:46:31.978736" elapsed="0.015072"/>
</kw>
<kw name="Run Keyword If" owner="BuiltIn">
<arg>${email_exists_warning}</arg>
<arg>Fail</arg>
<arg>User not registered: e-mail already exists.</arg>
<doc>Runs the given keyword with the given arguments, if ``condition`` is true.</doc>
<status status="PASS" start="2026-02-21T23:46:31.993985" elapsed="0.000353"/>
</kw>
<kw name="Run Keyword If" owner="BuiltIn">
<arg>${privacy_warning}</arg>
<arg>Fail</arg>
<arg>User not registered: privacy policy agreement was not accepted.</arg>
<doc>Runs the given keyword with the given arguments, if ``condition`` is true.</doc>
<status status="PASS" start="2026-02-21T23:46:31.994481" elapsed="0.000299"/>
</kw>
<if>
<branch type="IF" condition="${has_form_error}">
<kw name="Get Text" owner="SeleniumLibrary">
<var>${error_text}</var>
<arg>css=.text-danger</arg>
<doc>Returns the text value of the element identified by ``locator``.</doc>
<status status="NOT RUN" start="2026-02-21T23:46:31.995053" elapsed="0.000030"/>
</kw>
<kw name="Fail" owner="BuiltIn">
<arg>User not registered: form validation error - ${error_text}</arg>
<doc>Fails the test with the given message and optionally alters its tags.</doc>
<status status="NOT RUN" start="2026-02-21T23:46:31.995188" elapsed="0.000027"/>
</kw>
<status status="NOT RUN" start="2026-02-21T23:46:31.994894" elapsed="0.000364"/>
</branch>
<status status="PASS" start="2026-02-21T23:46:31.994868" elapsed="0.000434"/>
</if>
<kw name="Run Keyword If" owner="BuiltIn">
<arg>not (${has_success_text} or ${at_success_url})</arg>
<arg>Fail</arg>
<arg>User not registered: registration success was not confirmed.</arg>
<doc>Runs the given keyword with the given arguments, if ``condition`` is true.</doc>
<status status="PASS" start="2026-02-21T23:46:31.995396" elapsed="0.000354"/>
</kw>
<status status="PASS" start="2026-02-21T23:46:31.895791" elapsed="0.100099"/>
</kw>
<return>
<value>${email}</value>
<value>${password}</value>
<status status="PASS" start="2026-02-21T23:46:31.995951" elapsed="0.000055"/>
</return>
<msg time="2026-02-21T23:46:31.996313" level="INFO">${email} = qa_1771697789457@example.com</msg>
<msg time="2026-02-21T23:46:31.996381" level="INFO">${password} = Password123</msg>
<var>${email}</var>
<var>${password}</var>
<arg>${firstname}</arg>
<arg>${lastname}</arg>
<arg>${phone}</arg>
<arg>${password}</arg>
<status status="PASS" start="2026-02-21T23:46:29.452182" elapsed="2.544229"/>
</kw>
<kw name="Logout From Account" owner="account_page">
<kw name="Silence Failure Screenshots" owner="base">
<kw name="Register Keyword To Run On Failure" owner="SeleniumLibrary">
<msg time="2026-02-21T23:46:31.998099" level="INFO">No keyword will be run on failure.</msg>
<arg>NONE</arg>
<doc>Sets the keyword to execute, when a SeleniumLibrary keyword fails.</doc>
<status status="PASS" start="2026-02-21T23:46:31.997945" elapsed="0.000218"/>
</kw>
<status status="PASS" start="2026-02-21T23:46:31.997406" elapsed="0.000834"/>
</kw>
<kw name="Run Keyword And Return Status" owner="BuiltIn">
<kw name="Wait Until Element Is Visible" owner="SeleniumLibrary">
<arg>${MY_ACCOUNT_MENU}</arg>
<arg>3s</arg>
<doc>Waits until the element ``locator`` is visible.</doc>
<status status="PASS" start="2026-02-21T23:46:31.998655" elapsed="0.017882"/>
</kw>
<msg time="2026-02-21T23:46:32.016769" level="INFO">${menu_visible} = True</msg>
<var>${menu_visible}</var>
<arg>Wait Until Element Is Visible</arg>
<arg>${MY_ACCOUNT_MENU}</arg>
<arg>3s</arg>
<doc>Runs the specified keyword and returns the status as a Boolean value.</doc>
<status status="PASS" start="2026-02-21T23:46:31.998348" elapsed="0.018466"/>
</kw>
<kw name="Enable Failure Screenshots" owner="base">
<kw name="Register Keyword To Run On Failure" owner="SeleniumLibrary">
<msg time="2026-02-21T23:46:32.017928" level="INFO">No keyword will be run on failure.</msg>
<arg>NONE</arg>
<doc>Sets the keyword to execute, when a SeleniumLibrary keyword fails.</doc>
<status status="PASS" start="2026-02-21T23:46:32.017605" elapsed="0.000574"/>
</kw>
<status status="PASS" start="2026-02-21T23:46:32.017131" elapsed="0.001490"/>
</kw>
<if>
<branch type="IF" condition="${menu_visible}">
<kw name="Silence Failure Screenshots" owner="base">
<kw name="Register Keyword To Run On Failure" owner="SeleniumLibrary">
<msg time="2026-02-21T23:46:32.019532" level="INFO">No keyword will be run on failure.</msg>
<arg>NONE</arg>
<doc>Sets the keyword to execute, when a SeleniumLibrary keyword fails.</doc>
<status status="PASS" start="2026-02-21T23:46:32.019439" elapsed="0.000126"/>
</kw>
<status status="PASS" start="2026-02-21T23:46:32.019269" elapsed="0.000341"/>
</kw>
<kw name="Run Keyword And Return Status" owner="BuiltIn">
<kw name="Ensure Account Option Is Visible" owner="account_page">
<kw name="Silence Failure Screenshots" owner="base">
<kw name="Register Keyword To Run On Failure" owner="SeleniumLibrary">
<msg time="2026-02-21T23:46:32.020368" level="INFO">No keyword will be run on failure.</msg>
<arg>NONE</arg>
<doc>Sets the keyword to execute, when a SeleniumLibrary keyword fails.</doc>
<status status="PASS" start="2026-02-21T23:46:32.020286" elapsed="0.000117"/>
</kw>
<status status="PASS" start="2026-02-21T23:46:32.020149" elapsed="0.000297"/>
</kw>
<kw name="Run Keyword And Return Status" owner="BuiltIn">
<kw name="Element Should Be Visible" owner="SeleniumLibrary">
<msg time="2026-02-21T23:46:32.037777" level="FAIL">The element 'xpath=//ul[@class='dropdown-menu dropdown-menu-right']//a[text()='Logout']' should be visible, but it is not.</msg>
<arg>${option_locator}</arg>
<doc>Verifies that the element identified by ``locator`` is visible.</doc>
<status status="FAIL" start="2026-02-21T23:46:32.020699" elapsed="0.018553">The element 'xpath=//ul[@class='dropdown-menu dropdown-menu-right']//a[text()='Logout']' should be visible, but it is not.</status>
</kw>
<msg time="2026-02-21T23:46:32.039604" level="INFO">${option_visible} = False</msg>
<var>${option_visible}</var>
<arg>Element Should Be Visible</arg>
<arg>${option_locator}</arg>
<doc>Runs the specified keyword and returns the status as a Boolean value.</doc>
<status status="PASS" start="2026-02-21T23:46:32.020515" elapsed="0.019128"/>
</kw>
<kw name="Enable Failure Screenshots" owner="base">
<kw name="Register Keyword To Run On Failure" owner="SeleniumLibrary">
<msg time="2026-02-21T23:46:32.040341" level="INFO">No keyword will be run on failure.</msg>
<arg>NONE</arg>
<doc>Sets the keyword to execute, when a SeleniumLibrary keyword fails.</doc>
<status status="PASS" start="2026-02-21T23:46:32.040179" elapsed="0.000224"/>
</kw>
<status status="PASS" start="2026-02-21T23:46:32.039867" elapsed="0.000619"/>
</kw>
<if>
<branch type="IF" condition="not ${option_visible}">
<kw name="Click With Wait" owner="base">
<kw name="Wait Until Element Is Visible" owner="SeleniumLibrary">
<arg>${locator}</arg>
<doc>Waits until the element ``locator`` is visible.</doc>
<status status="PASS" start="2026-02-21T23:46:32.041170" elapsed="0.016586"/>
</kw>
<kw name="Wait Until Element Is Enabled" owner="SeleniumLibrary">
<arg>${locator}</arg>
<doc>Waits until the element ``locator`` is enabled.</doc>
<status status="PASS" start="2026-02-21T23:46:32.058013" elapsed="0.022016"/>
</kw>
<kw name="Click Element" owner="SeleniumLibrary">
<msg time="2026-02-21T23:46:32.081839" level="INFO">Clicking element 'xpath=//span[text()='My Account']'.</msg>
<arg>${locator}</arg>
<doc>Click the element identified by ``locator``.</doc>
<status status="PASS" start="2026-02-21T23:46:32.080773" elapsed="0.055261"/>
</kw>
<arg>${MY_ACCOUNT_MENU}</arg>
<status status="PASS" start="2026-02-21T23:46:32.040834" elapsed="0.095551"/>
</kw>
<kw name="Wait Until Element Is Visible" owner="SeleniumLibrary">
<arg>css=ul.dropdown-menu.dropdown-menu-right</arg>
<doc>Waits until the element ``locator`` is visible.</doc>
<status status="PASS" start="2026-02-21T23:46:32.136619" elapsed="0.023327"/>
</kw>
<kw name="Wait Until Element Is Visible" owner="SeleniumLibrary">
<arg>${option_locator}</arg>
<doc>Waits until the element ``locator`` is visible.</doc>
<status status="PASS" start="2026-02-21T23:46:32.160134" elapsed="0.009875"/>
</kw>
<kw name="Wait Until Element Is Enabled" owner="SeleniumLibrary">
<arg>${option_locator}</arg>
<doc>Waits until the element ``locator`` is enabled.</doc>
<status status="PASS" start="2026-02-21T23:46:32.170226" elapsed="0.012205"/>
</kw>
<status status="PASS" start="2026-02-21T23:46:32.040576" elapsed="0.141919"/>
</branch>
<status status="PASS" start="2026-02-21T23:46:32.040550" elapsed="0.141981"/>
</if>
<arg>${LOGOUT_LINK}</arg>
<status status="PASS" start="2026-02-21T23:46:32.019970" elapsed="0.162601"/>
</kw>
<msg time="2026-02-21T23:46:32.182648" level="INFO">${logout_visible} = True</msg>
<var>${logout_visible}</var>
<arg>Ensure Account Option Is Visible</arg>
<arg>${LOGOUT_LINK}</arg>
<doc>Runs the specified keyword and returns the status as a Boolean value.</doc>
<status status="PASS" start="2026-02-21T23:46:32.019685" elapsed="0.162982"/>
</kw>
<kw name="Enable Failure Screenshots" owner="base">
<kw name="Register Keyword To Run On Failure" owner="SeleniumLibrary">
<msg time="2026-02-21T23:46:32.183062" level="INFO">No keyword will be run on failure.</msg>
<arg>NONE</arg>
<doc>Sets the keyword to execute, when a SeleniumLibrary keyword fails.</doc>
<status status="PASS" start="2026-02-21T23:46:32.182965" elapsed="0.000126"/>
</kw>
<status status="PASS" start="2026-02-21T23:46:32.182789" elapsed="0.000340"/>
</kw>
<if>
<branch type="IF" condition="${logout_visible}">
<kw name="Run Keyword And Return Status" owner="BuiltIn">
<kw name="Click With Wait" owner="base">
<kw name="Wait Until Element Is Visible" owner="SeleniumLibrary">
<arg>${locator}</arg>
<doc>Waits until the element ``locator`` is visible.</doc>
<status status="PASS" start="2026-02-21T23:46:32.183700" elapsed="0.008341"/>
</kw>
<kw name="Wait Until Element Is Enabled" owner="SeleniumLibrary">
<arg>${locator}</arg>
<doc>Waits until the element ``locator`` is enabled.</doc>
<status status="PASS" start="2026-02-21T23:46:32.192185" elapsed="0.010790"/>
</kw>
<kw name="Click Element" owner="SeleniumLibrary">
<msg time="2026-02-21T23:46:32.203299" level="INFO">Clicking element 'xpath=//ul[@class='dropdown-menu dropdown-menu-right']//a[text()='Logout']'.</msg>
<arg>${locator}</arg>
<doc>Click the element identified by ``locator``.</doc>
<status status="PASS" start="2026-02-21T23:46:32.203121" elapsed="0.308601"/>
</kw>
<arg>${LOGOUT_LINK}</arg>
<status status="PASS" start="2026-02-21T23:46:32.183518" elapsed="0.328296"/>
</kw>
<msg time="2026-02-21T23:46:32.511902" level="INFO">${clicked_logout} = True</msg>
<var>${clicked_logout}</var>
<arg>Click With Wait</arg>
<arg>${LOGOUT_LINK}</arg>
<doc>Runs the specified keyword and returns the status as a Boolean value.</doc>
<status status="PASS" start="2026-02-21T23:46:32.183272" elapsed="0.328652"/>
</kw>
<if>
<branch type="IF" condition="not ${clicked_logout}">
<kw name="Go To" owner="SeleniumLibrary">
<arg>${LOGOUT_PAGE_URL}</arg>
<doc>Navigates the current browser window to the provided ``url``.</doc>
<status status="NOT RUN" start="2026-02-21T23:46:32.512204" elapsed="0.000022"/>
</kw>
<status status="NOT RUN" start="2026-02-21T23:46:32.512016" elapsed="0.000238"/>
</branch>
<status status="PASS" start="2026-02-21T23:46:32.511987" elapsed="0.000292"/>
</if>
<status status="PASS" start="2026-02-21T23:46:32.183176" elapsed="0.329119"/>
</branch>
<branch type="ELSE">
<kw name="Go To" owner="SeleniumLibrary">
<arg>${LOGOUT_PAGE_URL}</arg>
<doc>Navigates the current browser window to the provided ``url``.</doc>
<status status="NOT RUN" start="2026-02-21T23:46:32.512373" elapsed="0.000015"/>
</kw>
<status status="NOT RUN" start="2026-02-21T23:46:32.512314" elapsed="0.000097"/>
</branch>
<status status="PASS" start="2026-02-21T23:46:32.183162" elapsed="0.329268"/>
</if>
<status status="PASS" start="2026-02-21T23:46:32.018848" elapsed="0.493596"/>
</branch>
<branch type="ELSE">
<kw name="Go To" owner="SeleniumLibrary">
<arg>${LOGOUT_PAGE_URL}</arg>
<doc>Navigates the current browser window to the provided ``url``.</doc>
<status status="NOT RUN" start="2026-02-21T23:46:32.512516" elapsed="0.000014"/>
</kw>
<status status="NOT RUN" start="2026-02-21T23:46:32.512464" elapsed="0.000087"/>
</branch>
<status status="PASS" start="2026-02-21T23:46:32.018802" elapsed="0.493766"/>
</if>
<status status="PASS" start="2026-02-21T23:46:31.996780" elapsed="0.515950"/>
</kw>
<kw name="Logout Should Be Successful" owner="account_page">
<kw name="Log Operation" owner="base">
<kw name="Log" owner="BuiltIn">
<msg time="2026-02-21T23:46:32.514653" level="INFO">[Assert] Logout should terminate session</msg>
<arg>${message}</arg>
<doc>Logs the given message with the given level.</doc>
<status status="PASS" start="2026-02-21T23:46:32.514218" elapsed="0.000492"/>
</kw>
<arg>[Assert] Logout should terminate session</arg>
<status status="PASS" start="2026-02-21T23:46:32.513707" elapsed="0.001071"/>
</kw>
<kw name="Wait Until Keyword Succeeds" owner="BuiltIn">
<kw name="Account Access Should Require Login" owner="account_page">
<kw name="Go To" owner="SeleniumLibrary">
<msg time="2026-02-21T23:46:32.515506" level="INFO">Opening url 'https://tutorialsninja.com/demo/index.php?route=account/account'</msg>
<arg>${ACCOUNT_PAGE_URL}</arg>
<doc>Navigates the current browser window to the provided ``url``.</doc>
<status status="PASS" start="2026-02-21T23:46:32.515402" elapsed="0.285408"/>
</kw>
<kw name="Wait Until Keyword Succeeds" owner="BuiltIn">
<kw name="Validate Access Redirected To Login" owner="account_page">
<kw name="Get Location" owner="SeleniumLibrary">
<msg time="2026-02-21T23:46:32.806642" level="INFO">${location} = https://tutorialsninja.com/demo/index.php?route=account/login</msg>
<var>${location}</var>
<doc>Returns the current browser window URL.</doc>
<status status="PASS" start="2026-02-21T23:46:32.802032" elapsed="0.004657"/>
</kw>
<kw name="Run Keyword And Return Status" owner="BuiltIn">
<kw name="Should Contain" owner="BuiltIn">
<arg>${location}</arg>
<arg>route=account/login</arg>
<doc>Fails if ``container`` does not contain ``item`` one or more times.</doc>
<status status="PASS" start="2026-02-21T23:46:32.807113" elapsed="0.000251"/>
</kw>
<msg time="2026-02-21T23:46:32.807441" level="INFO">${at_login_url} = True</msg>
<var>${at_login_url}</var>
<arg>Should Contain</arg>
<arg>${location}</arg>
<arg>route=account/login</arg>
<doc>Runs the specified keyword and returns the status as a Boolean value.</doc>
<status status="PASS" start="2026-02-21T23:46:32.806840" elapsed="0.000619"/>
</kw>
<kw name="Run Keyword And Return Status" owner="BuiltIn">
<kw name="Page Should Contain" owner="SeleniumLibrary">
<msg time="2026-02-21T23:46:32.820555" level="INFO">Current page contains text 'Returning Customer'.</msg>
<arg>Returning Customer</arg>
<doc>Verifies that current page contains ``text``.</doc>
<status status="PASS" start="2026-02-21T23:46:32.808528" elapsed="0.012133"/>
</kw>
<msg time="2026-02-21T23:46:32.820844" level="INFO">${has_login_prompt} = True</msg>
<var>${has_login_prompt}</var>
<arg>Page Should Contain</arg>
<arg>Returning Customer</arg>
<doc>Runs the specified keyword and returns the status as a Boolean value.</doc>
<status status="PASS" start="2026-02-21T23:46:32.807617" elapsed="0.013260"/>
</kw>
<kw name="Run Keyword And Return Status" owner="BuiltIn">
<kw name="Should Contain" owner="BuiltIn">
<msg time="2026-02-21T23:46:32.822683" level="FAIL">'https://tutorialsninja.com/demo/index.php?route=account/login' does not contain 'route=account/account'</msg>
<arg>${location}</arg>
<arg>route=account/account</arg>
<doc>Fails if ``container`` does not contain ``item`` one or more times.</doc>
<status status="FAIL" start="2026-02-21T23:46:32.821845" elapsed="0.000933">'https://tutorialsninja.com/demo/index.php?route=account/login' does not contain 'route=account/account'</status>
</kw>
<msg time="2026-02-21T23:46:32.822927" level="INFO">${still_account} = False</msg>
<var>${still_account}</var>
<arg>Should Contain</arg>
<arg>${location}</arg>
<arg>route=account/account</arg>
<doc>Runs the specified keyword and returns the status as a Boolean value.</doc>
<status status="PASS" start="2026-02-21T23:46:32.821105" elapsed="0.001854"/>
</kw>
<kw name="Run Keyword If" owner="BuiltIn">
<arg>${still_account}</arg>
<arg>Fail</arg>
<arg>Session is still active.</arg>
<doc>Runs the given keyword with the given arguments, if ``condition`` is true.</doc>
<status status="PASS" start="2026-02-21T23:46:32.823129" elapsed="0.000360"/>
</kw>
<kw name="Run Keyword If" owner="BuiltIn">
<arg>not (${at_login_url} or ${has_login_prompt})</arg>
<arg>Fail</arg>
<arg>Login redirection was not confirmed.</arg>
<doc>Runs the given keyword with the given arguments, if ``condition`` is true.</doc>
<status status="PASS" start="2026-02-21T23:46:32.823703" elapsed="0.000474"/>
</kw>
<status status="PASS" start="2026-02-21T23:46:32.801760" elapsed="0.022514"/>
</kw>
<arg>5x</arg>
<arg>1s</arg>
<arg>Validate Access Redirected To Login</arg>
<doc>Runs the specified keyword and retries if it fails.</doc>
<status status="PASS" start="2026-02-21T23:46:32.801283" elapsed="0.023048"/>
</kw>
<status status="PASS" start="2026-02-21T23:46:32.515248" elapsed="0.309154"/>
</kw>
<arg>5x</arg>
<arg>1s</arg>
<arg>Account Access Should Require Login</arg>
<doc>Runs the specified keyword and retries if it fails.</doc>
<status status="PASS" start="2026-02-21T23:46:32.514874" elapsed="0.309584"/>
</kw>
<status status="PASS" start="2026-02-21T23:46:32.513056" elapsed="0.311465"/>
</kw>
<kw name="Login User With Credentials" owner="account_keywords">
<kw name="Log Operation" owner="base">
<kw name="Log" owner="BuiltIn">
<msg time="2026-02-21T23:46:32.825526" level="INFO">[Login] Logging in with qa_1771697789457@example.com</msg>
<arg>${message}</arg>
<doc>Logs the given message with the given level.</doc>
<status status="PASS" start="2026-02-21T23:46:32.825260" elapsed="0.000318"/>
</kw>
<arg>[Login] Logging in with ${email}</arg>
<status status="PASS" start="2026-02-21T23:46:32.825011" elapsed="0.000636"/>
</kw>
<kw name="Open Login Page" owner="account_page">
<kw name="Go To" owner="SeleniumLibrary">
<msg time="2026-02-21T23:46:32.826124" level="INFO">Opening url 'https://tutorialsninja.com/demo/index.php?route=account/login'</msg>
<arg>${LOGIN_PAGE_URL}</arg>
<doc>Navigates the current browser window to the provided ``url``.</doc>
<status status="PASS" start="2026-02-21T23:46:32.825999" elapsed="0.160582"/>
</kw>
<kw name="Log Operation" owner="base">
<kw name="Log" owner="BuiltIn">
<msg time="2026-02-21T23:46:32.987312" level="INFO">[Assert] Login page should be visible</msg>
<arg>${message}</arg>
<doc>Logs the given message with the given level.</doc>
<status status="PASS" start="2026-02-21T23:46:32.987043" elapsed="0.000316"/>
</kw>
<arg>[Assert] Login page should be visible</arg>
<status status="PASS" start="2026-02-21T23:46:32.986771" elapsed="0.000646"/>
</kw>
<kw name="Assert Login Page Is Visible" owner="account_page">
<kw name="Wait Until Location Contains" owner="SeleniumLibrary">
<arg>route=account/login</arg>
<arg>10s</arg>
<arg>Login page did not open.</arg>
<doc>Waits until the current URL contains ``expected``.</doc>
<status status="PASS" start="2026-02-21T23:46:32.987690" elapsed="0.007185"/>
</kw>
<kw name="Wait Until Element Is Visible" owner="SeleniumLibrary">
<arg>${EMAIL_FIELD}</arg>
<arg>10s</arg>
<arg>E-mail field is not visible on Login page.</arg>
<doc>Waits until the element ``locator`` is visible.</doc>
<status status="PASS" start="2026-02-21T23:46:32.995345" elapsed="0.011796"/>
</kw>
<kw name="Wait Until Element Is Visible" owner="SeleniumLibrary">
<arg>${PASSWORD_FIELD}</arg>
<arg>10s</arg>
<arg>Password field is not visible on Login page.</arg>
<doc>Waits until the element ``locator`` is visible.</doc>
<status status="PASS" start="2026-02-21T23:46:33.007301" elapsed="0.010893"/>
</kw>
<status status="PASS" start="2026-02-21T23:46:32.987530" elapsed="0.030761"/>
</kw>
<status status="PASS" start="2026-02-21T23:46:32.825777" elapsed="0.192550"/>
</kw>
<kw name="Submit Login Form" owner="account_page">
<kw name="Input Text Safe" owner="base">
<kw name="Wait Until Element Is Visible" owner="SeleniumLibrary">
<arg>${locator}</arg>
<doc>Waits until the element ``locator`` is visible.</doc>
<status status="PASS" start="2026-02-21T23:46:33.019057" elapsed="0.009907"/>
</kw>
<kw name="Input Text" owner="SeleniumLibrary">
<msg time="2026-02-21T23:46:33.029301" level="INFO">Typing text 'qa_1771697789457@example.com' into text field 'id=input-email'.</msg>
<arg>${locator}</arg>
<arg>${text}</arg>
<doc>Types the given ``text`` into the text field identified by ``locator``.</doc>
<status status="PASS" start="2026-02-21T23:46:33.029107" elapsed="0.131496"/>
</kw>
<arg>${EMAIL_FIELD}</arg>
<arg>${email}</arg>
<status status="PASS" start="2026-02-21T23:46:33.018824" elapsed="0.141869"/>
</kw>
<kw name="Input Text Safe" owner="base">
<kw name="Wait Until Element Is Visible" owner="SeleniumLibrary">
<arg>${locator}</arg>
<doc>Waits until the element ``locator`` is visible.</doc>
<status status="PASS" start="2026-02-21T23:46:33.161094" elapsed="0.025756"/>
</kw>
<kw name="Input Text" owner="SeleniumLibrary">
<msg time="2026-02-21T23:46:33.187631" level="INFO">Typing text 'Password123' into text field 'id=input-password'.</msg>
<arg>${locator}</arg>
<arg>${text}</arg>
<doc>Types the given ``text`` into the text field identified by ``locator``.</doc>
<status status="PASS" start="2026-02-21T23:46:33.187013" elapsed="0.081072"/>
</kw>
<arg>${PASSWORD_FIELD}</arg>
<arg>${password}</arg>
<status status="PASS" start="2026-02-21T23:46:33.160833" elapsed="0.107661"/>
</kw>
<kw name="Click Button" owner="SeleniumLibrary">
<msg time="2026-02-21T23:46:33.268974" level="INFO">Clicking button 'xpath=//input[@value='Login']'.</msg>
<arg>${LOGIN_BUTTON}</arg>
<doc>Clicks the button identified by ``locator``.</doc>
<status status="PASS" start="2026-02-21T23:46:33.268715" elapsed="0.058654"/>
</kw>
<arg>${email}</arg>
<arg>${password}</arg>
<status status="PASS" start="2026-02-21T23:46:33.018459" elapsed="0.309000"/>
</kw>
<kw name="Login Should Be Successful" owner="account_page">
<kw name="Log Operation" owner="base">
<kw name="Log" owner="BuiltIn">
<msg time="2026-02-21T23:46:33.331022" level="INFO">[Assert] Login should be successful</msg>
<arg>${message}</arg>
<doc>Logs the given message with the given level.</doc>
<status status="PASS" start="2026-02-21T23:46:33.329859" elapsed="0.001288"/>
</kw>
<arg>[Assert] Login should be successful</arg>
<status status="PASS" start="2026-02-21T23:46:33.327817" elapsed="0.003478"/>
</kw>
<kw name="Wait Until Keyword Succeeds" owner="BuiltIn">
<kw name="Validate Logged In State" owner="account_page">
<kw name="Get Location" owner="SeleniumLibrary">
<msg time="2026-02-21T23:46:34.038965" level="INFO">${location} = https://tutorialsninja.com/demo/index.php?route=account/account</msg>
<var>${location}</var>
<doc>Returns the current browser window URL.</doc>
<status status="PASS" start="2026-02-21T23:46:33.332151" elapsed="0.706892"/>
</kw>
<kw name="Silence Failure Screenshots" owner="base">
<kw name="Register Keyword To Run On Failure" owner="SeleniumLibrary">
<msg time="2026-02-21T23:46:34.039719" level="INFO">No keyword will be run on failure.</msg>
<arg>NONE</arg>
<doc>Sets the keyword to execute, when a SeleniumLibrary keyword fails.</doc>
<status status="PASS" start="2026-02-21T23:46:34.039537" elapsed="0.000267"/>
</kw>
<status status="PASS" start="2026-02-21T23:46:34.039305" elapsed="0.000633"/>
</kw>
<kw name="Run Keyword And Return Status" owner="BuiltIn">
<kw name="Should Contain" owner="BuiltIn">
<arg>${location}</arg>
<arg>route=account/account</arg>
<doc>Fails if ``container`` does not contain ``item`` one or more times.</doc>
<status status="PASS" start="2026-02-21T23:46:34.040352" elapsed="0.000217"/>
</kw>
<msg time="2026-02-21T23:46:34.040643" level="INFO">${has_account_url} = True</msg>
<var>${has_account_url}</var>
<arg>Should Contain</arg>
<arg>${location}</arg>
<arg>route=account/account</arg>
<doc>Runs the specified keyword and returns the status as a Boolean value.</doc>
<status status="PASS" start="2026-02-21T23:46:34.040090" elapsed="0.000571"/>
</kw>
<kw name="Run Keyword And Return Status" owner="BuiltIn">
<kw name="Page Should Contain" owner="SeleniumLibrary">
<msg time="2026-02-21T23:46:34.055517" level="INFO">Current page contains text 'Edit your account information'.</msg>
<arg>Edit your account information</arg>
<doc>Verifies that current page contains ``text``.</doc>
<status status="PASS" start="2026-02-21T23:46:34.041057" elapsed="0.014544"/>
</kw>
<msg time="2026-02-21T23:46:34.055709" level="INFO">${has_edit_account} = True</msg>
<var>${has_edit_account}</var>
<arg>Page Should Contain</arg>
<arg>Edit your account information</arg>
<doc>Runs the specified keyword and returns the status as a Boolean value.</doc>
<status status="PASS" start="2026-02-21T23:46:34.040743" elapsed="0.014984"/>
</kw>
<kw name="Run Keyword And Return Status" owner="BuiltIn">
<kw name="Page Should Contain" owner="SeleniumLibrary">
<msg time="2026-02-21T23:46:34.076635" level="FAIL">Page should have contained text 'Warning: No match for E-Mail Address and/or Password.' but did not.</msg>
<arg>Warning: No match for E-Mail Address and/or Password.</arg>
<doc>Verifies that current page contains ``text``.</doc>
<status status="FAIL" start="2026-02-21T23:46:34.056267" elapsed="0.021208">Page should have contained text 'Warning: No match for E-Mail Address and/or Password.' but did not.</status>
</kw>
<msg time="2026-02-21T23:46:34.077716" level="INFO">${has_login_error} = False</msg>
<var>${has_login_error}</var>
<arg>Page Should Contain</arg>
<arg>Warning: No match for E-Mail Address and/or Password.</arg>
<doc>Runs the specified keyword and returns the status as a Boolean value.</doc>
<status status="PASS" start="2026-02-21T23:46:34.055848" elapsed="0.021901"/>
</kw>
<kw name="Enable Failure Screenshots" owner="base">
<kw name="Register Keyword To Run On Failure" owner="SeleniumLibrary">
<msg time="2026-02-21T23:46:34.078971" level="INFO">No keyword will be run on failure.</msg>
<arg>NONE</arg>
<doc>Sets the keyword to execute, when a SeleniumLibrary keyword fails.</doc>
<status status="PASS" start="2026-02-21T23:46:34.078800" elapsed="0.000210"/>
</kw>
<status status="PASS" start="2026-02-21T23:46:34.078334" elapsed="0.000725"/>
</kw>
<kw name="Run Keyword If" owner="BuiltIn">
<arg>${has_login_error}</arg>
<arg>Fail</arg>
<arg>Login failed: user not found or password is invalid.</arg>
<doc>Runs the given keyword with the given arguments, if ``condition`` is true.</doc>
<status status="PASS" start="2026-02-21T23:46:34.079134" elapsed="0.000206"/>
</kw>
<kw name="Run Keyword If" owner="BuiltIn">
<arg>not (${has_account_url} or ${has_edit_account})</arg>
<arg>Fail</arg>
<arg>Login failed: account page was not reached.</arg>
<doc>Runs the given keyword with the given arguments, if ``condition`` is true.</doc>
<status status="PASS" start="2026-02-21T23:46:34.079422" elapsed="0.000206"/>
</kw>
<status status="PASS" start="2026-02-21T23:46:33.331965" elapsed="0.747711"/>
</kw>
<arg>5x</arg>
<arg>1s</arg>
<arg>Validate Logged In State</arg>
<doc>Runs the specified keyword and retries if it fails.</doc>
<status status="PASS" start="2026-02-21T23:46:33.331509" elapsed="0.748195"/>
</kw>
<status status="PASS" start="2026-02-21T23:46:33.327600" elapsed="0.752137"/>
</kw>
<arg>${email}</arg>
<arg>${password}</arg>
<status status="PASS" start="2026-02-21T23:46:32.824679" elapsed="1.255085"/>
</kw>
<status status="PASS" start="2026-02-21T23:46:29.450650" elapsed="4.629146"/>
</kw>
<kw name="Logout User" owner="common_keywords">
<kw name="Log Operation" owner="base">
<kw name="Log" owner="BuiltIn">
<msg time="2026-02-21T23:46:34.080963" level="INFO">[Account] Logging out current user</msg>
<arg>${message}</arg>
<doc>Logs the given message with the given level.</doc>
<status status="PASS" start="2026-02-21T23:46:34.080687" elapsed="0.000332"/>
</kw>
<arg>[Account] Logging out current user</arg>
<status status="PASS" start="2026-02-21T23:46:34.080449" elapsed="0.000644"/>
</kw>
<kw name="Logout From Account" owner="account_page">
<kw name="Silence Failure Screenshots" owner="base">
<kw name="Register Keyword To Run On Failure" owner="SeleniumLibrary">
<msg time="2026-02-21T23:46:34.081954" level="INFO">No keyword will be run on failure.</msg>
<arg>NONE</arg>
<doc>Sets the keyword to execute, when a SeleniumLibrary keyword fails.</doc>
<status status="PASS" start="2026-02-21T23:46:34.081851" elapsed="0.000137"/>
</kw>
<status status="PASS" start="2026-02-21T23:46:34.081576" elapsed="0.000459"/>
</kw>
<kw name="Run Keyword And Return Status" owner="BuiltIn">
<kw name="Wait Until Element Is Visible" owner="SeleniumLibrary">
<arg>${MY_ACCOUNT_MENU}</arg>
<arg>3s</arg>
<doc>Waits until the element ``locator`` is visible.</doc>
<status status="PASS" start="2026-02-21T23:46:34.082308" elapsed="0.015660"/>
</kw>
<msg time="2026-02-21T23:46:34.098162" level="INFO">${menu_visible} = True</msg>
<var>${menu_visible}</var>
<arg>Wait Until Element Is Visible</arg>
<arg>${MY_ACCOUNT_MENU}</arg>
<arg>3s</arg>
<doc>Runs the specified keyword and returns the status as a Boolean value.</doc>
<status status="PASS" start="2026-02-21T23:46:34.082107" elapsed="0.016083"/>
</kw>
<kw name="Enable Failure Screenshots" owner="base">
<kw name="Register Keyword To Run On Failure" owner="SeleniumLibrary">
<msg time="2026-02-21T23:46:34.099111" level="INFO">No keyword will be run on failure.</msg>
<arg>NONE</arg>
<doc>Sets the keyword to execute, when a SeleniumLibrary keyword fails.</doc>
<status status="PASS" start="2026-02-21T23:46:34.098790" elapsed="0.000708"/>
</kw>
<status status="PASS" start="2026-02-21T23:46:34.098389" elapsed="0.001191"/>
</kw>
<if>
<branch type="IF" condition="${menu_visible}">
<kw name="Silence Failure Screenshots" owner="base">
<kw name="Register Keyword To Run On Failure" owner="SeleniumLibrary">
<msg time="2026-02-21T23:46:34.100110" level="INFO">No keyword will be run on failure.</msg>
<arg>NONE</arg>
<doc>Sets the keyword to execute, when a SeleniumLibrary keyword fails.</doc>
<status status="PASS" start="2026-02-21T23:46:34.099987" elapsed="0.000161"/>
</kw>
<status status="PASS" start="2026-02-21T23:46:34.099796" elapsed="0.000400"/>
</kw>
<kw name="Run Keyword And Return Status" owner="BuiltIn">
<kw name="Ensure Account Option Is Visible" owner="account_page">
<kw name="Silence Failure Screenshots" owner="base">
<kw name="Register Keyword To Run On Failure" owner="SeleniumLibrary">
<msg time="2026-02-21T23:46:34.101046" level="INFO">No keyword will be run on failure.</msg>
<arg>NONE</arg>
<doc>Sets the keyword to execute, when a SeleniumLibrary keyword fails.</doc>
<status status="PASS" start="2026-02-21T23:46:34.100976" elapsed="0.000101"/>
</kw>
<status status="PASS" start="2026-02-21T23:46:34.100849" elapsed="0.000269"/>
</kw>
<kw name="Run Keyword And Return Status" owner="BuiltIn">
<kw name="Element Should Be Visible" owner="SeleniumLibrary">
<msg time="2026-02-21T23:46:34.113978" level="FAIL">The element 'xpath=//ul[@class='dropdown-menu dropdown-menu-right']//a[text()='Logout']' should be visible, but it is not.</msg>
<arg>${option_locator}</arg>
<doc>Verifies that the element identified by ``locator`` is visible.</doc>
<status status="FAIL" start="2026-02-21T23:46:34.101365" elapsed="0.013393">The element 'xpath=//ul[@class='dropdown-menu dropdown-menu-right']//a[text()='Logout']' should be visible, but it is not.</status>
</kw>
<msg time="2026-02-21T23:46:34.114938" level="INFO">${option_visible} = False</msg>
<var>${option_visible}</var>
<arg>Element Should Be Visible</arg>
<arg>${option_locator}</arg>
<doc>Runs the specified keyword and returns the status as a Boolean value.</doc>
<status status="PASS" start="2026-02-21T23:46:34.101179" elapsed="0.013796"/>
</kw>
<kw name="Enable Failure Screenshots" owner="base">
<kw name="Register Keyword To Run On Failure" owner="SeleniumLibrary">
<msg time="2026-02-21T23:46:34.115667" level="INFO">No keyword will be run on failure.</msg>
<arg>NONE</arg>
<doc>Sets the keyword to execute, when a SeleniumLibrary keyword fails.</doc>
<status status="PASS" start="2026-02-21T23:46:34.115512" elapsed="0.000217"/>
</kw>
<status status="PASS" start="2026-02-21T23:46:34.115210" elapsed="0.000599"/>
</kw>
<if>
<branch type="IF" condition="not ${option_visible}">
<kw name="Click With Wait" owner="base">
<kw name="Wait Until Element Is Visible" owner="SeleniumLibrary">
<arg>${locator}</arg>
<doc>Waits until the element ``locator`` is visible.</doc>
<status status="PASS" start="2026-02-21T23:46:34.116458" elapsed="0.012516"/>
</kw>
<kw name="Wait Until Element Is Enabled" owner="SeleniumLibrary">
<arg>${locator}</arg>
<doc>Waits until the element ``locator`` is enabled.</doc>
<status status="PASS" start="2026-02-21T23:46:34.129147" elapsed="0.022026"/>
</kw>
<kw name="Click Element" owner="SeleniumLibrary">
<msg time="2026-02-21T23:46:34.151524" level="INFO">Clicking element 'xpath=//span[text()='My Account']'.</msg>
<arg>${locator}</arg>
<doc>Click the element identified by ``locator``.</doc>
<status status="PASS" start="2026-02-21T23:46:34.151332" elapsed="0.043275"/>
</kw>
<arg>${MY_ACCOUNT_MENU}</arg>
<status status="PASS" start="2026-02-21T23:46:34.116160" elapsed="0.078544"/>
</kw>
<kw name="Wait Until Element Is Visible" owner="SeleniumLibrary">
<arg>css=ul.dropdown-menu.dropdown-menu-right</arg>
<doc>Waits until the element ``locator`` is visible.</doc>
<status status="PASS" start="2026-02-21T23:46:34.194823" elapsed="0.010654"/>
</kw>
<kw name="Wait Until Element Is Visible" owner="SeleniumLibrary">
<arg>${option_locator}</arg>
<doc>Waits until the element ``locator`` is visible.</doc>
<status status="PASS" start="2026-02-21T23:46:34.205647" elapsed="0.012235"/>
</kw>
<kw name="Wait Until Element Is Enabled" owner="SeleniumLibrary">
<arg>${option_locator}</arg>
<doc>Waits until the element ``locator`` is enabled.</doc>
<status status="PASS" start="2026-02-21T23:46:34.218102" elapsed="0.013233"/>
</kw>
<status status="PASS" start="2026-02-21T23:46:34.115901" elapsed="0.115514"/>
</branch>
<status status="PASS" start="2026-02-21T23:46:34.115875" elapsed="0.115577"/>
</if>
<arg>${LOGOUT_LINK}</arg>
<status status="PASS" start="2026-02-21T23:46:34.100675" elapsed="0.130821"/>
</kw>
<msg time="2026-02-21T23:46:34.231584" level="INFO">${logout_visible} = True</msg>
<var>${logout_visible}</var>
<arg>Ensure Account Option Is Visible</arg>
<arg>${LOGOUT_LINK}</arg>
<doc>Runs the specified keyword and returns the status as a Boolean value.</doc>
<status status="PASS" start="2026-02-21T23:46:34.100273" elapsed="0.131333"/>
</kw>
<kw name="Enable Failure Screenshots" owner="base">
<kw name="Register Keyword To Run On Failure" owner="SeleniumLibrary">
<msg time="2026-02-21T23:46:34.232031" level="INFO">No keyword will be run on failure.</msg>
<arg>NONE</arg>
<doc>Sets the keyword to execute, when a SeleniumLibrary keyword fails.</doc>
<status status="PASS" start="2026-02-21T23:46:34.231937" elapsed="0.000126"/>
</kw>
<status status="PASS" start="2026-02-21T23:46:34.231756" elapsed="0.000346"/>
</kw>
<if>
<branch type="IF" condition="${logout_visible}">
<kw name="Run Keyword And Return Status" owner="BuiltIn">
<kw name="Click With Wait" owner="base">
<kw name="Wait Until Element Is Visible" owner="SeleniumLibrary">
<arg>${locator}</arg>
<doc>Waits until the element ``locator`` is visible.</doc>
<status status="PASS" start="2026-02-21T23:46:34.232650" elapsed="0.010017"/>
</kw>
<kw name="Wait Until Element Is Enabled" owner="SeleniumLibrary">
<arg>${locator}</arg>
<doc>Waits until the element ``locator`` is enabled.</doc>
<status status="PASS" start="2026-02-21T23:46:34.242820" elapsed="0.012257"/>
</kw>
<kw name="Click Element" owner="SeleniumLibrary">
<msg time="2026-02-21T23:46:34.255503" level="INFO">Clicking element 'xpath=//ul[@class='dropdown-menu dropdown-menu-right']//a[text()='Logout']'.</msg>
<arg>${locator}</arg>
<doc>Click the element identified by ``locator``.</doc>
<status status="PASS" start="2026-02-21T23:46:34.255271" elapsed="0.327092"/>
</kw>
<arg>${LOGOUT_LINK}</arg>
<status status="PASS" start="2026-02-21T23:46:34.232487" elapsed="0.349988"/>
</kw>
<msg time="2026-02-21T23:46:34.582573" level="INFO">${clicked_logout} = True</msg>
<var>${clicked_logout}</var>
<arg>Click With Wait</arg>
<arg>${LOGOUT_LINK}</arg>
<doc>Runs the specified keyword and returns the status as a Boolean value.</doc>
<status status="PASS" start="2026-02-21T23:46:34.232251" elapsed="0.350346"/>
</kw>
<if>
<branch type="IF" condition="not ${clicked_logout}">
<kw name="Go To" owner="SeleniumLibrary">
<arg>${LOGOUT_PAGE_URL}</arg>
<doc>Navigates the current browser window to the provided ``url``.</doc>
<status status="NOT RUN" start="2026-02-21T23:46:34.582872" elapsed="0.000022"/>
</kw>
<status status="NOT RUN" start="2026-02-21T23:46:34.582682" elapsed="0.000241"/>
</branch>
<status status="PASS" start="2026-02-21T23:46:34.582657" elapsed="0.000291"/>
</if>
<status status="PASS" start="2026-02-21T23:46:34.232151" elapsed="0.350812"/>
</branch>
<branch type="ELSE">
<kw name="Go To" owner="SeleniumLibrary">
<arg>${LOGOUT_PAGE_URL}</arg>
<doc>Navigates the current browser window to the provided ``url``.</doc>
<status status="NOT RUN" start="2026-02-21T23:46:34.583041" elapsed="0.000015"/>
</kw>
<status status="NOT RUN" start="2026-02-21T23:46:34.582983" elapsed="0.000095"/>
</branch>
<status status="PASS" start="2026-02-21T23:46:34.232136" elapsed="0.351086"/>
</if>
<status status="PASS" start="2026-02-21T23:46:34.099642" elapsed="0.483611"/>
</branch>
<branch type="ELSE">
<kw name="Go To" owner="SeleniumLibrary">
<arg>${LOGOUT_PAGE_URL}</arg>
<doc>Navigates the current browser window to the provided ``url``.</doc>
<status status="NOT RUN" start="2026-02-21T23:46:34.583483" elapsed="0.000048"/>
</kw>
<status status="NOT RUN" start="2026-02-21T23:46:34.583278" elapsed="0.000289"/>
</branch>
<status status="PASS" start="2026-02-21T23:46:34.099624" elapsed="0.483968"/>
</if>
<status status="PASS" start="2026-02-21T23:46:34.081359" elapsed="0.502296"/>
</kw>
<status status="PASS" start="2026-02-21T23:46:34.080153" elapsed="0.503538"/>
</kw>
<kw name="Verify Logout Successful" owner="common_keywords">
<kw name="Log Operation" owner="base">
<kw name="Log" owner="BuiltIn">
<msg time="2026-02-21T23:46:34.585527" level="INFO">[Account] Validating logout success</msg>
<arg>${message}</arg>
<doc>Logs the given message with the given level.</doc>
<status status="PASS" start="2026-02-21T23:46:34.585287" elapsed="0.000334"/>
</kw>
<arg>[Account] Validating logout success</arg>
<status status="PASS" start="2026-02-21T23:46:34.585050" elapsed="0.000652"/>
</kw>
<kw name="Logout Should Be Successful" owner="account_page">
<kw name="Log Operation" owner="base">
<kw name="Log" owner="BuiltIn">
<msg time="2026-02-21T23:46:34.586489" level="INFO">[Assert] Logout should terminate session</msg>
<arg>${message}</arg>
<doc>Logs the given message with the given level.</doc>
<status status="PASS" start="2026-02-21T23:46:34.586308" elapsed="0.000216"/>
</kw>
<arg>[Assert] Logout should terminate session</arg>
<status status="PASS" start="2026-02-21T23:46:34.586123" elapsed="0.000451"/>
</kw>
<kw name="Wait Until Keyword Succeeds" owner="BuiltIn">
<kw name="Account Access Should Require Login" owner="account_page">
<kw name="Go To" owner="SeleniumLibrary">
<msg time="2026-02-21T23:46:34.587138" level="INFO">Opening url 'https://tutorialsninja.com/demo/index.php?route=account/account'</msg>
<arg>${ACCOUNT_PAGE_URL}</arg>
<doc>Navigates the current browser window to the provided ``url``.</doc>
<status status="PASS" start="2026-02-21T23:46:34.587052" elapsed="0.265005"/>
</kw>
<kw name="Wait Until Keyword Succeeds" owner="BuiltIn">
<kw name="Validate Access Redirected To Login" owner="account_page">
<kw name="Get Location" owner="SeleniumLibrary">
<msg time="2026-02-21T23:46:34.858245" level="INFO">${location} = https://tutorialsninja.com/demo/index.php?route=account/login</msg>
<var>${location}</var>
<doc>Returns the current browser window URL.</doc>
<status status="PASS" start="2026-02-21T23:46:34.853361" elapsed="0.004929"/>
</kw>
<kw name="Run Keyword And Return Status" owner="BuiltIn">
<kw name="Should Contain" owner="BuiltIn">
<arg>${location}</arg>
<arg>route=account/login</arg>
<doc>Fails if ``container`` does not contain ``item`` one or more times.</doc>
<status status="PASS" start="2026-02-21T23:46:34.858738" elapsed="0.000319"/>
</kw>
<msg time="2026-02-21T23:46:34.859131" level="INFO">${at_login_url} = True</msg>
<var>${at_login_url}</var>
<arg>Should Contain</arg>
<arg>${location}</arg>
<arg>route=account/login</arg>
<doc>Runs the specified keyword and returns the status as a Boolean value.</doc>
<status status="PASS" start="2026-02-21T23:46:34.858445" elapsed="0.000703"/>
</kw>
<kw name="Run Keyword And Return Status" owner="BuiltIn">
<kw name="Page Should Contain" owner="SeleniumLibrary">
<msg time="2026-02-21T23:46:34.874008" level="INFO">Current page contains text 'Returning Customer'.</msg>
<arg>Returning Customer</arg>
<doc>Verifies that current page contains ``text``.</doc>
<status status="PASS" start="2026-02-21T23:46:34.859390" elapsed="0.014724"/>
</kw>
<msg time="2026-02-21T23:46:34.874250" level="INFO">${has_login_prompt} = True</msg>
<var>${has_login_prompt}</var>
<arg>Page Should Contain</arg>
<arg>Returning Customer</arg>
<doc>Runs the specified keyword and returns the status as a Boolean value.</doc>
<status status="PASS" start="2026-02-21T23:46:34.859226" elapsed="0.015048"/>
</kw>
<kw name="Run Keyword And Return Status" owner="BuiltIn">
<kw name="Should Contain" owner="BuiltIn">
<msg time="2026-02-21T23:46:34.876250" level="FAIL">'https://tutorialsninja.com/demo/index.php?route=account/login' does not contain 'route=account/account'</msg>
<arg>${location}</arg>
<arg>route=account/account</arg>
<doc>Fails if ``container`` does not contain ``item`` one or more times.</doc>
<status status="FAIL" start="2026-02-21T23:46:34.874852" elapsed="0.001798">'https://tutorialsninja.com/demo/index.php?route=account/login' does not contain 'route=account/account'</status>
</kw>
<msg time="2026-02-21T23:46:34.876949" level="INFO">${still_account} = False</msg>
<var>${still_account}</var>
<arg>Should Contain</arg>
<arg>${location}</arg>
<arg>route=account/account</arg>
<doc>Runs the specified keyword and returns the status as a Boolean value.</doc>
<status status="PASS" start="2026-02-21T23:46:34.874429" elapsed="0.002560"/>
</kw>
<kw name="Run Keyword If" owner="BuiltIn">
<arg>${still_account}</arg>
<arg>Fail</arg>
<arg>Session is still active.</arg>
<doc>Runs the given keyword with the given arguments, if ``condition`` is true.</doc>
<status status="PASS" start="2026-02-21T23:46:34.877317" elapsed="0.000451"/>
</kw>
<kw name="Run Keyword If" owner="BuiltIn">
<arg>not (${at_login_url} or ${has_login_prompt})</arg>
<arg>Fail</arg>
<arg>Login redirection was not confirmed.</arg>
<doc>Runs the given keyword with the given arguments, if ``condition`` is true.</doc>
<status status="PASS" start="2026-02-21T23:46:34.877921" elapsed="0.000312"/>
</kw>
<status status="PASS" start="2026-02-21T23:46:34.852931" elapsed="0.025365"/>
</kw>
<arg>5x</arg>
<arg>1s</arg>
<arg>Validate Access Redirected To Login</arg>
<doc>Runs the specified keyword and retries if it fails.</doc>
<status status="PASS" start="2026-02-21T23:46:34.852249" elapsed="0.026080"/>
</kw>
<status status="PASS" start="2026-02-21T23:46:34.586901" elapsed="0.291468"/>
</kw>
<arg>5x</arg>
<arg>1s</arg>
<arg>Account Access Should Require Login</arg>
<doc>Runs the specified keyword and retries if it fails.</doc>
<status status="PASS" start="2026-02-21T23:46:34.586644" elapsed="0.291761"/>
</kw>
<status status="PASS" start="2026-02-21T23:46:34.585891" elapsed="0.292553"/>
</kw>
<status status="PASS" start="2026-02-21T23:46:34.584561" elapsed="0.293916"/>
</kw>
<kw name="Verify Session Is Terminated" owner="common_keywords">
<kw name="Log Operation" owner="base">
<kw name="Log" owner="BuiltIn">
<msg time="2026-02-21T23:46:34.880567" level="INFO">[Account] Validating session termination</msg>
<arg>${message}</arg>
<doc>Logs the given message with the given level.</doc>
<status status="PASS" start="2026-02-21T23:46:34.879190" elapsed="0.001432"/>
</kw>
<arg>[Account] Validating session termination</arg>
<status status="PASS" start="2026-02-21T23:46:34.879022" elapsed="0.001673"/>
</kw>
<kw name="Account Access Should Require Login" owner="account_page">
<kw name="Go To" owner="SeleniumLibrary">
<msg time="2026-02-21T23:46:34.881124" level="INFO">Opening url 'https://tutorialsninja.com/demo/index.php?route=account/account'</msg>
<arg>${ACCOUNT_PAGE_URL}</arg>
<doc>Navigates the current browser window to the provided ``url``.</doc>
<status status="PASS" start="2026-02-21T23:46:34.881032" elapsed="0.265762"/>
</kw>
<kw name="Wait Until Keyword Succeeds" owner="BuiltIn">
<kw name="Validate Access Redirected To Login" owner="account_page">
<kw name="Get Location" owner="SeleniumLibrary">
<msg time="2026-02-21T23:46:35.152683" level="INFO">${location} = https://tutorialsninja.com/demo/index.php?route=account/login</msg>
<var>${location}</var>
<doc>Returns the current browser window URL.</doc>
<status status="PASS" start="2026-02-21T23:46:35.148025" elapsed="0.004760"/>
</kw>
<kw name="Run Keyword And Return Status" owner="BuiltIn">
<kw name="Should Contain" owner="BuiltIn">
<arg>${location}</arg>
<arg>route=account/login</arg>
<doc>Fails if ``container`` does not contain ``item`` one or more times.</doc>
<status status="PASS" start="2026-02-21T23:46:35.154342" elapsed="0.000296"/>
</kw>
<msg time="2026-02-21T23:46:35.154732" level="INFO">${at_login_url} = True</msg>
<var>${at_login_url}</var>
<arg>Should Contain</arg>
<arg>${location}</arg>
<arg>route=account/login</arg>
<doc>Runs the specified keyword and returns the status as a Boolean value.</doc>
<status status="PASS" start="2026-02-21T23:46:35.153462" elapsed="0.001292"/>
</kw>
<kw name="Run Keyword And Return Status" owner="BuiltIn">
<kw name="Page Should Contain" owner="SeleniumLibrary">
<msg time="2026-02-21T23:46:35.167868" level="INFO">Current page contains text 'Returning Customer'.</msg>
<arg>Returning Customer</arg>
<doc>Verifies that current page contains ``text``.</doc>
<status status="PASS" start="2026-02-21T23:46:35.155060" elapsed="0.013109"/>
</kw>
<msg time="2026-02-21T23:46:35.168551" level="INFO">${has_login_prompt} = True</msg>
<var>${has_login_prompt}</var>
<arg>Page Should Contain</arg>
<arg>Returning Customer</arg>
<doc>Runs the specified keyword and returns the status as a Boolean value.</doc>
<status status="PASS" start="2026-02-21T23:46:35.154850" elapsed="0.013721"/>
</kw>
<kw name="Run Keyword And Return Status" owner="BuiltIn">
<kw name="Should Contain" owner="BuiltIn">
<msg time="2026-02-21T23:46:35.169278" level="FAIL">'https://tutorialsninja.com/demo/index.php?route=account/login' does not contain 'route=account/account'</msg>
<arg>${location}</arg>
<arg>route=account/account</arg>
<doc>Fails if ``container`` does not contain ``item`` one or more times.</doc>
<status status="FAIL" start="2026-02-21T23:46:35.169006" elapsed="0.000333">'https://tutorialsninja.com/demo/index.php?route=account/login' does not contain 'route=account/account'</status>
</kw>
<msg time="2026-02-21T23:46:35.169417" level="INFO">${still_account} = False</msg>
<var>${still_account}</var>
<arg>Should Contain</arg>
<arg>${location}</arg>
<arg>route=account/account</arg>
<doc>Runs the specified keyword and returns the status as a Boolean value.</doc>
<status status="PASS" start="2026-02-21T23:46:35.168724" elapsed="0.000710"/>
</kw>
<kw name="Run Keyword If" owner="BuiltIn">
<arg>${still_account}</arg>
<arg>Fail</arg>
<arg>Session is still active.</arg>
<doc>Runs the given keyword with the given arguments, if ``condition`` is true.</doc>
<status status="PASS" start="2026-02-21T23:46:35.169520" elapsed="0.000171"/>
</kw>
<kw name="Run Keyword If" owner="BuiltIn">
<arg>not (${at_login_url} or ${has_login_prompt})</arg>
<arg>Fail</arg>
<arg>Login redirection was not confirmed.</arg>
<doc>Runs the given keyword with the given arguments, if ``condition`` is true.</doc>
<status status="PASS" start="2026-02-21T23:46:35.169768" elapsed="0.000206"/>
</kw>
<status status="PASS" start="2026-02-21T23:46:35.147697" elapsed="0.022333"/>
</kw>
<arg>5x</arg>
<arg>1s</arg>
<arg>Validate Access Redirected To Login</arg>
<doc>Runs the specified keyword and retries if it fails.</doc>
<status status="PASS" start="2026-02-21T23:46:35.147152" elapsed="0.022911"/>
</kw>
<status status="PASS" start="2026-02-21T23:46:34.880856" elapsed="0.289246"/>
</kw>
<status status="PASS" start="2026-02-21T23:46:34.878808" elapsed="0.291323"/>
</kw>
<kw name="Close Application" owner="base" type="TEARDOWN">
<if>
<branch type="IF" condition="'${TEST STATUS}' == 'FAIL'">
<kw name="Run Keyword And Ignore Error" owner="BuiltIn">
<arg>Capture Page Screenshot</arg>
<doc>Runs the given keyword with the given arguments and ignores possible error.</doc>
<status status="NOT RUN" start="2026-02-21T23:46:35.170920" elapsed="0.000021"/>
</kw>
<kw name="Set Suite Variable" owner="BuiltIn">
<arg>${SUITE_HAS_FAILURE}</arg>
<arg>${True}</arg>
<doc>Makes a variable available everywhere within the scope of the current suite.</doc>
<status status="NOT RUN" start="2026-02-21T23:46:35.171017" elapsed="0.000025"/>
</kw>
<status status="NOT RUN" start="2026-02-21T23:46:35.170766" elapsed="0.000302"/>
</branch>
<branch type="ELSE">
<kw name="Capture First Pass Screenshot Once" owner="base">
<kw name="Run Keyword And Return Status" owner="BuiltIn">
<kw name="Variable Should Exist" owner="BuiltIn">
<msg time="2026-02-21T23:46:35.172593" level="FAIL">Variable '${SUITE_PASS_SCREENSHOT_PATH}' does not exist.</msg>
<arg>${SUITE_PASS_SCREENSHOT_PATH}</arg>
<doc>Fails unless the given variable exists within the current scope.</doc>
<status status="FAIL" start="2026-02-21T23:46:35.171559" elapsed="0.001139">Variable '${SUITE_PASS_SCREENSHOT_PATH}' does not exist.</status>
</kw>
<msg time="2026-02-21T23:46:35.172797" level="INFO">${already_captured} = False</msg>
<var>${already_captured}</var>
<arg>Variable Should Exist</arg>
<arg>${SUITE_PASS_SCREENSHOT_PATH}</arg>
<doc>Runs the specified keyword and returns the status as a Boolean value.</doc>
<status status="PASS" start="2026-02-21T23:46:35.171360" elapsed="0.001457"/>
</kw>
<if>
<branch type="IF" condition="not ${already_captured}">
<kw name="Capture Page Screenshot" owner="SeleniumLibrary">
<msg time="2026-02-21T23:46:35.271622" level="INFO" html="true">&lt;/td&gt;&lt;/tr&gt;&lt;tr&gt;&lt;td colspan="3"&gt;&lt;a href="reports/selenium-screenshot-1.png"&gt;&lt;img src="reports/selenium-screenshot-1.png" width="800px"&gt;&lt;/a&gt;</msg>
<msg time="2026-02-21T23:46:35.271956" level="INFO">${path} = D:\NGATWIPRO\CapstoneProject\Robot-Ride\reports\selenium-screenshot-1.png</msg>
<var>${path}</var>
<doc>Takes a screenshot of the current page and embeds it into a log file.</doc>
<status status="PASS" start="2026-02-21T23:46:35.173136" elapsed="0.098890"/>
</kw>
<kw name="Set Suite Variable" owner="BuiltIn">
<msg time="2026-02-21T23:46:35.272917" level="INFO">${SUITE_PASS_SCREENSHOT_PATH} = D:\NGATWIPRO\CapstoneProject\Robot-Ride\reports\selenium-screenshot-1.png</msg>
<arg>${SUITE_PASS_SCREENSHOT_PATH}</arg>
<arg>${path}</arg>
<doc>Makes a variable available everywhere within the scope of the current suite.</doc>
<status status="PASS" start="2026-02-21T23:46:35.272247" elapsed="0.000705"/>
</kw>
<status status="PASS" start="2026-02-21T23:46:35.172901" elapsed="0.100091"/>
</branch>
<status status="PASS" start="2026-02-21T23:46:35.172879" elapsed="0.100150"/>
</if>
<status status="PASS" start="2026-02-21T23:46:35.171207" elapsed="0.101863"/>
</kw>
<status status="PASS" start="2026-02-21T23:46:35.171096" elapsed="0.101998"/>
</branch>
<status status="PASS" start="2026-02-21T23:46:35.170746" elapsed="0.102370"/>
</if>
<kw name="Close All Browsers" owner="SeleniumLibrary">
<doc>Closes all open browsers and resets the browser cache.</doc>
<status status="PASS" start="2026-02-21T23:46:35.273191" elapsed="2.239717"/>
</kw>
<status status="PASS" start="2026-02-21T23:46:35.170577" elapsed="2.342597"/>
</kw>
<tag>customer</tag>
<tag>roles</tag>
<status status="PASS" start="2026-02-21T23:46:26.716625" elapsed="10.797102"/>
</test>
<kw name="Finalize Suite Screenshot Policy" owner="base" type="TEARDOWN">
<if>
<branch type="IF" condition="'${SUITE STATUS}' == 'FAIL'">
<kw name="Run Keyword And Return Status" owner="BuiltIn">
<var>${has_pass_screenshot}</var>
<arg>Variable Should Exist</arg>
<arg>${SUITE_PASS_SCREENSHOT_PATH}</arg>
<doc>Runs the specified keyword and returns the status as a Boolean value.</doc>
<status status="NOT RUN" start="2026-02-21T23:46:37.515870" elapsed="0.000053"/>
</kw>
<if>
<branch type="IF" condition="${has_pass_screenshot}">
[...]
</kw>
<status status="PASS" start="2026-02-21T23:48:01.415251" elapsed="0.000554"/>
</kw>
<if>
<branch type="IF" condition="${logout_visible}">
<kw name="Run Keyword And Return Status" owner="BuiltIn">
<kw name="Click With Wait" owner="base">
<kw name="Wait Until Element Is Visible" owner="SeleniumLibrary">
<arg>${locator}</arg>
<doc>Waits until the element ``locator`` is visible.</doc>
<status status="PASS" start="2026-02-21T23:48:01.416583" elapsed="0.009877"/>
</kw>
<kw name="Wait Until Element Is Enabled" owner="SeleniumLibrary">
<arg>${locator}</arg>
<doc>Waits until the element ``locator`` is enabled.</doc>
<status status="PASS" start="2026-02-21T23:48:01.426616" elapsed="0.013614"/>
</kw>
<kw name="Click Element" owner="SeleniumLibrary">
<msg time="2026-02-21T23:48:01.440583" level="INFO">Clicking element 'xpath=//ul[@class='dropdown-menu dropdown-menu-right']//a[text()='Logout']'.</msg>
<arg>${locator}</arg>
<doc>Click the element identified by ``locator``.</doc>
<status status="PASS" start="2026-02-21T23:48:01.440391" elapsed="0.297082"/>
</kw>
<arg>${LOGOUT_LINK}</arg>
<status status="PASS" start="2026-02-21T23:48:01.416402" elapsed="0.321170"/>
</kw>
<msg time="2026-02-21T23:48:01.737663" level="INFO">${clicked_logout} = True</msg>
<var>${clicked_logout}</var>
<arg>Click With Wait</arg>
<arg>${LOGOUT_LINK}</arg>
<doc>Runs the specified keyword and returns the status as a Boolean value.</doc>
<status status="PASS" start="2026-02-21T23:48:01.416151" elapsed="0.321536"/>
</kw>
<if>
<branch type="IF" condition="not ${clicked_logout}">
<kw name="Go To" owner="SeleniumLibrary">
<arg>${LOGOUT_PAGE_URL}</arg>
<doc>Navigates the current browser window to the provided ``url``.</doc>
<status status="NOT RUN" start="2026-02-21T23:48:01.737952" elapsed="0.000024"/>
</kw>
<status status="NOT RUN" start="2026-02-21T23:48:01.737764" elapsed="0.000239"/>
</branch>
<status status="PASS" start="2026-02-21T23:48:01.737743" elapsed="0.000286"/>
</if>
<status status="PASS" start="2026-02-21T23:48:01.415885" elapsed="0.322161"/>
</branch>
<branch type="ELSE">
<kw name="Go To" owner="SeleniumLibrary">
<arg>${LOGOUT_PAGE_URL}</arg>
<doc>Navigates the current browser window to the provided ``url``.</doc>
<status status="NOT RUN" start="2026-02-21T23:48:01.738174" elapsed="0.000052"/>
</kw>
<status status="NOT RUN" start="2026-02-21T23:48:01.738065" elapsed="0.000260"/>
</branch>
<status status="PASS" start="2026-02-21T23:48:01.415862" elapsed="0.322496"/>
</if>
<status status="PASS" start="2026-02-21T23:48:01.271255" elapsed="0.467123"/>
</branch>
<branch type="ELSE">
<kw name="Go To" owner="SeleniumLibrary">
<arg>${LOGOUT_PAGE_URL}</arg>
<doc>Navigates the current browser window to the provided ``url``.</doc>
<status status="NOT RUN" start="2026-02-21T23:48:01.738491" elapsed="0.000018"/>
</kw>
<status status="NOT RUN" start="2026-02-21T23:48:01.738401" elapsed="0.000133"/>
</branch>
<status status="PASS" start="2026-02-21T23:48:01.271233" elapsed="0.467319"/>
</if>
<status status="PASS" start="2026-02-21T23:48:01.253506" elapsed="0.485085"/>
</kw>
<status status="PASS" start="2026-02-21T23:48:01.252326" elapsed="0.486298"/>
</kw>
<kw name="Verify Logout Successful" owner="common_keywords">
<kw name="Log Operation" owner="base">
<kw name="Log" owner="BuiltIn">
<msg time="2026-02-21T23:48:01.739343" level="INFO">[Account] Validating logout success</msg>
<arg>${message}</arg>
<doc>Logs the given message with the given level.</doc>
<status status="PASS" start="2026-02-21T23:48:01.739093" elapsed="0.000396"/>
</kw>
<arg>[Account] Validating logout success</arg>
<status status="PASS" start="2026-02-21T23:48:01.738930" elapsed="0.000627"/>
</kw>
<kw name="Logout Should Be Successful" owner="account_page">
<kw name="Log Operation" owner="base">
<kw name="Log" owner="BuiltIn">
<msg time="2026-02-21T23:48:01.740305" level="INFO">[Assert] Logout should terminate session</msg>
<arg>${message}</arg>
<doc>Logs the given message with the given level.</doc>
<status status="PASS" start="2026-02-21T23:48:01.740111" elapsed="0.000259"/>
</kw>
<arg>[Assert] Logout should terminate session</arg>
<status status="PASS" start="2026-02-21T23:48:01.739869" elapsed="0.000596"/>
</kw>
<kw name="Wait Until Keyword Succeeds" owner="BuiltIn">
<kw name="Account Access Should Require Login" owner="account_page">
<kw name="Go To" owner="SeleniumLibrary">
<msg time="2026-02-21T23:48:01.741263" level="INFO">Opening url 'https://tutorialsninja.com/demo/index.php?route=account/account'</msg>
<arg>${ACCOUNT_PAGE_URL}</arg>
<doc>Navigates the current browser window to the provided ``url``.</doc>
<status status="PASS" start="2026-02-21T23:48:01.741154" elapsed="0.299175"/>
</kw>
<kw name="Wait Until Keyword Succeeds" owner="BuiltIn">
<kw name="Validate Access Redirected To Login" owner="account_page">
<kw name="Get Location" owner="SeleniumLibrary">
<msg time="2026-02-21T23:48:02.048724" level="INFO">${location} = https://tutorialsninja.com/demo/index.php?route=account/login</msg>
<var>${location}</var>
<doc>Returns the current browser window URL.</doc>
<status status="PASS" start="2026-02-21T23:48:02.041494" elapsed="0.007270"/>
</kw>
<kw name="Run Keyword And Return Status" owner="BuiltIn">
<kw name="Should Contain" owner="BuiltIn">
<arg>${location}</arg>
<arg>route=account/login</arg>
<doc>Fails if ``container`` does not contain ``item`` one or more times.</doc>
<status status="PASS" start="2026-02-21T23:48:02.049169" elapsed="0.000252"/>
</kw>
<msg time="2026-02-21T23:48:02.049496" level="INFO">${at_login_url} = True</msg>
<var>${at_login_url}</var>
<arg>Should Contain</arg>
<arg>${location}</arg>
<arg>route=account/login</arg>
<doc>Runs the specified keyword and returns the status as a Boolean value.</doc>
<status status="PASS" start="2026-02-21T23:48:02.048909" elapsed="0.000667"/>
</kw>
<kw name="Run Keyword And Return Status" owner="BuiltIn">
<kw name="Page Should Contain" owner="SeleniumLibrary">
<msg time="2026-02-21T23:48:02.063837" level="INFO">Current page contains text 'Returning Customer'.</msg>
<arg>Returning Customer</arg>
<doc>Verifies that current page contains ``text``.</doc>
<status status="PASS" start="2026-02-21T23:48:02.049856" elapsed="0.014079"/>
</kw>
<msg time="2026-02-21T23:48:02.064063" level="INFO">${has_login_prompt} = True</msg>
<var>${has_login_prompt}</var>
<arg>Page Should Contain</arg>
<arg>Returning Customer</arg>
<doc>Runs the specified keyword and returns the status as a Boolean value.</doc>
<status status="PASS" start="2026-02-21T23:48:02.049676" elapsed="0.014408"/>
</kw>
<kw name="Run Keyword And Return Status" owner="BuiltIn">
<kw name="Should Contain" owner="BuiltIn">
<msg time="2026-02-21T23:48:02.065055" level="FAIL">'https://tutorialsninja.com/demo/index.php?route=account/login' does not contain 'route=account/account'</msg>
<arg>${location}</arg>
<arg>route=account/account</arg>
<doc>Fails if ``container`` does not contain ``item`` one or more times.</doc>
<status status="FAIL" start="2026-02-21T23:48:02.064645" elapsed="0.000472">'https://tutorialsninja.com/demo/index.php?route=account/login' does not contain 'route=account/account'</status>
</kw>
<msg time="2026-02-21T23:48:02.065364" level="INFO">${still_account} = False</msg>
<var>${still_account}</var>
<arg>Should Contain</arg>
<arg>${location}</arg>
<arg>route=account/account</arg>
<doc>Runs the specified keyword and returns the status as a Boolean value.</doc>
<status status="PASS" start="2026-02-21T23:48:02.064221" elapsed="0.002236"/>
</kw>
<kw name="Run Keyword If" owner="BuiltIn">
<arg>${still_account}</arg>
<arg>Fail</arg>
<arg>Session is still active.</arg>
<doc>Runs the given keyword with the given arguments, if ``condition`` is true.</doc>
<status status="PASS" start="2026-02-21T23:48:02.066846" elapsed="0.000472"/>
</kw>
<kw name="Run Keyword If" owner="BuiltIn">
<arg>not (${at_login_url} or ${has_login_prompt})</arg>
<arg>Fail</arg>
<arg>Login redirection was not confirmed.</arg>
<doc>Runs the given keyword with the given arguments, if ``condition`` is true.</doc>
<status status="PASS" start="2026-02-21T23:48:02.067478" elapsed="0.000385"/>
</kw>
<status status="PASS" start="2026-02-21T23:48:02.041147" elapsed="0.026835"/>
</kw>
<arg>5x</arg>
<arg>1s</arg>
<arg>Validate Access Redirected To Login</arg>
<doc>Runs the specified keyword and retries if it fails.</doc>
<status status="PASS" start="2026-02-21T23:48:02.040576" elapsed="0.027472"/>
</kw>
<status status="PASS" start="2026-02-21T23:48:01.740954" elapsed="0.327167"/>
</kw>
<arg>5x</arg>
<arg>1s</arg>
<arg>Account Access Should Require Login</arg>
<doc>Runs the specified keyword and retries if it fails.</doc>
<status status="PASS" start="2026-02-21T23:48:01.740585" elapsed="0.327588"/>
</kw>
<status status="PASS" start="2026-02-21T23:48:01.739678" elapsed="0.328679"/>
</kw>
<status status="PASS" start="2026-02-21T23:48:01.738726" elapsed="0.329704"/>
</kw>
<kw name="Verify Session Is Terminated" owner="common_keywords">
<kw name="Log Operation" owner="base">
<kw name="Log" owner="BuiltIn">
<msg time="2026-02-21T23:48:02.069605" level="INFO">[Account] Validating session termination</msg>
<arg>${message}</arg>
<doc>Logs the given message with the given level.</doc>
<status status="PASS" start="2026-02-21T23:48:02.069340" elapsed="0.000320"/>
</kw>
<arg>[Account] Validating session termination</arg>
<status status="PASS" start="2026-02-21T23:48:02.069089" elapsed="0.000642"/>
</kw>
<kw name="Account Access Should Require Login" owner="account_page">
<kw name="Go To" owner="SeleniumLibrary">
<msg time="2026-02-21T23:48:02.070228" level="INFO">Opening url 'https://tutorialsninja.com/demo/index.php?route=account/account'</msg>
<arg>${ACCOUNT_PAGE_URL}</arg>
<doc>Navigates the current browser window to the provided ``url``.</doc>
<status status="PASS" start="2026-02-21T23:48:02.070105" elapsed="0.264790"/>
</kw>
<kw name="Wait Until Keyword Succeeds" owner="BuiltIn">
<kw name="Validate Access Redirected To Login" owner="account_page">
<kw name="Get Location" owner="SeleniumLibrary">
<msg time="2026-02-21T23:48:02.340976" level="INFO">${location} = https://tutorialsninja.com/demo/index.php?route=account/login</msg>
<var>${location}</var>
<doc>Returns the current browser window URL.</doc>
<status status="PASS" start="2026-02-21T23:48:02.335710" elapsed="0.005304"/>
</kw>
<kw name="Run Keyword And Return Status" owner="BuiltIn">
<kw name="Should Contain" owner="BuiltIn">
<arg>${location}</arg>
<arg>route=account/login</arg>
<doc>Fails if ``container`` does not contain ``item`` one or more times.</doc>
<status status="PASS" start="2026-02-21T23:48:02.341505" elapsed="0.000256"/>
</kw>
<msg time="2026-02-21T23:48:02.341866" level="INFO">${at_login_url} = True</msg>
<var>${at_login_url}</var>
<arg>Should Contain</arg>
<arg>${location}</arg>
<arg>route=account/login</arg>
<doc>Runs the specified keyword and returns the status as a Boolean value.</doc>
<status status="PASS" start="2026-02-21T23:48:02.341217" elapsed="0.000674"/>
</kw>
<kw name="Run Keyword And Return Status" owner="BuiltIn">
<kw name="Page Should Contain" owner="SeleniumLibrary">
<msg time="2026-02-21T23:48:02.353181" level="INFO">Current page contains text 'Returning Customer'.</msg>
<arg>Returning Customer</arg>
<doc>Verifies that current page contains ``text``.</doc>
<status status="PASS" start="2026-02-21T23:48:02.342201" elapsed="0.011068"/>
</kw>
<msg time="2026-02-21T23:48:02.353386" level="INFO">${has_login_prompt} = True</msg>
<var>${has_login_prompt}</var>
<arg>Page Should Contain</arg>
<arg>Returning Customer</arg>
<doc>Runs the specified keyword and returns the status as a Boolean value.</doc>
<status status="PASS" start="2026-02-21T23:48:02.341995" elapsed="0.011412"/>
</kw>
<kw name="Run Keyword And Return Status" owner="BuiltIn">
<kw name="Should Contain" owner="BuiltIn">
<msg time="2026-02-21T23:48:02.354026" level="FAIL">'https://tutorialsninja.com/demo/index.php?route=account/login' does not contain 'route=account/account'</msg>
<arg>${location}</arg>
<arg>route=account/account</arg>
<doc>Fails if ``container`` does not contain ``item`` one or more times.</doc>
<status status="FAIL" start="2026-02-21T23:48:02.353784" elapsed="0.000295">'https://tutorialsninja.com/demo/index.php?route=account/login' does not contain 'route=account/account'</status>
</kw>
<msg time="2026-02-21T23:48:02.354153" level="INFO">${still_account} = False</msg>
<var>${still_account}</var>
<arg>Should Contain</arg>
<arg>${location}</arg>
<arg>route=account/account</arg>
<doc>Runs the specified keyword and returns the status as a Boolean value.</doc>
<status status="PASS" start="2026-02-21T23:48:02.353531" elapsed="0.000639"/>
</kw>
<kw name="Run Keyword If" owner="BuiltIn">
<arg>${still_account}</arg>
<arg>Fail</arg>
<arg>Session is still active.</arg>
<doc>Runs the given keyword with the given arguments, if ``condition`` is true.</doc>
<status status="PASS" start="2026-02-21T23:48:02.354248" elapsed="0.000159"/>
</kw>
<kw name="Run Keyword If" owner="BuiltIn">
<arg>not (${at_login_url} or ${has_login_prompt})</arg>
<arg>Fail</arg>
<arg>Login redirection was not confirmed.</arg>
<doc>Runs the given keyword with the given arguments, if ``condition`` is true.</doc>
<status status="PASS" start="2026-02-21T23:48:02.354485" elapsed="0.000237"/>
</kw>
<status status="PASS" start="2026-02-21T23:48:02.335503" elapsed="0.019275"/>
</kw>
<arg>5x</arg>
<arg>1s</arg>
<arg>Validate Access Redirected To Login</arg>
<doc>Runs the specified keyword and retries if it fails.</doc>
<status status="PASS" start="2026-02-21T23:48:02.335119" elapsed="0.019691"/>
</kw>
<status status="PASS" start="2026-02-21T23:48:02.069857" elapsed="0.285054"/>
</kw>
<status status="PASS" start="2026-02-21T23:48:02.068657" elapsed="0.286287"/>
</kw>
<arg>Aaryan</arg>
<arg>Kumar</arg>
<arg>9700000002</arg>
<arg>Password123</arg>
<status status="PASS" start="2026-02-21T23:47:59.951873" elapsed="2.403104"/>
</kw>
<kw name="Close Application" owner="base" type="TEARDOWN">
<if>
<branch type="IF" condition="'${TEST STATUS}' == 'FAIL'">
<kw name="Run Keyword And Ignore Error" owner="BuiltIn">
<arg>Capture Page Screenshot</arg>
<doc>Runs the given keyword with the given arguments and ignores possible error.</doc>
<status status="NOT RUN" start="2026-02-21T23:48:02.355737" elapsed="0.000022"/>
</kw>
<kw name="Set Suite Variable" owner="BuiltIn">
<arg>${SUITE_HAS_FAILURE}</arg>
<arg>${True}</arg>
<doc>Makes a variable available everywhere within the scope of the current suite.</doc>
<status status="NOT RUN" start="2026-02-21T23:48:02.355836" elapsed="0.000017"/>
</kw>
<status status="NOT RUN" start="2026-02-21T23:48:02.355593" elapsed="0.000288"/>
</branch>
<branch type="ELSE">
<kw name="Capture First Pass Screenshot Once" owner="base">
<kw name="Run Keyword And Return Status" owner="BuiltIn">
<kw name="Variable Should Exist" owner="BuiltIn">
<arg>${SUITE_PASS_SCREENSHOT_PATH}</arg>
<doc>Fails unless the given variable exists within the current scope.</doc>
<status status="PASS" start="2026-02-21T23:48:02.356377" elapsed="0.000155"/>
</kw>
<msg time="2026-02-21T23:48:02.356593" level="INFO">${already_captured} = True</msg>
<var>${already_captured}</var>
<arg>Variable Should Exist</arg>
<arg>${SUITE_PASS_SCREENSHOT_PATH}</arg>
<doc>Runs the specified keyword and returns the status as a Boolean value.</doc>
<status status="PASS" start="2026-02-21T23:48:02.356185" elapsed="0.000427"/>
</kw>
<if>
<branch type="IF" condition="not ${already_captured}">
<kw name="Capture Page Screenshot" owner="SeleniumLibrary">
<var>${path}</var>
<doc>Takes a screenshot of the current page and embeds it into a log file.</doc>
<status status="NOT RUN" start="2026-02-21T23:48:02.356925" elapsed="0.000045"/>
</kw>
<kw name="Set Suite Variable" owner="BuiltIn">
<arg>${SUITE_PASS_SCREENSHOT_PATH}</arg>
<arg>${path}</arg>
<doc>Makes a variable available everywhere within the scope of the current suite.</doc>
<status status="NOT RUN" start="2026-02-21T23:48:02.357071" elapsed="0.000020"/>
</kw>
<status status="NOT RUN" start="2026-02-21T23:48:02.356664" elapsed="0.000455"/>
</branch>
<status status="PASS" start="2026-02-21T23:48:02.356653" elapsed="0.000496"/>
</if>
<status status="PASS" start="2026-02-21T23:48:02.356019" elapsed="0.001171"/>
</kw>
<status status="PASS" start="2026-02-21T23:48:02.355909" elapsed="0.001307"/>
</branch>
<status status="PASS" start="2026-02-21T23:48:02.355576" elapsed="0.001661"/>
</if>
<kw name="Close All Browsers" owner="SeleniumLibrary">
<doc>Closes all open browsers and resets the browser cache.</doc>
<status status="PASS" start="2026-02-21T23:48:02.357297" elapsed="2.192405"/>
</kw>
<status status="PASS" start="2026-02-21T23:48:02.355406" elapsed="2.194578"/>
</kw>
<tag>modular</tag>
<tag>scenario5</tag>
<status status="PASS" start="2026-02-21T23:47:58.031909" elapsed="6.518798"/>
</test>
<kw name="Finalize Suite Screenshot Policy" owner="base" type="TEARDOWN">
<if>
<branch type="IF" condition="'${SUITE STATUS}' == 'FAIL'">
<kw name="Run Keyword And Return Status" owner="BuiltIn">
<var>${has_pass_screenshot}</var>
<arg>Variable Should Exist</arg>
<arg>${SUITE_PASS_SCREENSHOT_PATH}</arg>
<doc>Runs the specified keyword and returns the status as a Boolean value.</doc>
<status status="NOT RUN" start="2026-02-21T23:48:04.553803" elapsed="0.000054"/>
</kw>
<if>
<branch type="IF" condition="${has_pass_screenshot}">
<kw name="Run Keyword And Ignore Error" owner="BuiltIn">
<arg>Remove File</arg>
<arg>${SUITE_PASS_SCREENSHOT_PATH}</arg>
<doc>Runs the given keyword with the given arguments and ignores possible error.</doc>
<status status="NOT RUN" start="2026-02-21T23:48:04.554196" elapsed="0.000048"/>
</kw>
<status status="NOT RUN" start="2026-02-21T23:48:04.554023" elapsed="0.000293"/>
</branch>
<status status="NOT RUN" start="2026-02-21T23:48:04.553995" elapsed="0.000386"/>
</if>
<status status="NOT RUN" start="2026-02-21T23:48:04.553410" elapsed="0.001010"/>
</branch>
<status status="PASS" start="2026-02-21T23:48:04.553369" elapsed="0.001097"/>
</if>
<status status="PASS" start="2026-02-21T23:48:04.553095" elapsed="0.001451"/>
</kw>
<status status="PASS" start="2026-02-21T23:47:51.315109" elapsed="13.239494"/>
</suite>
<status status="PASS" start="2026-02-21T23:46:26.490418" elapsed="98.065889"/>
</suite>
<status status="PASS" start="2026-02-21T23:46:26.457833" elapsed="98.100470"/>
</suite>
<statistics>
<total>
<stat pass="11" fail="0" skip="0">All Tests</stat>
</total>
<tag>
<stat pass="1" fail="0" skip="0">customer</stat>
<stat pass="10" fail="0" skip="0">modular</stat>
<stat pass="1" fail="0" skip="0">roles</stat>
<stat pass="2" fail="0" skip="0">scenario1</stat>
<stat pass="2" fail="0" skip="0">scenario2</stat>
<stat pass="2" fail="0" skip="0">scenario3</stat>
<stat pass="2" fail="0" skip="0">scenario4</stat>
<stat pass="2" fail="0" skip="0">scenario5</stat>
</tag>
<suite>
<stat name="Robot-Ride" id="s1" pass="11" fail="0" skip="0">Robot-Ride</stat>
<stat name="Tests" id="s1-s1" pass="11" fail="0" skip="0">Robot-Ride.Tests</stat>
<stat name="Role Coverage" id="s1-s1-s1" pass="1" fail="0" skip="0">Robot-Ride.Tests.Role Coverage</stat>
<stat name="Scenario 1 Registration Login" id="s1-s1-s2" pass="2" fail="0" skip="0">Robot-Ride.Tests.Scenario 1 Registration Login</stat>
<stat name="Scenario 2 Product Search Details" id="s1-s1-s3" pass="2" fail="0" skip="0">Robot-Ride.Tests.Scenario 2 Product Search Details</stat>
<stat name="Scenario 3 Add To Cart" id="s1-s1-s4" pass="2" fail="0" skip="0">Robot-Ride.Tests.Scenario 3 Add To Cart</stat>
<stat name="Scenario 4 Update Remove Cart" id="s1-s1-s5" pass="2" fail="0" skip="0">Robot-Ride.Tests.Scenario 4 Update Remove Cart</stat>
<stat name="Scenario 5 Logout Session Validation" id="s1-s1-s6" pass="2" fail="0" skip="0">Robot-Ride.Tests.Scenario 5 Logout Session Validation</stat>
</suite>
</statistics>
<errors>
</errors>
</robot>
